evid,date_time,evt_lat,evt_lon,evt_dep,evt_mag,channel,nslc,stla,stlo,stel,phase,tdelay,tderr,ccmx,ttaup,tp_obs,tp_syn,Ap_obs,Ap_syn,dist,az,baz,mid_lat,mid_lon
C200801010632A,2008-01-01T06:32:32.700000Z,40.34,72.9,19.5,5.58,T,IU_DAV.00.LHT,7.07,125.579,149.0,SSS,5.7,2.4,0.81,1440.97,1464.02,1456.21,3.3e-06,2.42e-06,57.425,110.388,313.87,26.087,102.939
C200801010632A,2008-01-01T06:32:32.700000Z,40.34,72.9,19.5,5.58,T,IU_KIEV.00.LHT,50.701,29.224,140.0,sScSScS,4.4,2.2,0.85,1921.19,1942.04,1935.21,2.32e-07,8.18e-07,31.857,303.791,91.751,47.64,53.174
C200801010632A,2008-01-01T06:32:32.700000Z,40.34,72.9,19.5,5.58,T,IU_PET.00.LHT,53.023,158.65,105.0,SS,-5.4,1.4,0.85,1283.77,1287.01,1298.21,1.43e-07,2.99e-07,56.71,45.985,294.404,55.221,109.548
C200801010632A,2008-01-01T06:32:32.700000Z,40.34,72.9,19.5,5.58,T,IU_ULN.00.LHT,47.865,107.053,1610.0,ScS,11.3,1.95,0.88,985.12,989.04,984.21,2.29e-06,2.44e-06,25.48,61.395,265.582,45.394,88.859
C200801011855A,2008-01-01T18:55:08.900000Z,-5.95,146.94,51.2,6.29,T,IU_JOHN.00.LHT,16.733,-169.529,2.5,S,14.8,2.1,0.92,937.48,960.66,951.23,3.66e-06,6.11e-06,48.634,61.64,246.024,5.808,168.275
C200801011855A,2008-01-01T18:55:08.900000Z,-5.95,146.94,51.2,6.29,T,IU_KBS.00.LHT,78.915,11.938,87.0,SSS,12.45,1.65,0.86,2211.65,2228.04,2222.23,8.7e-07,2.52e-06,103.66,351.936,46.331,45.449,137.925
C200801011855A,2008-01-01T18:55:08.900000Z,-5.95,146.94,51.2,6.29,T,IU_KEV.00.LHT,69.756,27.004,85.0,SS,-22.6,2.25,0.8,2002.1,1993.04,2015.23,3.29e-07,3.29e-06,105.577,341.822,63.397,43.818,126.862
C200801040729A,2008-01-04T07:29:22.900000Z,-3.09,100.69,46.1,6.01,T,IU_BBSR.00.LHT,32.371,-64.696,-1.3,sSSS,-0.75,2.0,0.82,2884.64,2901.01,2893.28,4.52e-07,1.98e-06,147.724,336.724,27.824,60.159,51.21
C200801040729A,2008-01-04T07:29:22.900000Z,-3.09,100.69,46.1,6.01,T,IU_BBSR.00.LHT,32.371,-64.696,-1.3,sScSScSScS,-7.45,2.5,0.91,3382.86,3397.01,3401.28,4.85e-07,7.79e-07,147.724,336.724,27.824,60.159,51.21
C200801040729A,2008-01-04T07:29:22.900000Z,-3.09,100.69,46.1,6.01,T,IU_DAV.00.LHT,7.07,125.579,149.0,sS,1.4,1.9,0.88,631.15,646.03,639.28,6.32e-06,3.19e-06,26.843,67.818,248.7,2.038,113.096
C200801040729A,2008-01-04T07:29:22.900000Z,-3.09,100.69,46.1,6.01,T,IU_LCO.00.LHT,-29.011,-70.7,2300.0,SS,3.15,1.2,0.82,2519.7,2525.05,2524.28,8e-07,1.24e-06,146.918,193.718,164.302,-71.05,56.467
C200801040729A,2008-01-04T07:29:22.900000Z,-3.09,100.69,46.1,6.01,T,IU_LSZ.00.LHT,-15.278,28.188,1200.0,S,3.95,0.2,0.99,1241.92,1247.04,1242.28,1.29e-06,1.66e-06,72.387,254.999,88.438,-11.354,65.16
C200801040729A,2008-01-04T07:29:22.900000Z,-3.09,100.69,46.1,6.01,T,IU_YAK.00.LHT,62.031,129.68,96.0,sSSS,24.75,1.6,0.86,1681.65,1703.02,1689.28,7.59e-07,5.04e-06,68.627,14.183,211.354,30.239,109.87
C200801050156A,2008-01-05T01:56:44.400000Z,13.99,-92.04,45.9,5.62,T,IU_ANMO.00.LHT,34.946,-106.457,1671.0,S,16.35,2.05,0.87,574.7,590.95,580.29,1.54e-06,3.47e-06,24.603,330.574,144.474,24.647,-98.642
C200801050156A,2008-01-05T01:56:44.400000Z,13.99,-92.04,45.9,5.62,T,IU_DWPF.00.LHT,28.11,-81.433,-132.0,sScS,-2.25,0.7,0.96,973.59,977.03,981.29,5.79e-07,9.65e-07,17.182,33.411,217.26,21.136,-86.989
C200801050156A,2008-01-05T01:56:44.400000Z,13.99,-92.04,45.9,5.62,T,IU_KIP.00.LHT,21.42,-158.011,77.0,sSS,14.35,0.7,0.9,1397.15,1422.01,1402.29,7.95e-08,2.41e-07,62.948,287.139,84.746,20.856,-124.259
B200801050729A,2008-01-05T07:29:35.900000Z,-22.87,-68.88,117.3,5.7,T,IU_CTAO.00.LHT,-20.088,146.254,320.0,ScSScSScS,21.55,1.85,0.83,3198.36,3176.05,3180.28,1.23e-07,6.5e-07,125.199,221.17,139.767,-52.693,-143.04
B200801050729A,2008-01-05T07:29:35.900000Z,-22.87,-68.88,117.3,5.7,T,IU_KIP.00.LHT,21.42,-158.011,77.0,sSS,7.95,1.4,0.95,1924.51,1935.01,1927.28,2.85e-07,7.4e-07,97.404,290.022,111.567,-1.021,-113.735
B200801050729A,2008-01-05T07:29:35.900000Z,-22.87,-68.88,117.3,5.7,T,IU_KONO.00.LHT,59.649,9.598,-124.0,SS,2.1,1.9,0.84,1966.58,1972.04,1970.28,2.24e-07,4.1e-07,103.873,30.789,248.675,22.779,-43.016
B200801050729A,2008-01-05T07:29:35.900000Z,-22.87,-68.88,117.3,5.7,T,IU_MAJO.00.LHT,36.546,138.204,405.0,sScSScS,7.0,0.5,0.99,2684.26,2698.02,2691.28,1.02e-07,5.17e-07,152.981,306.686,66.793,26.586,-129.371
B200801050729A,2008-01-05T07:29:35.900000Z,-22.87,-68.88,117.3,5.7,T,IU_OTAV.00.LHT,0.238,-78.451,3495.0,sScS,-21.85,1.65,0.89,1016.08,1002.01,1019.28,1.21e-06,9.75e-07,24.81,336.626,158.548,-11.359,-73.861
B200801050729A,2008-01-05T07:29:35.900000Z,-22.87,-68.88,117.3,5.7,T,IU_OTAV.00.LHT,0.238,-78.451,3495.0,ScSScS,3.45,1.6,0.94,1869.94,1886.01,1877.28,3.18e-07,3.87e-07,24.81,336.626,158.548,-11.359,-73.861
B200801050729A,2008-01-05T07:29:35.900000Z,-22.87,-68.88,117.3,5.7,T,IU_PET.00.LHT,53.023,158.65,105.0,sSSS,-14.45,2.55,0.82,2689.31,2690.01,2694.28,1.7e-07,8.36e-07,133.175,322.497,68.6,31.325,-109.603
B200801050729A,2008-01-05T07:29:35.900000Z,-22.87,-68.88,117.3,5.7,T,IU_SBA.00.LHT,-77.849,166.757,48.0,sSS,3.05,0.65,0.96,1586.32,1591.01,1587.28,2.97e-07,4.86e-07,74.408,190.421,127.847,-59.08,-81.126
B200801050729A,2008-01-05T07:29:35.900000Z,-22.87,-68.88,117.3,5.7,T,IU_TRQA.00.LHT,-38.057,-61.979,439.0,sScS,-3.85,0.95,0.9,986.76,982.02,993.28,5.71e-07,8.13e-07,16.259,160.201,336.668,-30.513,-65.699
C200801051039A,2008-01-05T10:39:16.400000Z,50.94,-131.04,12.0,5.67,T,IU_BBSR.00.LHT,32.371,-64.696,-1.3,S,-4.95,1.2,0.99,980.7,983.03,989.25,3.85e-07,8.86e-07,51.109,84.448,311.981,46.64,-92.456
C200801051039A,2008-01-05T10:39:16.400000Z,50.94,-131.04,12.0,5.67,T,IU_CASY.00.LHT,-66.279,110.535,5.0,SS,4.25,2.0,0.89,2518.56,2530.02,2522.25,1.04e-07,6.72e-07,146.1,219.611,86.277,-13.993,-169.902
C200801051039A,2008-01-05T10:39:16.400000Z,50.94,-131.04,12.0,5.67,T,IU_CASY.00.LHT,-66.279,110.535,5.0,SSS,8.85,2.8,0.86,2847.62,2867.02,2854.25,7.28e-08,7.8e-07,146.1,219.611,86.277,-13.993,-169.902
C200801051039A,2008-01-05T10:39:16.400000Z,50.94,-131.04,12.0,5.67,T,IU_CTAO.00.LHT,-20.088,146.254,320.0,SS,5.25,2.1,0.87,1946.8,1953.05,1952.25,2.43e-07,7.65e-07,100.932,251.821,39.68,20.002,177.797
C200801051039A,2008-01-05T10:39:16.400000Z,50.94,-131.04,12.0,5.67,T,IU_INCN.00.LHT,37.478,126.624,79.0,S,0.75,0.95,0.99,1207.43,1215.02,1215.25,3.08e-07,7.32e-07,68.73,303.641,41.42,56.971,169.698
C200801051039A,2008-01-05T10:39:16.400000Z,50.94,-131.04,12.0,5.67,T,IU_KBL.00.LHT,34.541,69.043,1913.0,SS,3.05,1.95,0.88,1833.76,1838.0,1841.25,2.04e-07,7.41e-07,92.927,343.575,12.504,76.766,112.126
C200801051039A,2008-01-05T10:39:16.400000Z,50.94,-131.04,12.0,5.67,T,IU_KIP.00.LHT,21.42,-158.011,77.0,S,8.0,1.65,0.94,763.68,776.01,767.25,9.78e-07,1.39e-06,36.235,225.669,29.009,36.938,-147.161
C200801051039A,2008-01-05T10:39:16.400000Z,50.94,-131.04,12.0,5.67,T,IU_LSZ.00.LHT,-15.278,28.188,1200.0,SS,-2.35,1.85,0.93,2455.39,2459.04,2460.25,2.2e-07,5.87e-07,140.62,32.438,339.451,49.848,-2.522
C200801051039A,2008-01-05T10:39:16.400000Z,50.94,-131.04,12.0,5.67,T,IU_LVC.00.LHT,-22.613,-68.911,2930.0,SS,8.8,1.4,0.93,1811.08,1831.02,1816.25,2.02e-07,7.29e-07,91.35,125.123,326.001,16.386,-93.51
C200801051039A,2008-01-05T10:39:16.400000Z,50.94,-131.04,12.0,5.67,T,IU_NWAO.00.LHT,-32.928,117.239,275.0,SS,-1.35,1.0,0.92,2304.1,2303.01,2309.25,1.38e-07,5.94e-07,128.065,262.798,48.209,15.568,161.244
C200801051039A,2008-01-05T10:39:16.400000Z,50.94,-131.04,12.0,5.67,T,IU_PET.00.LHT,53.023,158.65,105.0,S,0.1,1.8,0.94,846.08,853.69,853.25,7.53e-07,1.05e-06,41.714,301.422,63.364,57.422,-165.259
C200801051039A,2008-01-05T10:39:16.400000Z,50.94,-131.04,12.0,5.67,T,IU_SJG.00.LHT,18.109,-66.15,420.0,SSS,-16.0,0.15,0.8,1506.68,1495.01,1513.25,5.87e-07,1.32e-06,60.348,97.648,318.838,38.998,-91.28
C200801051039A,2008-01-05T10:39:16.400000Z,50.94,-131.04,12.0,5.67,T,IU_TRQA.00.LHT,-38.057,-61.979,439.0,SS,5.0,2.0,0.92,2034.59,2040.02,2040.25,1.02e-07,7.03e-07,107.321,129.382,321.755,7.827,-92.152
C200801051039A,2008-01-05T10:39:16.400000Z,50.94,-131.04,12.0,5.67,T,IU_YAK.00.LHT,62.031,129.68,96.0,S,1.3,1.55,0.98,972.45,980.02,978.25,9.88e-07,1.41e-06,50.514,323.032,53.853,66.498,-170.91
C200801051039A,2008-01-05T10:39:16.400000Z,50.94,-131.04,12.0,5.67,T,IU_YSS.00.LHT,46.959,142.76,148.0,S,1.25,0.95,0.99,1014.51,1022.04,1021.25,5.34e-07,9.47e-07,53.576,302.009,51.542,57.552,-176.273
C200801051101A,2008-01-05T11:01:11.400000Z,51.11,-131.24,12.0,6.59,T,IU_ADK.00.LHT,51.882,-176.684,130.0,ScSScSScS,7.75,1.6,0.94,2826.05,2830.01,2815.26,4.28e-06,2.35e-05,27.927,289.622,73.331,53.734,-153.759
C200801051101A,2008-01-05T11:01:11.400000Z,51.11,-131.24,12.0,6.59,T,IU_ANMO.00.LHT,34.946,-106.457,1671.0,ScSScSScS,8.6,1.75,0.92,2820.21,2837.02,2828.26,5.49e-06,1.65e-05,24.092,122.486,319.708,43.698,-117.186
C200801051101A,2008-01-05T11:01:11.400000Z,51.11,-131.24,12.0,6.59,T,IU_BILL.00.LHT,68.065,166.453,320.0,S,4.45,2.2,0.93,727.89,737.05,732.26,2.32e-05,3.21e-05,33.905,323.48,87.891,63.07,-153.68
C200801051101A,2008-01-05T11:01:11.400000Z,51.11,-131.24,12.0,6.59,T,IU_BILL.00.LHT,68.065,166.453,320.0,ScSScS,16.8,2.65,0.9,1917.62,1917.05,1922.26,5.71e-06,3.8e-05,33.905,323.48,87.891,63.07,-153.68
C200801051101A,2008-01-05T11:01:11.400000Z,51.11,-131.24,12.0,6.59,T,IU_CASY.00.LHT,-66.279,110.535,5.0,SSS,9.6,0.55,0.94,2848.33,2867.02,2856.26,1.23e-06,1.54e-05,146.151,219.763,85.906,-13.823,-170.224
C200801051101A,2008-01-05T11:01:11.400000Z,51.11,-131.24,12.0,6.59,T,IU_CHTO.00.LHT,18.814,98.944,420.0,SS,3.6,2.2,0.93,1900.08,1911.0,1909.26,5.45e-06,1.83e-05,97.595,312.929,29.108,56.65,140.524
C200801051101A,2008-01-05T11:01:11.400000Z,51.11,-131.24,12.0,6.59,T,IU_GRFO.00.LHT,49.691,11.22,384.0,S,-0.55,2.2,0.84,1273.65,1283.67,1278.26,4.5e-06,7.37e-06,74.473,24.166,336.588,75.104,-57.494
C200801051101A,2008-01-05T11:01:11.400000Z,51.11,-131.24,12.0,6.59,T,IU_HNR.00.LHT,-9.439,159.948,99.0,SS,7.25,1.8,0.91,1709.58,1716.65,1715.26,4.63e-06,1.79e-05,84.389,247.686,36.152,24.592,-174.27
C200801051101A,2008-01-05T11:01:11.400000Z,51.11,-131.24,12.0,6.59,T,IU_INCN.00.LHT,37.478,126.624,79.0,S,1.6,0.8,0.99,1205.06,1213.02,1213.26,5.37e-06,1.57e-05,68.531,303.457,41.343,56.985,169.501
C200801051101A,2008-01-05T11:01:11.400000Z,51.11,-131.24,12.0,6.59,T,IU_KEV.00.LHT,69.756,27.004,85.0,ScSScS,8.4,0.65,0.96,2010.68,2027.01,2017.26,2.66e-05,0.000125,58.294,8.693,344.098,79.069,-108.495
C200801051101A,2008-01-05T11:01:11.400000Z,51.11,-131.24,12.0,6.59,T,IU_KIP.00.LHT,21.42,-158.011,77.0,S,8.45,0.7,0.97,764.13,777.01,768.26,1.49e-05,2.86e-05,36.265,225.228,28.655,37.013,-147.265
C200801051101A,2008-01-05T11:01:11.400000Z,51.11,-131.24,12.0,6.59,T,IU_MAJO.00.LHT,36.546,138.204,405.0,S,1.0,1.25,0.92,1135.78,1140.02,1142.26,6.4e-06,1.38e-05,62.861,295.358,44.974,53.583,176.442
C200801051101A,2008-01-05T11:01:11.400000Z,51.11,-131.24,12.0,6.59,T,IU_MIDW.00.LHT,28.216,-177.37,17.0,S,5.15,1.75,0.97,840.55,851.05,844.26,1.37e-05,3.13e-05,41.34,254.408,43.405,41.972,-158.38
C200801051101A,2008-01-05T11:01:11.400000Z,51.11,-131.24,12.0,6.59,T,IU_NWAO.00.LHT,-32.928,117.239,275.0,SSS,1.3,1.15,0.86,2586.25,2599.01,2596.26,2.41e-06,9.74e-06,127.961,262.787,47.974,15.666,161.043
C200801051101A,2008-01-05T11:01:11.400000Z,51.11,-131.24,12.0,6.59,T,IU_PET.00.LHT,53.023,158.65,105.0,S,0.9,1.2,0.97,843.18,851.01,850.26,1.63e-05,2.2e-05,41.517,301.177,63.244,57.47,-165.436
C200801051101A,2008-01-05T11:01:11.400000Z,51.11,-131.24,12.0,6.59,T,IU_POHA.00.LHT,19.757,-155.533,1989.0,S,6.65,0.7,0.97,770.41,783.01,774.26,1.43e-05,2.66e-05,36.676,220.478,25.706,36.046,-145.838
C200801051101A,2008-01-05T11:01:11.400000Z,51.11,-131.24,12.0,6.59,T,IU_RAO.00.LHT,-29.245,-177.929,59.5,SS,6.95,2.25,0.85,1791.78,1800.16,1801.26,5.34e-06,1.85e-05,90.013,219.544,27.302,11.906,-158.601
C200801051101A,2008-01-05T11:01:11.400000Z,51.11,-131.24,12.0,6.59,T,IU_RAO.00.LHT,-29.245,-177.929,59.5,ScSScS,-13.5,1.5,0.92,2187.99,2200.16,2211.26,7.98e-06,5.25e-05,90.013,219.544,27.302,11.906,-158.601
C200801051101A,2008-01-05T11:01:11.400000Z,51.11,-131.24,12.0,6.59,T,IU_RAR.00.LHT,-21.212,-159.773,28.0,SS,6.7,1.5,0.84,1588.76,1608.02,1597.26,1.97e-06,9.76e-06,76.301,207.347,18.051,15.438,-148.338
C200801051101A,2008-01-05T11:01:11.400000Z,51.11,-131.24,12.0,6.59,T,IU_SFJD.00.LHT,66.996,-50.621,330.0,S,-1.2,1.55,0.98,835.23,837.04,839.26,9.65e-06,2.19e-05,40.982,36.148,288.757,65.026,-102.08
C200801051101A,2008-01-05T11:01:11.400000Z,51.11,-131.24,12.0,6.59,T,IU_TARA.00.LHT,1.355,172.923,19.0,S,3.9,3.05,0.87,1200.77,1209.01,1205.26,1.26e-05,2.42e-05,68.171,243.111,34.142,29.029,-166.037
C200801051101A,2008-01-05T11:01:11.400000Z,51.11,-131.24,12.0,6.59,T,IU_TARA.00.LHT,1.355,172.923,19.0,SS,5.85,1.9,0.89,1464.51,1470.01,1471.26,5.24e-06,1.39e-05,68.171,243.111,34.142,29.029,-166.037
C200801051101A,2008-01-05T11:01:11.400000Z,51.11,-131.24,12.0,6.59,T,IU_TIXI.00.LHT,71.634,128.867,40.0,S,2.35,1.4,0.97,899.15,908.05,905.26,2.32e-05,3.28e-05,45.343,334.035,60.637,69.331,-159.681
C200801051101A,2008-01-05T11:01:11.400000Z,51.11,-131.24,12.0,6.59,T,IU_TRIS.00.LHT,-37.068,-12.315,58.0,SS,0.45,2.95,0.82,2391.98,2414.01,2400.26,5.37e-07,7.65e-06,135.265,96.167,308.472,13.482,-60.338
C200801051101A,2008-01-05T11:01:11.400000Z,51.11,-131.24,12.0,6.59,T,IU_TSUM.00.LHT,-19.202,17.584,1260.0,SS,-2.8,1.25,0.96,2445.13,2449.0,2454.26,2.85e-06,1.48e-05,139.743,48.928,329.866,41.061,-20.969
C200801051101A,2008-01-05T11:01:11.400000Z,51.11,-131.24,12.0,6.59,T,IU_YSS.00.LHT,46.959,142.76,148.0,ScS,13.1,1.0,0.88,1148.63,1173.04,1158.26,4.27e-06,7.9e-06,53.378,301.795,51.445,57.586,-176.463
C200801051144A,2008-01-05T11:44:51.200000Z,50.85,-130.92,12.0,6.42,T,IU_BILL.00.LHT,68.065,166.453,320.0,S,4.05,1.7,0.95,732.97,742.27,737.22,1.26e-05,1.81e-05,34.234,323.716,87.876,62.981,-153.377
C200801051144A,2008-01-05T11:44:51.200000Z,50.85,-130.92,12.0,6.42,T,IU_BILL.00.LHT,68.065,166.453,320.0,ScSScS,15.8,2.4,0.87,1918.58,1931.27,1932.22,5.85e-06,1.93e-05,34.234,323.716,87.876,62.981,-153.377
C200801051144A,2008-01-05T11:44:51.200000Z,50.85,-130.92,12.0,6.42,T,IU_JOHN.00.LHT,16.733,-169.529,2.5,SSS,23.4,2.05,0.94,1163.41,1151.02,1165.22,0.000102,1.96e-05,45.898,236.425,33.383,35.301,-154.323
C200801051144A,2008-01-05T11:44:51.200000Z,50.85,-130.92,12.0,6.42,T,IU_KIP.00.LHT,21.42,-158.011,77.0,S,7.9,2.4,0.92,763.56,774.19,768.22,1.62e-05,1.75e-05,36.227,225.923,29.208,36.9,-147.1
C200801051144A,2008-01-05T11:44:51.200000Z,50.85,-130.92,12.0,6.42,T,IU_MIDW.00.LHT,28.216,-177.37,17.0,S,3.8,2.65,0.82,842.42,850.05,847.22,1.09e-05,1.65e-05,41.466,255.001,43.865,41.876,-158.185
C200801051144A,2008-01-05T11:44:51.200000Z,50.85,-130.92,12.0,6.42,T,IU_PAYG.00.LHT,-0.674,-90.286,269.3,S,4.55,2.25,0.82,1123.14,1136.02,1126.22,5.28e-06,1.13e-05,61.858,132.326,332.112,26.502,-105.839
C200801051144A,2008-01-05T11:44:51.200000Z,50.85,-130.92,12.0,6.42,T,IU_PET.00.LHT,53.023,158.65,105.0,S,1.0,2.55,0.91,847.74,858.89,854.22,8.77e-06,1.29e-05,41.825,301.557,63.42,57.399,-165.158
C200801051144A,2008-01-05T11:44:51.200000Z,50.85,-130.92,12.0,6.42,T,IU_SFJD.00.LHT,66.996,-50.621,330.0,S,-1.2,1.2,0.99,836.59,838.04,841.22,7.89e-06,1.33e-05,41.073,36.033,288.275,64.856,-101.982
C200801051144A,2008-01-05T11:44:51.200000Z,50.85,-130.92,12.0,6.42,T,IU_YSS.00.LHT,46.959,142.76,148.0,S,2.4,0.95,0.95,1016.03,1025.04,1022.22,8.16e-06,1.17e-05,53.688,302.128,51.587,57.538,-176.166
C200801051955A,2008-01-05T19:55:36.800000Z,-62.36,-155.58,13.6,5.67,T,IU_ANMO.00.LHT,34.946,-106.457,1671.0,SS,-0.75,1.25,0.86,1998.75,2009.55,2009.24,2.44e-07,7.05e-07,104.726,40.015,201.375,-14.985,-123.809
C200801051955A,2008-01-05T19:55:36.800000Z,-62.36,-155.58,13.6,5.67,T,IU_GNI.00.LHT,40.148,44.741,1509.0,SS,-2.1,3.0,0.85,2611.98,2615.85,2623.24,2.64e-07,6.19e-07,154.548,218.093,157.982,-33.616,70.701
C200801051955A,2008-01-05T19:55:36.800000Z,-62.36,-155.58,13.6,5.67,T,IU_HNR.00.LHT,-9.439,159.948,0.0,S,-1.7,0.95,0.96,1121.91,1127.25,1131.24,7.42e-07,9.97e-07,61.795,308.29,158.281,-37.793,173.828
C200801051955A,2008-01-05T19:55:36.800000Z,-62.36,-155.58,13.6,5.67,T,IU_LVC.00.LHT,-22.613,-68.911,2930.0,SS,7.1,0.6,0.92,1471.53,1482.5,1474.24,3.49e-07,4.21e-07,68.653,98.167,209.902,-50.303,-94.939
C200801051955A,2008-01-05T19:55:36.800000Z,-62.36,-155.58,13.6,5.67,T,IU_NWAO.00.LHT,-32.928,117.239,275.0,S,5.5,0.85,0.83,1100.05,1115.24,1105.24,3.17e-07,2.47e-07,60.081,255.513,147.588,-55.641,145.528
C200801051955A,2008-01-05T19:55:36.800000Z,-62.36,-155.58,13.6,5.67,T,IU_PMSA.00.LHT,-64.774,-64.049,40.0,S,9.1,1.05,0.99,780.71,790.62,782.24,9.25e-07,1.22e-06,37.381,135.247,230.021,-70.864,-112.304
C200801051955A,2008-01-05T19:55:36.800000Z,-62.36,-155.58,13.6,5.67,T,IU_PTCN.00.LHT,-25.071,-130.095,218.0,S,1.9,2.55,0.91,834.97,843.86,841.24,1.04e-06,1.32e-06,40.993,36.515,197.781,-44.386,-138.676
C200801051955A,2008-01-05T19:55:36.800000Z,-62.36,-155.58,13.6,5.67,T,IU_RSSD.00.LHT,44.121,-104.036,2022.7,SS,4.95,2.3,0.92,2122.31,2133.61,2132.24,2.55e-07,6.55e-07,113.907,38.14,203.548,-10.123,-123.89
C200801051955A,2008-01-05T19:55:36.800000Z,-62.36,-155.58,13.6,5.67,T,IU_TRQA.00.LHT,-38.057,-61.979,439.0,S,2.65,1.75,0.99,1080.95,1085.4,1085.24,6.25e-07,1.09e-06,58.605,112.816,212.944,-59.436,-93.42
C200801051955A,2008-01-05T19:55:36.800000Z,-62.36,-155.58,13.6,5.67,T,IU_TRQA.00.LHT,-38.057,-61.979,439.0,SS,3.55,2.05,0.82,1315.09,1314.4,1319.24,2.83e-07,8.31e-07,58.605,112.816,212.944,-59.436,-93.42
C200801051955A,2008-01-05T19:55:36.800000Z,-62.36,-155.58,13.6,5.67,T,IU_WCI.00.LHT,38.229,-86.294,78.0,SS,2.65,0.55,0.89,2130.92,2135.61,2143.24,1.55e-07,4.93e-07,114.56,54.162,208.646,-14.443,-110.861
C200801060514A,2008-01-06T05:14:23.700000Z,36.98,22.87,92.4,6.17,T,IU_CASY.00.LHT,-66.279,110.535,5.0,SS,7.2,2.0,0.87,2215.2,2225.02,2216.25,6.42e-07,3.32e-06,122.328,151.454,288.664,-19.191,49.124
C200801060514A,2008-01-06T05:14:23.700000Z,36.98,22.87,92.4,6.17,T,IU_CASY.00.LHT,-66.279,110.535,5.0,sScSScSScS,17.2,1.4,0.89,3230.73,3232.02,3214.25,2.66e-07,2.57e-06,122.328,151.454,288.664,-19.191,49.124
C200801060514A,2008-01-06T05:14:23.700000Z,36.98,22.87,92.4,6.17,T,IU_CHTO.00.LHT,18.814,98.944,420.0,SSS,2.6,2.15,0.89,1643.23,1659.02,1657.25,2.26e-06,6.81e-06,68.015,82.437,303.142,33.89,64.679
C200801060514A,2008-01-06T05:14:23.700000Z,36.98,22.87,92.4,6.17,T,IU_COLA.00.LHT,64.874,-147.862,200.0,SS,0.95,0.9,0.87,1600.06,1614.01,1603.25,9.93e-07,1.42e-06,78.092,355.987,7.554,75.69,12.636
C200801060514A,2008-01-06T05:14:23.700000Z,36.98,22.87,92.4,6.17,T,IU_KBS.00.LHT,78.915,11.938,87.0,sScS,-2.7,0.8,0.94,1100.54,1095.02,1104.25,4.59e-06,4.55e-06,42.235,356.878,166.95,58.054,20.752
C200801060514A,2008-01-06T05:14:23.700000Z,36.98,22.87,92.4,6.17,T,IU_KBS.00.LHT,78.915,11.938,87.0,sScSScS,0.55,2.1,0.87,1970.61,1985.02,1977.25,1.41e-06,1.58e-06,42.235,356.878,166.95,58.054,20.752
C200801060514A,2008-01-06T05:14:23.700000Z,36.98,22.87,92.4,6.17,T,IU_KEV.00.LHT,69.756,27.004,85.0,ScSScSScS,24.35,1.95,0.91,2815.69,2826.01,2809.25,6.24e-07,9.11e-07,32.879,2.644,186.102,53.405,24.121
C200801060514A,2008-01-06T05:14:23.700000Z,36.98,22.87,92.4,6.17,T,IU_KIP.00.LHT,21.42,-158.011,77.0,SS,1.85,3.15,0.84,2208.01,2216.01,2208.25,5.5e-07,1.72e-06,121.763,0.959,359.176,82.24,-163.327
C200801060514A,2008-01-06T05:14:23.700000Z,36.98,22.87,92.4,6.17,T,IU_LSZ.00.LHT,-15.278,28.188,1200.0,sS,1.8,2.85,0.81,1019.36,1011.04,1019.25,1.56e-06,2.71e-06,52.259,173.496,354.612,10.883,25.778
C200801060514A,2008-01-06T05:14:23.700000Z,36.98,22.87,92.4,6.17,T,IU_MAJO.00.LHT,36.546,138.204,405.0,sSS,15.55,1.9,0.82,1746.67,1752.02,1751.25,2.32e-07,2.57e-06,85.396,46.743,313.598,54.463,80.792
C200801060514A,2008-01-06T05:14:23.700000Z,36.98,22.87,92.4,6.17,T,IU_MBWA.00.LHT,-21.159,119.731,88.0,sSdiff,-6.95,1.7,0.84,1609.0,1622.01,1606.25,1.83e-07,7.71e-07,107.79,103.264,303.447,11.843,76.265
C200801060514A,2008-01-06T05:14:23.700000Z,36.98,22.87,92.4,6.17,T,IU_MBWA.00.LHT,-21.159,119.731,88.0,SS,3.2,2.0,0.87,2024.51,2035.01,2026.25,1.24e-06,3.22e-06,107.79,103.264,303.447,11.843,76.265
C200801060514A,2008-01-06T05:14:23.700000Z,36.98,22.87,92.4,6.17,T,IU_NWAO.00.LHT,-32.928,117.239,275.0,SS,-0.35,1.55,0.89,2082.58,2081.01,2087.25,6.84e-07,3.31e-06,112.124,115.136,300.481,2.996,71.58
C200801060514A,2008-01-06T05:14:23.700000Z,36.98,22.87,92.4,6.17,T,IU_SFJD.00.LHT,66.996,-50.621,330.0,sSS,-5.3,1.95,0.83,1203.45,1223.04,1221.25,2.7e-06,1.12e-05,50.137,330.679,87.988,57.148,0.462
C200801060514A,2008-01-06T05:14:23.700000Z,36.98,22.87,92.4,6.17,T,IU_SJG.00.LHT,18.109,-66.15,420.0,sScSScSScS,-17.35,2.7,0.89,3004.17,2993.64,3010.25,4.44e-07,1.38e-06,78.584,284.175,54.648,36.138,-26.49
C200801060514A,2008-01-06T05:14:23.700000Z,36.98,22.87,92.4,6.17,T,IU_TATO.00.LHT,24.974,121.497,77.1,sScSScS,13.45,2.15,0.81,2162.67,2174.65,2164.25,8.3e-07,1.41e-06,81.794,64.877,307.025,42.625,76.367
C200801060514A,2008-01-06T05:14:23.700000Z,36.98,22.87,92.4,6.17,T,IU_TIXI.00.LHT,71.634,128.867,40.0,S,-2.2,1.2,0.91,1083.27,1085.0,1085.25,1.3e-06,3.17e-06,60.043,20.524,297.466,63.525,45.952
C200801060514A,2008-01-06T05:14:23.700000Z,36.98,22.87,92.4,6.17,T,IU_TIXI.00.LHT,71.634,128.867,40.0,SSS,-18.1,2.6,0.89,1488.3,1498.0,1512.25,1.58e-06,2.73e-05,60.043,20.524,297.466,63.525,45.952
C200801060514A,2008-01-06T05:14:23.700000Z,36.98,22.87,92.4,6.17,T,IU_XMAS.00.LHT,2.045,-157.446,19.0,SS,3.85,1.75,0.91,2443.17,2459.02,2447.25,8.03e-07,2.24e-06,141.044,0.497,359.602,72.674,-158.701
C200801060514A,2008-01-06T05:14:23.700000Z,36.98,22.87,92.4,6.17,T,IU_XMAS.00.LHT,2.045,-157.446,19.0,SSS,2.5,2.5,0.89,2759.81,2772.02,2765.25,7.22e-07,1.74e-06,141.044,0.497,359.602,72.674,-158.701
C200801070312A,2008-01-07T03:12:29.700000Z,-0.79,134.03,12.0,5.87,T,IU_COR.00.LHT,44.586,-123.305,110.0,SS,7.4,1.95,0.9,1928.09,1941.04,1935.21,3.5e-07,6.99e-07,99.59,44.87,278.556,32.303,173.537
C200801070312A,2008-01-07T03:12:29.700000Z,-0.79,134.03,12.0,5.87,T,IU_DWPF.00.LHT,28.11,-81.433,-132.0,SSS,-1.1,2.5,0.92,2711.65,2722.04,2724.21,1.57e-06,9.53e-07,136.568,47.832,302.902,38.34,-164.798
C200801070312A,2008-01-07T03:12:29.700000Z,-0.79,134.03,12.0,5.87,T,IU_HNR.00.LHT,-9.439,159.948,99.0,ScS,6.4,2.3,0.86,994.78,980.01,982.21,4.56e-06,4.09e-06,27.213,109.275,286.918,-5.249,146.9
C200801070312A,2008-01-07T03:12:29.700000Z,-0.79,134.03,12.0,5.87,T,IU_INCN.00.LHT,37.478,126.624,79.0,S,6.05,0.65,0.93,801.32,811.02,799.21,9.07e-07,1.22e-06,38.716,350.563,168.092,18.398,130.751
C200801070312A,2008-01-07T03:12:29.700000Z,-0.79,134.03,12.0,5.87,T,IU_KBL.00.LHT,34.541,69.043,1913.0,SS,-19.7,2.1,0.82,1494.12,1484.0,1497.21,1.92e-07,3.71e-07,70.093,307.313,105.333,19.783,105.041
C200801070312A,2008-01-07T03:12:29.700000Z,-0.79,134.03,12.0,5.87,T,IU_KEV.00.LHT,69.756,27.004,85.0,SSS,-10.05,1.25,0.97,2109.86,2101.01,2109.21,2.21e-07,4.2e-07,96.546,340.497,74.138,44.137,113.777
C200801070312A,2008-01-07T03:12:29.700000Z,-0.79,134.03,12.0,5.87,T,IU_KIEV.00.LHT,50.701,29.224,140.0,SS,5.3,2.25,0.83,1933.35,1939.04,1943.21,3.76e-07,7.29e-07,99.967,321.495,78.786,36.337,97.835
C200801070312A,2008-01-07T03:12:29.700000Z,-0.79,134.03,12.0,5.87,T,IU_KIP.00.LHT,21.42,-158.011,77.0,S,4.6,3.05,0.81,1221.29,1233.01,1223.21,8.87e-07,9.41e-07,69.905,66.895,260.931,12.395,166.638
C200801070312A,2008-01-07T03:12:29.700000Z,-0.79,134.03,12.0,5.87,T,IU_KNTN.00.LHT,-2.774,-171.719,18.0,S,6.1,2.8,0.83,1024.54,1044.02,1028.21,1.6e-06,1.26e-06,54.317,92.836,271.009,-2.004,161.14
C200801070312A,2008-01-07T03:12:29.700000Z,-0.79,134.03,12.0,5.87,T,IU_KONO.00.LHT,59.649,9.598,-124.0,SS,9.9,1.1,0.98,2034.93,2048.04,2037.21,3.74e-07,1.04e-06,107.347,334.083,59.625,45.923,103.719
C200801070312A,2008-01-07T03:12:29.700000Z,-0.79,134.03,12.0,5.87,T,IU_PAB.00.LHT,39.545,-4.35,950.0,SSS,-0.7,1.25,0.83,2556.0,2556.05,2563.21,2.45e-07,7.4e-07,125.909,320.883,54.784,43.359,83.599
C200801070312A,2008-01-07T03:12:29.700000Z,-0.79,134.03,12.0,5.87,T,IU_RAR.00.LHT,-21.212,-159.773,28.0,SS,5.5,1.7,0.88,1456.29,1462.02,1465.21,4.67e-07,5.57e-07,67.638,112.59,278.171,-13.08,165.828
C200801070312A,2008-01-07T03:12:29.700000Z,-0.79,134.03,12.0,5.87,T,IU_SDV.00.LHT,8.884,-70.634,1588.0,ScSScSScS,-24.3,1.9,0.82,3412.17,3401.04,3422.21,2.82e-07,1.38e-06,154.303,70.722,287.211,18.663,-149.888
C200801070312A,2008-01-07T03:12:29.700000Z,-0.79,134.03,12.0,5.87,T,IU_ULN.00.LHT,47.865,107.053,1610.0,ScS,5.45,1.75,0.87,1152.12,1151.56,1153.21,4.04e-07,5.53e-07,53.873,337.793,145.786,24.146,123.235
C200801070312A,2008-01-07T03:12:29.700000Z,-0.79,134.03,12.0,5.87,T,IU_WAKE.00.LHT,19.283,166.652,18.0,S,-1.05,2.35,0.87,786.85,788.02,790.21,1.1e-06,1.65e-06,37.758,56.326,241.795,9.632,149.861
C200801070746A,2008-01-07T07:46:29.900000Z,12.47,125.54,20.0,5.55,T,IU_ADK.00.LHT,51.882,-176.684,130.0,S,-2.8,0.85,0.96,1104.71,1103.03,1109.2,3.75e-07,1.45e-06,60.581,36.952,251.632,35.54,147.366
C200801070746A,2008-01-07T07:46:29.900000Z,12.47,125.54,20.0,5.55,T,IU_DWPF.00.LHT,28.11,-81.433,-132.0,ScSScS,-16.6,3.8,0.82,2484.59,2479.04,2503.2,5.84e-08,7.17e-07,131.879,32.288,323.773,57.411,-169.903
C200801070746A,2008-01-07T07:46:29.900000Z,12.47,125.54,20.0,5.55,T,IU_HKT.00.LHT,29.962,-95.838,-863.0,SS,-0.95,0.55,0.99,2224.87,2233.05,2234.2,2.9e-07,8.02e-07,121.943,42.274,310.746,47.528,-174.123
C200801070746A,2008-01-07T07:46:29.900000Z,12.47,125.54,20.0,5.55,T,IU_KBS.00.LHT,78.915,11.938,87.0,SSS,2.65,1.25,0.89,1882.69,1894.02,1886.2,3.1e-07,1.08e-06,82.182,349.727,64.54,52.681,114.429
C200801070746A,2008-01-07T07:46:29.900000Z,12.47,125.54,20.0,5.55,T,IU_KIEV.00.LHT,50.701,29.224,140.0,SS,-1.75,1.8,0.9,1707.61,1719.04,1716.2,2.2e-07,1.12e-06,84.4,320.69,77.118,41.966,90.728
C200801070746A,2008-01-07T07:46:29.900000Z,12.47,125.54,20.0,5.55,T,IU_KONO.00.LHT,59.649,9.598,-124.0,SS,3.65,1.1,0.96,1815.19,1832.04,1825.2,1.5e-07,1.19e-06,91.784,332.921,61.352,50.862,94.458
C200801070746A,2008-01-07T07:46:29.900000Z,12.47,125.54,20.0,5.55,T,IU_MBWA.00.LHT,-21.159,119.731,88.0,S,-22.8,1.5,0.89,726.28,719.01,732.2,2.77e-07,1.8e-06,33.937,189.751,10.212,-4.354,122.702
C200801070746A,2008-01-07T07:46:29.900000Z,12.47,125.54,20.0,5.55,T,IU_PAB.00.LHT,39.545,-4.35,950.0,Sdiff,-2.1,1.0,0.94,1602.87,1607.05,1612.2,7.5e-08,3.05e-07,110.347,320.939,52.84,48.313,74.668
C200801070746A,2008-01-07T07:46:29.900000Z,12.47,125.54,20.0,5.55,T,IU_PAB.00.LHT,39.545,-4.35,950.0,SS,-1.9,1.15,0.86,2073.21,2084.05,2082.2,1.87e-07,1.19e-06,110.347,320.939,52.84,48.313,74.668
C200801070746A,2008-01-07T07:46:29.900000Z,12.47,125.54,20.0,5.55,T,IU_PET.00.LHT,53.023,158.65,105.0,S,-1.05,0.45,0.92,939.34,947.01,943.2,5.19e-07,1.66e-06,48.306,26.193,225.652,33.831,138.07
C200801070746A,2008-01-07T07:46:29.900000Z,12.47,125.54,20.0,5.55,T,IU_SDV.00.LHT,8.884,-70.634,1588.0,ScSScSScS,-1.6,0.85,0.95,3403.35,3406.04,3408.2,1.46e-07,1.13e-06,153.362,37.284,323.223,53.764,-150.146
C200801070746A,2008-01-07T07:46:29.900000Z,12.47,125.54,20.0,5.55,T,IU_TRQA.00.LHT,-38.057,-61.979,439.0,ScSScSScS,0.5,2.55,0.82,3404.66,3403.02,3414.2,1.12e-07,1.42e-06,153.552,166.779,196.456,-61.365,153.101
C200801070746A,2008-01-07T07:46:29.900000Z,12.47,125.54,20.0,5.55,T,IU_WAKE.00.LHT,19.283,166.652,18.0,S,-3.9,0.55,0.92,819.66,830.02,829.2,6.88e-07,2.83e-07,40.08,74.835,266.574,16.903,145.734
C200801070746A,2008-01-07T07:46:29.900000Z,12.47,125.54,20.0,5.55,T,IU_YAK.00.LHT,62.031,129.68,96.0,SS,-1.65,1.2,0.92,1170.79,1184.02,1190.2,4.65e-07,2.59e-06,49.565,2.559,185.32,37.315,126.885
C200801070814A,2008-01-07T08:14:21.500000Z,51.03,-179.34,26.1,5.62,T,IU_ANMO.00.LHT,34.946,-106.457,1671.0,ScS,1.7,0.8,0.95,1145.32,1159.02,1154.24,3.56e-07,1.15e-06,53.464,77.511,311.427,49.098,-137.362
C200801070814A,2008-01-07T08:14:21.500000Z,51.03,-179.34,26.1,5.62,T,IU_BBSR.00.LHT,32.371,-64.696,-1.3,SS,-1.85,1.15,0.97,1625.13,1629.02,1635.24,4.25e-07,1.46e-06,78.951,51.451,324.34,58.193,-109.199
C200801070814A,2008-01-07T08:14:21.500000Z,51.03,-179.34,26.1,5.62,T,IU_DWPF.00.LHT,28.11,-81.433,-132.0,S,-2.2,0.7,0.95,1256.59,1264.04,1263.24,5.97e-07,2.04e-06,73.29,65.838,319.354,51.074,-119.529
C200801070814A,2008-01-07T08:14:21.500000Z,51.03,-179.34,26.1,5.62,T,IU_DWPF.00.LHT,28.11,-81.433,-132.0,sSSS,3.3,1.3,0.86,1753.59,1768.04,1772.24,2.26e-07,3.44e-06,73.29,65.838,319.354,51.074,-119.529
C200801070814A,2008-01-07T08:14:21.500000Z,51.03,-179.34,26.1,5.62,T,IU_HKT.00.LHT,29.962,-95.838,-863.0,S,-1.1,0.5,0.97,1138.72,1148.05,1146.24,9.68e-07,2.13e-06,63.39,74.483,315.549,48.616,-129.548
C200801070814A,2008-01-07T08:14:21.500000Z,51.03,-179.34,26.1,5.62,T,IU_HKT.00.LHT,29.962,-95.838,-863.0,ScS,-1.0,1.95,0.93,1218.27,1229.05,1230.24,7.27e-07,9.41e-07,63.39,74.483,315.549,48.616,-129.548
C200801070814A,2008-01-07T08:14:21.500000Z,51.03,-179.34,26.1,5.62,T,IU_KBS.00.LHT,78.915,11.938,87.0,sSS,1.25,0.65,0.91,1190.29,1206.02,1206.24,6.59e-07,3.16e-06,50.047,357.179,9.253,75.919,175.772
C200801070814A,2008-01-07T08:14:21.500000Z,51.03,-179.34,26.1,5.62,T,IU_RSSD.00.LHT,44.121,-104.036,2087.0,S,-3.4,1.35,0.99,949.95,955.02,957.24,4.61e-07,2.05e-06,49.161,66.869,306.295,54.095,-138.779
C200801070814A,2008-01-07T08:14:21.500000Z,51.03,-179.34,26.1,5.62,T,IU_SSPA.00.LHT,40.636,-77.888,170.0,S,-3.55,1.25,0.97,1169.38,1175.04,1178.24,7.83e-07,2.14e-06,65.875,54.661,317.432,58.281,-122.1
C200801070814A,2008-01-07T08:14:21.500000Z,51.03,-179.34,26.1,5.62,T,IU_WCI.00.LHT,38.229,-86.294,78.0,S,-5.55,1.5,0.95,1135.2,1140.03,1142.24,6.46e-07,2e-06,63.108,61.701,315.134,54.974,-126.175
C200801081923A,2008-01-08T19:23:38.500000Z,-3.67,131.65,14.2,5.79,T,IU_BILL.00.LHT,68.065,166.453,320.0,S,0.8,2.9,0.84,1285.36,1286.04,1285.27,6e-07,1.57e-06,75.581,12.768,216.067,33.251,140.948
C200801081923A,2008-01-08T19:23:38.500000Z,-3.67,131.65,14.2,5.79,T,IU_COLA.00.LHT,64.874,-147.862,200.0,SS,21.95,1.1,0.88,1780.11,1799.01,1786.27,5.76e-07,1.13e-06,89.249,24.841,259.954,36.373,153.094
C200801081923A,2008-01-08T19:23:38.500000Z,-3.67,131.65,14.2,5.79,T,IU_GRFO.00.LHT,49.691,11.22,384.0,Sdiff,1.65,1.0,0.95,1619.27,1631.02,1624.27,3.06e-07,3.83e-07,112.117,322.96,68.041,38.857,91.848
C200801081923A,2008-01-08T19:23:38.500000Z,-3.67,131.65,14.2,5.79,T,IU_KBL.00.LHT,34.541,69.043,1913.0,S,-1.0,0.4,0.92,1221.58,1228.0,1226.27,1.35e-06,2.02e-06,69.982,308.751,109.297,17.915,103.659
C200801081923A,2008-01-08T19:23:38.500000Z,-3.67,131.65,14.2,5.79,T,IU_KBL.00.LHT,34.541,69.043,1913.0,SSS,1.0,0.9,0.94,1689.76,1706.0,1705.27,1.35e-06,4.73e-06,69.982,308.751,109.297,17.915,103.659
C200801081923A,2008-01-08T19:23:38.500000Z,-3.67,131.65,14.2,5.79,T,IU_NWAO.00.LHT,-32.928,117.239,275.0,ScSScS,-7.0,0.65,0.95,1911.87,1904.01,1916.27,4.47e-06,7.7e-07,32.104,203.199,27.899,-18.446,125.066
C200801081923A,2008-01-08T19:23:38.500000Z,-3.67,131.65,14.2,5.79,T,IU_SFJD.00.LHT,66.996,-50.621,330.0,SSS,-0.25,1.2,0.91,2417.67,2419.04,2418.27,2.66e-07,1.08e-06,116.675,0.993,357.47,54.842,133.113
C200801081923A,2008-01-08T19:23:38.500000Z,-3.67,131.65,14.2,5.79,T,IU_SJG.00.LHT,18.109,-66.15,420.0,SS,0.5,2.95,0.82,2643.27,2655.01,2647.27,6.83e-07,3.92e-07,157.471,48.527,308.145,39.601,-156.212
C200801081923A,2008-01-08T19:23:38.500000Z,-3.67,131.65,14.2,5.79,T,IU_TRQA.00.LHT,-38.057,-61.979,439.0,SS,8.85,1.85,0.93,2406.05,2425.7,2411.27,1.29e-06,1.7e-06,136.492,164.474,199.805,-66.57,170.18
C200801081923A,2008-01-08T19:23:38.500000Z,-3.67,131.65,14.2,5.79,T,IU_YAK.00.LHT,62.031,129.68,96.0,S,-0.05,0.85,0.98,1168.41,1172.95,1170.27,1.57e-06,2.19e-06,65.544,358.981,177.837,29.256,131.019
C200801081923A,2008-01-08T19:23:38.500000Z,-3.67,131.65,14.2,5.79,T,IU_YSS.00.LHT,46.959,142.76,148.0,S,0.8,0.6,0.97,983.92,989.04,986.27,1.21e-06,2.17e-06,51.385,9.722,194.268,21.771,136.164
C200801090826A,2008-01-09T08:26:52.800000Z,32.3,85.32,13.3,6.4,T,IU_BBSR.00.LHT,32.371,-64.696,-1.3,SS,-4.85,1.55,0.91,2065.07,2066.02,2078.23,3.34e-06,6.71e-06,109.605,333.471,26.551,67.864,10.396
C200801090826A,2008-01-09T08:26:52.800000Z,32.3,85.32,13.3,6.4,T,IU_BILL.00.LHT,68.065,166.453,320.0,S,0.9,2.15,0.92,1061.69,1078.05,1073.23,2e-06,3.11e-06,57.128,26.154,275.449,56.334,107.588
C200801090826A,2008-01-09T08:26:52.800000Z,32.3,85.32,13.3,6.4,T,IU_CASY.00.LHT,-66.279,110.535,5.0,SS,1.6,2.65,0.83,1936.0,1959.02,1945.23,6.82e-07,4.14e-06,100.182,169.921,338.467,-17.429,93.393
C200801090826A,2008-01-09T08:26:52.800000Z,32.3,85.32,13.3,6.4,T,IU_GUMO.00.LHT,13.589,144.868,61.0,SS,5.15,1.75,0.89,1293.77,1298.02,1302.23,7.44e-06,4.24e-06,57.243,94.307,299.794,26.006,117.368
C200801090826A,2008-01-09T08:26:52.800000Z,32.3,85.32,13.3,6.4,T,IU_KBS.00.LHT,78.915,11.938,87.0,S,-1.85,0.95,0.98,1037.14,1042.02,1047.23,4.17e-06,7.39e-06,55.28,347.002,99.391,58.824,73.732
C200801090826A,2008-01-09T08:26:52.800000Z,32.3,85.32,13.3,6.4,T,IU_KEV.00.LHT,69.756,27.004,85.0,S,-4.8,1.85,0.95,953.12,956.01,964.23,6.64e-06,9.46e-06,49.156,337.01,107.788,54.077,69.299
C200801090826A,2008-01-09T08:26:52.800000Z,32.3,85.32,13.3,6.4,T,IU_KIEV.00.LHT,50.701,29.224,140.0,S,-6.55,1.75,0.95,889.16,888.04,900.23,6.49e-06,8.46e-06,44.677,311.443,92.078,45.008,61.623
C200801090826A,2008-01-09T08:26:52.800000Z,32.3,85.32,13.3,6.4,T,IU_KIP.00.LHT,21.42,-158.011,77.0,SS,-2.2,2.2,0.89,1923.04,1929.01,1937.23,2.86e-06,5.5e-06,99.255,57.321,310.125,43.984,148.111
C200801090826A,2008-01-09T08:26:52.800000Z,32.3,85.32,13.3,6.4,T,IU_LSZ.00.LHT,-15.278,28.188,1200.0,S,-8.1,1.0,0.99,1249.2,1246.04,1254.23,4.24e-06,6.56e-06,72.345,238.374,48.3,9.687,54.706
C200801090826A,2008-01-09T08:26:52.800000Z,32.3,85.32,13.3,6.4,T,IU_LVC.00.LHT,-22.613,-68.911,2930.0,SS,-15.55,1.35,0.93,2620.45,2609.02,2629.23,1.26e-06,3.49e-06,155.323,286.956,61.194,20.804,-2.789
C200801090826A,2008-01-09T08:26:52.800000Z,32.3,85.32,13.3,6.4,T,IU_MAJO.00.LHT,36.546,138.204,405.0,ScSScSScS,-16.8,1.0,0.91,2857.62,2835.55,2852.23,3.23e-06,4.66e-06,43.377,69.148,280.581,37.441,111.041
C200801090826A,2008-01-09T08:26:52.800000Z,32.3,85.32,13.3,6.4,T,IU_NWAO.00.LHT,-32.928,117.239,275.0,S,-9.6,1.8,0.94,1240.46,1229.01,1244.23,2.08e-06,5.92e-06,71.584,152.025,331.812,-0.328,101.222
C200801090826A,2008-01-09T08:26:52.800000Z,32.3,85.32,13.3,6.4,T,IU_PAB.00.LHT,39.545,-4.35,950.0,S,-7.3,1.45,0.86,1222.45,1225.05,1233.23,2.13e-06,4.99e-06,70.035,304.787,64.142,45.625,43.086
C200801090826A,2008-01-09T08:26:52.800000Z,32.3,85.32,13.3,6.4,T,IU_PAYG.00.LHT,-0.674,-90.286,269.3,SS,-2.85,1.95,0.96,2541.37,2554.02,2558.23,1.44e-06,4.01e-06,148.15,351.757,6.968,72.154,-68.005
C200801090826A,2008-01-09T08:26:52.800000Z,32.3,85.32,13.3,6.4,T,IU_POHA.00.LHT,19.757,-155.533,1989.0,SS,0.6,2.2,0.92,1962.61,1972.01,1977.23,1.98e-06,5.66e-06,102.097,57.063,311.044,43.947,150.098
C200801090826A,2008-01-09T08:26:52.800000Z,32.3,85.32,13.3,6.4,T,IU_POHA.00.LHT,19.757,-155.533,1989.0,SSS,-14.0,1.7,0.98,2195.54,2201.01,2210.23,1.61e-06,4.55e-06,102.097,57.063,311.044,43.947,150.098
C200801090826A,2008-01-09T08:26:52.800000Z,32.3,85.32,13.3,6.4,T,IU_PTCN.00.LHT,-25.071,-130.095,218.0,SS,0.0,2.0,0.89,2543.25,2554.86,2559.23,1.92e-06,4.42e-06,148.317,85.79,291.409,11.824,163.822
C200801090826A,2008-01-09T08:26:52.800000Z,32.3,85.32,13.3,6.4,T,IU_PTCN.00.LHT,-25.071,-130.095,218.0,SSS,-22.85,2.0,0.88,2878.44,2880.86,2897.23,1.44e-06,5.68e-06,148.317,85.79,291.409,11.824,163.822
C200801090826A,2008-01-09T08:26:52.800000Z,32.3,85.32,13.3,6.4,T,IU_SBA.00.LHT,-77.849,166.757,48.0,SS,-6.85,1.85,0.95,2195.73,2193.01,2205.23,1.06e-06,4.17e-06,119.527,166.094,285.657,-26.365,98.685
C200801090826A,2008-01-09T08:26:52.800000Z,32.3,85.32,13.3,6.4,T,IU_SFJD.00.LHT,66.996,-50.621,330.0,SS,-4.25,1.45,0.98,1575.22,1581.04,1583.23,1.5e-06,6.01e-06,75.43,343.662,37.395,66.766,59.558
C200801090826A,2008-01-09T08:26:52.800000Z,32.3,85.32,13.3,6.4,T,IU_SJG.00.LHT,18.109,-66.15,420.0,SSS,-6.45,1.45,0.98,2509.94,2514.01,2522.23,2.39e-06,6.09e-06,122.825,327.49,28.572,61.912,-3.376
C200801090826A,2008-01-09T08:26:52.800000Z,32.3,85.32,13.3,6.4,T,IU_WCI.00.LHT,38.229,-86.294,78.0,SS,-2.6,1.95,0.97,2060.29,2070.04,2073.23,1.13e-06,4.11e-06,109.249,353.053,7.475,83.439,26.004
C200801091440A,2008-01-09T14:40:04.100000Z,51.52,-131.49,12.1,6.01,T,IU_BBSR.00.LHT,32.371,-64.696,-1.3,S,-2.75,2.3,0.92,983.8,988.02,991.21,2.88e-06,4.43e-06,51.335,84.584,312.757,46.992,-92.404
C200801091440A,2008-01-09T14:40:04.100000Z,51.52,-131.49,12.1,6.01,T,IU_BILL.00.LHT,68.065,166.453,320.0,S,3.7,1.8,0.93,721.33,726.05,726.21,1.95e-06,2.32e-06,33.482,323.106,87.676,63.241,-153.988
C200801091440A,2008-01-09T14:40:04.100000Z,51.52,-131.49,12.1,6.01,T,IU_DWPF.00.LHT,28.11,-81.433,-132.0,S,0.85,1.35,0.95,878.24,893.04,885.21,4.9e-06,4.14e-06,43.904,102.419,316.382,42.545,-101.867
C200801091440A,2008-01-09T14:40:04.100000Z,51.52,-131.49,12.1,6.01,T,IU_GRFO.00.LHT,49.691,11.22,384.0,SS,3.0,2.05,0.93,1556.3,1559.97,1561.21,5.92e-07,1.32e-06,74.162,24.059,336.91,75.289,-56.845
C200801091440A,2008-01-09T14:40:04.100000Z,51.52,-131.49,12.1,6.01,T,IU_HKT.00.LHT,29.962,-95.838,-863.0,S,-2.35,0.95,0.91,729.9,739.05,738.21,3.59e-06,2.61e-06,34.037,115.347,319.467,42.115,-110.656
C200801091440A,2008-01-09T14:40:04.100000Z,51.52,-131.49,12.1,6.01,T,IU_JOHN.00.LHT,16.733,-169.529,2.5,SSS,22.35,2.15,0.91,1165.33,1151.02,1168.21,1.7e-05,2.84e-06,45.978,235.248,32.331,35.594,-154.679
C200801091440A,2008-01-09T14:40:04.100000Z,51.52,-131.49,12.1,6.01,T,IU_KEV.00.LHT,69.756,27.004,85.0,SS,0.25,2.15,0.93,1304.59,1311.01,1312.21,7.78e-07,1.67e-06,57.912,8.634,344.353,79.295,-108.556
C200801091440A,2008-01-09T14:40:04.100000Z,51.52,-131.49,12.1,6.01,T,IU_KONO.00.LHT,59.649,9.598,-124.0,S,4.3,2.0,0.94,1158.51,1168.04,1163.21,1.3e-06,1.81e-06,64.691,20.593,334.346,76.639,-77.28
C200801091440A,2008-01-09T14:40:04.100000Z,51.52,-131.49,12.1,6.01,T,IU_KONO.00.LHT,59.649,9.598,-124.0,ScSScS,5.35,1.95,0.91,2041.84,2065.04,2063.21,1.73e-06,8.28e-05,64.691,20.593,334.346,76.639,-77.28
C200801091440A,2008-01-09T14:40:04.100000Z,51.52,-131.49,12.1,6.01,T,IU_MIDW.00.LHT,28.216,-177.37,17.0,S,4.9,2.1,0.91,839.96,848.05,844.21,2.94e-06,4.59e-06,41.302,253.715,42.743,42.15,-158.585
C200801091440A,2008-01-09T14:40:04.100000Z,51.52,-131.49,12.1,6.01,T,IU_PMSA.00.LHT,-64.774,-64.049,40.0,SS,11.75,1.05,0.94,2291.86,2314.32,2298.21,3.67e-07,1.48e-06,127.082,150.25,313.616,-7.954,-104.882
C200801091440A,2008-01-09T14:40:04.100000Z,51.52,-131.49,12.1,6.01,T,IU_QSPA.00.LHT,-89.929,144.438,2847.0,SSS,-2.1,2.75,0.9,2779.42,2791.01,2791.21,7.29e-07,2.75e-06,141.293,180.114,83.984,-19.397,-131.603
C200801091440A,2008-01-09T14:40:04.100000Z,51.52,-131.49,12.1,6.01,T,IU_SJG.00.LHT,18.109,-66.15,420.0,S,-4.55,1.25,0.94,1108.45,1110.01,1114.21,3.13e-06,2.71e-06,60.705,97.602,319.455,39.355,-91.224
C200801091440A,2008-01-09T14:40:04.100000Z,51.52,-131.49,12.1,6.01,T,IU_TATO.00.LHT,24.974,121.497,159.7,SS,-16.7,1.65,0.91,1653.7,1654.52,1664.21,7.75e-07,1.21e-06,80.626,298.562,37.14,52.187,160.935
C200801091440A,2008-01-09T14:40:04.100000Z,51.52,-131.49,12.1,6.01,T,IU_TEIG.00.LHT,20.226,-88.276,-71.0,S,0.8,1.35,0.93,907.01,922.05,913.21,6.43e-06,2.12e-06,45.891,116.371,323.48,37.817,-105.313
C200801091440A,2008-01-09T14:40:04.100000Z,51.52,-131.49,12.1,6.01,T,IU_ULN.00.LHT,47.865,107.053,1610.0,S,0.95,0.85,0.99,1209.92,1216.04,1217.21,8.19e-07,1.3e-06,68.943,322.13,34.714,67.456,163.952
C200801091440A,2008-01-09T14:40:04.100000Z,51.52,-131.49,12.1,6.01,T,IU_ULN.00.LHT,47.865,107.053,1610.0,SS,7.7,2.1,0.91,1476.4,1490.04,1487.21,1.26e-06,1.17e-06,68.943,322.13,34.714,67.456,163.952
C200801091440A,2008-01-09T14:40:04.100000Z,51.52,-131.49,12.1,6.01,T,IU_WAKE.00.LHT,19.283,166.652,18.0,S,2.85,2.2,0.91,1069.12,1076.97,1073.21,2.97e-06,4.02e-06,57.669,260.363,40.619,39.472,-169.41
C200801091440A,2008-01-09T14:40:04.100000Z,51.52,-131.49,12.1,6.01,T,IU_WAKE.00.LHT,19.283,166.652,18.0,SS,3.55,3.25,0.86,1300.77,1308.97,1306.21,2.05e-06,3.17e-06,57.669,260.363,40.619,39.472,-169.41
C200801091440A,2008-01-09T14:40:04.100000Z,51.52,-131.49,12.1,6.01,T,IU_WVT.00.LHT,36.13,-87.83,170.0,S,-4.15,1.85,0.95,736.51,736.01,742.21,2.05e-06,3.61e-06,34.465,99.144,310.422,45.93,-106.696
C200801091440A,2008-01-09T14:40:04.100000Z,51.52,-131.49,12.1,6.01,T,IU_YAK.00.LHT,62.031,129.68,96.0,S,0.85,1.7,0.96,963.6,974.03,972.21,2.9e-06,2.45e-06,49.881,322.577,53.689,66.661,-171.612
C200801100137A,2008-01-10T01:37:23.600000Z,43.51,-128.27,16.8,6.32,T,IU_AFI.00.LHT,-13.908,-171.783,705.0,SS,1.7,3.3,0.83,1486.03,1488.86,1495.29,2.77e-06,3.28e-06,69.649,225.56,32.29,15.897,-153.319
C200801100137A,2008-01-10T01:37:23.600000Z,43.51,-128.27,16.8,6.32,T,IU_BILL.00.LHT,68.065,166.453,320.0,S,11.85,2.35,0.86,839.38,861.88,840.29,2.39e-06,4.84e-06,41.347,328.975,92.052,59.716,-149.343
C200801100137A,2008-01-10T01:37:23.600000Z,43.51,-128.27,16.8,6.32,T,IU_GNI.00.LHT,40.148,44.741,1509.0,SS,5.65,2.0,0.89,1881.02,1895.05,1896.29,2.75e-06,5.15e-06,96.337,5.36,354.914,85.775,-18.541
C200801100137A,2008-01-10T01:37:23.600000Z,43.51,-128.27,16.8,6.32,T,IU_INCN.00.LHT,37.478,126.624,79.0,SS,1.35,2.85,0.9,1561.45,1567.02,1567.29,2.42e-06,3.36e-06,74.583,307.333,46.628,54.546,175.826
C200801100137A,2008-01-10T01:37:23.600000Z,43.51,-128.27,16.8,6.32,T,IU_KBS.00.LHT,78.915,11.938,87.0,S,2.8,2.25,0.89,1039.29,1048.02,1053.29,5.79e-06,7.2e-06,55.512,8.613,325.667,70.562,-116.22
C200801100137A,2008-01-10T01:37:23.600000Z,43.51,-128.27,16.8,6.32,T,IU_KIEV.00.LHT,50.701,29.224,140.0,SS,-4.4,2.6,0.85,1702.69,1699.61,1717.29,1.19e-06,5.03e-06,84.009,14.109,343.799,79.186,-68.256
C200801100137A,2008-01-10T01:37:23.600000Z,43.51,-128.27,16.8,6.32,T,IU_MAJO.00.LHT,36.546,138.204,405.0,SSS,9.7,2.7,0.89,1659.88,1680.02,1668.29,1.05e-05,2.52e-05,68.195,300.19,51.317,50.798,-178.134
C200801100137A,2008-01-10T01:37:23.600000Z,43.51,-128.27,16.8,6.32,T,IU_PET.00.LHT,53.023,158.65,105.0,S,3.25,2.35,0.95,929.17,934.01,931.29,4.73e-06,8.14e-06,47.528,308.544,70.482,54.325,-160.867
C200801100137A,2008-01-10T01:37:23.600000Z,43.51,-128.27,16.8,6.32,T,IU_QSPA.00.LHT,-89.929,144.438,2847.0,SS,-3.85,2.15,0.89,2366.82,2372.01,2371.29,8.07e-07,3.75e-06,133.288,180.098,87.225,-23.42,-128.368
C200801100137A,2008-01-10T01:37:23.600000Z,43.51,-128.27,16.8,6.32,T,IU_QSPA.00.LHT,-89.929,144.438,2847.0,SSS,2.0,1.75,0.96,2662.87,2679.01,2676.29,9.8e-07,4.13e-06,133.288,180.098,87.225,-23.42,-128.368
C200801100137A,2008-01-10T01:37:23.600000Z,43.51,-128.27,16.8,6.32,T,IU_SDV.00.LHT,8.884,-70.634,1588.0,S,-3.0,2.4,0.85,1106.74,1114.04,1122.29,3.85e-06,7.39e-06,60.671,106.668,315.229,29.268,-94.65
C200801100137A,2008-01-10T01:37:23.600000Z,43.51,-128.27,16.8,6.32,T,IU_SDV.00.LHT,8.884,-70.634,1588.0,SSS,0.75,0.85,0.96,1512.02,1525.04,1524.29,5.21e-06,5.74e-05,60.671,106.668,315.229,29.268,-94.65
C200801100137A,2008-01-10T01:37:23.600000Z,43.51,-128.27,16.8,6.32,T,IU_SFJD.00.LHT,66.996,-50.621,330.0,S,0.45,1.95,0.92,909.49,916.04,923.29,5.05e-06,8.19e-06,46.15,32.078,280.151,60.953,-102.981
C200801100137A,2008-01-10T01:37:23.600000Z,43.51,-128.27,16.8,6.32,T,IU_SJG.00.LHT,18.109,-66.15,420.0,S,-2.5,2.4,0.87,1067.26,1073.01,1079.29,5.13e-06,4.97e-06,57.625,95.366,310.477,34.79,-92.602
C200801100137A,2008-01-10T01:37:23.600000Z,43.51,-128.27,16.8,6.32,T,IU_SJG.00.LHT,18.109,-66.15,420.0,SS,3.5,2.25,0.85,1298.86,1312.01,1307.29,3.18e-06,3.91e-06,57.625,95.366,310.477,34.79,-92.602
C200801100137A,2008-01-10T01:37:23.600000Z,43.51,-128.27,16.8,6.32,T,IU_SSPA.00.LHT,40.636,-77.888,170.0,S,-5.35,1.35,0.92,774.54,780.26,789.29,3.25e-06,2.86e-06,37.03,76.591,291.594,44.94,-102.471
C200801100137A,2008-01-10T01:37:23.600000Z,43.51,-128.27,16.8,6.32,T,IU_TRQA.00.LHT,-38.057,-61.979,439.0,SS,2.9,2.0,0.9,1946.78,1958.02,1964.29,1.4e-06,4.69e-06,101.024,132.533,317.239,3.271,-93.591
C200801100137A,2008-01-10T01:37:23.600000Z,43.51,-128.27,16.8,6.32,T,IU_XMAS.00.LHT,2.045,-157.446,19.0,S,5.0,3.35,0.86,947.0,958.02,953.29,6.42e-06,8.03e-06,48.788,220.421,28.118,23.468,-145.216
C200801131215A,2008-01-13T12:15:39.300000Z,17.26,120.8,20.3,5.74,T,IU_DAV.00.LHT,7.07,125.579,149.0,ScS,-5.25,1.05,0.82,940.5,952.8,962.24,3.87e-06,4.35e-07,11.162,154.684,335.696,12.176,123.235
C200801131215A,2008-01-13T12:15:39.300000Z,17.26,120.8,20.3,5.74,T,IU_KEV.00.LHT,69.756,27.004,85.0,SS,5.5,3.05,0.84,1569.93,1582.01,1585.24,2.68e-07,5.22e-07,75.202,339.018,80.277,51.259,100.432
C200801131215A,2008-01-13T12:15:39.300000Z,17.26,120.8,20.3,5.74,T,IU_KONO.00.LHT,59.649,9.598,-124.0,SS,8.6,1.85,0.96,1722.76,1745.04,1741.24,2.07e-07,5.73e-07,85.434,331.749,63.202,52.138,89.363
C200801131215A,2008-01-13T12:15:39.300000Z,17.26,120.8,20.3,5.74,T,IU_LSZ.00.LHT,-15.278,28.188,1200.0,SSS,-18.7,1.55,0.85,2113.94,2116.04,2121.24,3.46e-07,5.21e-07,96.948,256.216,74.05,1.439,74.192
C200801131215A,2008-01-13T12:15:39.300000Z,17.26,120.8,20.3,5.74,T,IU_LVC.00.LHT,-22.613,-68.911,2930.0,SSS,-23.25,1.25,0.92,3165.74,3162.02,3179.24,2.21e-07,1.16e-06,169.518,123.039,240.117,-29.596,-165.785
C200801131215A,2008-01-13T12:15:39.300000Z,17.26,120.8,20.3,5.74,T,IU_SFJD.00.LHT,66.996,-50.621,330.0,SS,-1.25,2.5,0.91,1870.15,1870.04,1871.24,3.05e-07,5.59e-07,95.635,356.639,8.215,64.968,114.929
C200801131215A,2008-01-13T12:15:39.300000Z,17.26,120.8,20.3,5.74,T,IU_ULN.00.LHT,47.865,107.053,1610.0,S,2.7,2.9,0.81,704.66,719.96,720.24,9.65e-07,8.59e-07,32.545,342.709,155.012,32.764,115.128
C200801131215A,2008-01-13T12:15:39.300000Z,17.26,120.8,20.3,5.74,T,IU_YAK.00.LHT,62.031,129.68,96.0,ScSScSScS,-3.0,2.5,0.81,2860.06,2866.02,2879.24,2.72e-07,8.49e-07,45.146,5.883,192.018,39.762,123.726
C200801131215A,2008-01-13T12:15:39.300000Z,17.26,120.8,20.3,5.74,T,IU_YSS.00.LHT,46.959,142.76,148.0,ScSScS,2.2,2.05,0.92,1917.59,1920.04,1930.24,5.55e-07,7.64e-07,34.732,26.697,218.879,32.594,129.939
C200801141338A,2008-01-14T13:38:40.500000Z,10.36,92.7,43.9,5.83,T,IU_BBSR.00.LHT,32.371,-64.696,-1.3,SS,-2.95,2.25,0.89,2347.94,2348.02,2345.24,5.93e-07,8.65e-07,132.248,334.158,30.481,62.013,34.848
C200801141338A,2008-01-14T13:38:40.500000Z,10.36,92.7,43.9,5.83,T,IU_CTAO.00.LHT,-20.088,146.254,320.0,SS,-4.95,1.0,0.84,1343.32,1359.12,1362.24,5.95e-07,7.76e-07,60.828,119.955,294.873,-5.452,118.811
C200801141338A,2008-01-14T13:38:40.500000Z,10.36,92.7,43.9,5.83,T,IU_GNI.00.LHT,40.148,44.741,1509.0,ScSScSScS,21.35,0.75,0.82,2872.4,2876.03,2860.24,4.29e-07,4.65e-07,51.72,313.548,111.321,27.297,71.9
C200801141338A,2008-01-14T13:38:40.500000Z,10.36,92.7,43.9,5.83,T,IU_OTAV.00.LHT,0.238,-78.451,3495.0,SSS,-3.05,1.15,0.86,3117.48,3119.34,3121.24,3e-07,1.49e-06,166.281,320.811,38.437,51.203,0.88
C200801141338A,2008-01-14T13:38:40.500000Z,10.36,92.7,43.9,5.83,T,IU_PAB.00.LHT,39.545,-4.35,950.0,SS,2.75,2.3,0.91,1768.0,1778.05,1769.24,5e-07,9.39e-07,88.872,309.997,77.432,34.919,51.95
C200801141338A,2008-01-14T13:38:40.500000Z,10.36,92.7,43.9,5.83,T,IU_PET.00.LHT,53.023,158.65,105.0,ScS,-15.5,0.7,0.88,1244.82,1253.01,1266.24,4.52e-07,4.64e-07,67.379,36.629,256.845,36.081,116.814
C200801141338A,2008-01-14T13:38:40.500000Z,10.36,92.7,43.9,5.83,T,IU_SDV.00.LHT,8.884,-70.634,1588.0,SSS,0.3,1.75,0.9,2960.05,2965.04,2967.24,4.25e-07,9.35e-07,154.689,319.156,40.629,50.039,10.17
C200801141338A,2008-01-14T13:38:40.500000Z,10.36,92.7,43.9,5.83,T,IU_SFJD.00.LHT,66.996,-50.621,330.0,sScSScS,20.5,1.25,0.83,2257.54,2280.04,2263.24,9.84e-08,4.28e-07,98.296,346.34,36.358,57.314,73.453
C200801141338A,2008-01-14T13:38:40.500000Z,10.36,92.7,43.9,5.83,T,IU_SSPA.00.LHT,40.636,-77.888,170.0,sSS,-0.3,1.25,0.83,2322.32,2327.04,2329.24,5.66e-07,7.89e-07,128.39,350.94,11.763,72.398,64.857
C200801151752A,2008-01-15T17:52:20.600000Z,-22.05,-179.34,603.3,6.51,T,IU_AFI.00.LHT,-13.908,-171.783,705.0,ScS,6.7,0.6,0.98,818.24,828.03,821.3,7.24e-06,1.2e-05,10.834,42.847,220.506,-18.017,-175.475
C200801151752A,2008-01-15T17:52:20.600000Z,-22.05,-179.34,603.3,6.51,T,IU_AFI.00.LHT,-13.908,-171.783,705.0,sScS,0.95,1.4,0.94,1073.59,1083.03,1079.3,7.02e-06,1.06e-05,10.834,42.847,220.506,-18.017,-175.475
C200801151752A,2008-01-15T17:52:20.600000Z,-22.05,-179.34,603.3,6.51,T,IU_ANMO.00.LHT,34.946,-106.457,1767.2,SS,8.85,1.05,0.82,1688.76,1697.01,1692.3,2.37e-06,7.88e-06,89.414,51.738,242.533,8.018,-145.483
C200801151752A,2008-01-15T17:52:20.600000Z,-22.05,-179.34,603.3,6.51,T,IU_ANMO.00.LHT,34.946,-106.457,1767.2,sScSScSScS,6.4,1.85,0.88,3155.85,3167.01,3164.3,7.98e-07,3.15e-06,89.414,51.738,242.533,8.018,-145.483
C200801151752A,2008-01-15T17:52:20.600000Z,-22.05,-179.34,603.3,6.51,T,IU_BBSR.00.LHT,32.371,-64.696,-1.3,sSS,-0.05,0.8,0.85,2333.54,2331.02,2339.3,1.42e-06,5.42e-06,121.847,64.738,262.728,9.535,-126.153
C200801151752A,2008-01-15T17:52:20.600000Z,-22.05,-179.34,603.3,6.51,T,IU_BBSR.00.LHT,32.371,-64.696,-1.3,SSS,8.95,2.05,0.88,2403.63,2416.02,2416.3,8.24e-07,4.29e-06,121.847,64.738,262.728,9.535,-126.153
C200801151752A,2008-01-15T17:52:20.600000Z,-22.05,-179.34,603.3,6.51,T,IU_BBSR.00.LHT,32.371,-64.696,-1.3,ScSScSScS,10.0,1.9,0.95,3082.26,3105.02,3089.3,9.11e-07,4.27e-06,121.847,64.738,262.728,9.535,-126.153
C200801151752A,2008-01-15T17:52:20.600000Z,-22.05,-179.34,603.3,6.51,T,IU_BILL.00.LHT,68.065,166.453,320.0,SS,-0.85,0.35,0.87,1703.87,1701.88,1710.3,2.5e-06,8.73e-06,90.475,354.715,166.821,23.243,176.587
C200801151752A,2008-01-15T17:52:20.600000Z,-22.05,-179.34,603.3,6.51,T,IU_CASY.00.LHT,-66.279,110.535,5.0,sScS,-7.75,1.2,0.9,1335.72,1334.02,1337.3,1.91e-06,7.68e-06,61.992,205.457,81.122,-48.89,161.047
C200801151752A,2008-01-15T17:52:20.600000Z,-22.05,-179.34,603.3,6.51,T,IU_CASY.00.LHT,-66.279,110.535,5.0,ScSScS,3.25,1.65,0.95,1906.99,1916.02,1909.3,7.42e-07,4.01e-06,61.992,205.457,81.122,-48.89,161.047
C200801151752A,2008-01-15T17:52:20.600000Z,-22.05,-179.34,603.3,6.51,T,IU_CASY.00.LHT,-66.279,110.535,5.0,sScSScS,19.0,1.45,0.85,2156.98,2162.02,2157.3,7.09e-07,4.72e-06,61.992,205.457,81.122,-48.89,161.047
C200801151752A,2008-01-15T17:52:20.600000Z,-22.05,-179.34,603.3,6.51,T,IU_CCM.00.LHT,38.056,-91.245,171.5,SS,0.1,1.2,0.91,1862.7,1859.0,1865.3,2.26e-06,7.05e-06,101.89,53.699,251.422,11.085,-139.779
C200801151752A,2008-01-15T17:52:20.600000Z,-22.05,-179.34,603.3,6.51,T,IU_CCM.00.LHT,38.056,-91.245,171.5,sSSS,4.3,2.25,0.88,2287.32,2299.0,2304.3,1.19e-06,6.28e-06,101.89,53.699,251.422,11.085,-139.779
C200801151752A,2008-01-15T17:52:20.600000Z,-22.05,-179.34,603.3,6.51,T,IU_CCM.00.LHT,38.056,-91.245,171.5,ScSScSScS,6.55,0.95,0.94,2968.72,2980.0,2977.3,1.11e-06,3.67e-06,101.89,53.699,251.422,11.085,-139.779
C200801151752A,2008-01-15T17:52:20.600000Z,-22.05,-179.34,603.3,6.51,T,IU_CHTO.00.LHT,18.814,98.944,420.0,SS,-2.35,0.45,0.94,1692.67,1692.02,1696.3,1.53e-06,3.91e-06,89.688,290.342,113.332,-2.146,139.283
C200801151752A,2008-01-15T17:52:20.600000Z,-22.05,-179.34,603.3,6.51,T,IU_CTAO.00.LHT,-20.088,146.254,320.0,ScSScS,6.95,1.5,0.95,1789.07,1802.05,1792.3,1.77e-06,2.78e-06,32.148,267.018,99.724,-21.969,163.341
C200801151752A,2008-01-15T17:52:20.600000Z,-22.05,-179.34,603.3,6.51,T,IU_CTAO.00.LHT,-20.088,146.254,320.0,sScSScS,-0.65,1.8,0.87,2043.38,2053.05,2046.3,1.05e-06,2.1e-06,32.148,267.018,99.724,-21.969,163.341
C200801151752A,2008-01-15T17:52:20.600000Z,-22.05,-179.34,603.3,6.51,T,IU_DAV.00.LHT,7.07,125.579,149.0,SS,11.75,1.1,0.83,1269.43,1274.02,1271.3,3.21e-06,2.54e-06,61.282,291.757,119.797,-8.445,152.105
C200801151752A,2008-01-15T17:52:20.600000Z,-22.05,-179.34,603.3,6.51,T,IU_DWPF.00.LHT,28.11,-81.433,-132.0,Sdiff,-1.7,1.75,0.92,1460.36,1468.04,1462.3,8.87e-07,2.08e-06,106.813,66.022,253.711,4.629,-132.012
C200801151752A,2008-01-15T17:52:20.600000Z,-22.05,-179.34,603.3,6.51,T,IU_DWPF.00.LHT,28.11,-81.433,-132.0,SS,-6.0,1.85,0.84,1929.1,1936.04,1932.3,1.67e-06,6.12e-06,106.813,66.022,253.711,4.629,-132.012
C200801151752A,2008-01-15T17:52:20.600000Z,-22.05,-179.34,603.3,6.51,T,IU_GRFO.00.LHT,49.691,11.22,384.0,SS,-1.85,0.7,0.96,2466.46,2467.02,2472.3,3.39e-06,8.71e-06,151.095,345.891,20.411,51.237,158.602
C200801151752A,2008-01-15T17:52:20.600000Z,-22.05,-179.34,603.3,6.51,T,IU_HKT.00.LHT,29.962,-95.838,-863.0,SS,7.05,1.0,0.98,1774.57,1785.05,1777.3,4.36e-06,8.14e-06,95.497,60.021,247.874,5.314,-139.308
C200801151752A,2008-01-15T17:52:20.600000Z,-22.05,-179.34,603.3,6.51,T,IU_INCN.00.LHT,37.478,126.624,79.0,sSSS,-5.05,0.9,0.94,1912.16,1916.02,1927.3,1.54e-06,1.25e-05,78.096,318.835,129.81,8.666,155.895
C200801151752A,2008-01-15T17:52:20.600000Z,-22.05,-179.34,603.3,6.51,T,IU_JOHN.00.LHT,16.733,-169.529,2.5,S,-1.55,0.9,0.98,724.51,723.02,726.3,1.16e-05,1.89e-05,39.763,14.807,194.323,-2.671,-174.355
C200801151752A,2008-01-15T17:52:20.600000Z,-22.05,-179.34,603.3,6.51,T,IU_JOHN.00.LHT,16.733,-169.529,2.5,sScS,-3.65,1.5,0.94,1187.18,1189.02,1189.3,5.39e-06,8.64e-06,39.763,14.807,194.323,-2.671,-174.355
C200801151752A,2008-01-15T17:52:20.600000Z,-22.05,-179.34,603.3,6.51,T,IU_JOHN.00.LHT,16.733,-169.529,2.5,ScSScS,4.65,0.8,0.96,1812.86,1821.02,1819.3,2.63e-06,6.6e-06,39.763,14.807,194.323,-2.671,-174.355
C200801151752A,2008-01-15T17:52:20.600000Z,-22.05,-179.34,603.3,6.51,T,IU_JOHN.00.LHT,16.733,-169.529,2.5,sScSScS,-1.45,2.05,0.96,2066.22,2073.02,2074.3,2.69e-06,4.94e-06,39.763,14.807,194.323,-2.671,-174.355
C200801151752A,2008-01-15T17:52:20.600000Z,-22.05,-179.34,603.3,6.51,T,IU_KEV.00.LHT,69.756,27.004,85.0,SSS,-0.8,0.95,0.83,2518.11,2521.01,2524.3,7.43e-07,5.75e-06,129.68,348.476,32.264,41.759,166.679
C200801151752A,2008-01-15T17:52:20.600000Z,-22.05,-179.34,603.3,6.51,T,IU_KIP.00.LHT,21.42,-158.011,77.0,S,1.3,1.2,0.99,840.66,842.01,841.3,8.43e-06,1.54e-05,48.003,27.161,207.033,-0.321,-168.652
C200801151752A,2008-01-15T17:52:20.600000Z,-22.05,-179.34,603.3,6.51,T,IU_KIP.00.LHT,21.42,-158.011,77.0,ScSScS,8.7,1.45,0.98,1843.66,1857.01,1849.3,2.99e-06,5.11e-06,48.003,27.161,207.033,-0.321,-168.652
C200801151752A,2008-01-15T17:52:20.600000Z,-22.05,-179.34,603.3,6.51,T,IU_KIP.00.LHT,21.42,-158.011,77.0,sScSScS,3.4,1.4,0.96,2095.85,2105.01,2101.3,2.39e-06,4.53e-06,48.003,27.161,207.033,-0.321,-168.652
C200801151752A,2008-01-15T17:52:20.600000Z,-22.05,-179.34,603.3,6.51,T,IU_KNTN.00.LHT,-2.774,-171.719,18.0,sScS,-1.4,1.7,0.97,1098.72,1103.02,1103.3,7.59e-06,1.1e-05,20.561,22.186,200.522,-12.442,-175.388
C200801151752A,2008-01-15T17:52:20.600000Z,-22.05,-179.34,603.3,6.51,T,IU_KNTN.00.LHT,-2.774,-171.719,18.0,ScSScS,9.65,1.15,0.94,1762.03,1778.02,1770.3,3.37e-06,7.15e-06,20.561,22.186,200.522,-12.442,-175.388
C200801151752A,2008-01-15T17:52:20.600000Z,-22.05,-179.34,603.3,6.51,T,IU_KNTN.00.LHT,-2.774,-171.719,18.0,sScSScS,3.7,1.05,0.96,2017.47,2028.02,2027.3,3.3e-06,5.91e-06,20.561,22.186,200.522,-12.442,-175.388
C200801151752A,2008-01-15T17:52:20.600000Z,-22.05,-179.34,603.3,6.51,T,IU_KONO.00.LHT,59.649,9.598,-124.0,SS,2.25,0.85,0.93,2363.07,2368.04,2369.3,3.39e-06,1.03e-05,141.817,352.719,13.415,48.528,170.281
C200801151752A,2008-01-15T17:52:20.600000Z,-22.05,-179.34,603.3,6.51,T,IU_KONO.00.LHT,59.649,9.598,-124.0,ScSScS,-0.05,2.15,0.81,2448.33,2443.04,2453.3,8.15e-07,3.8e-06,141.817,352.719,13.415,48.528,170.281
C200801151752A,2008-01-15T17:52:20.600000Z,-22.05,-179.34,603.3,6.51,T,IU_LSZ.00.LHT,-15.278,28.188,1200.0,SS,1.0,0.7,0.94,2273.04,2272.04,2275.3,1.37e-06,6.23e-06,134.08,218.061,143.666,-55.0,99.756
C200801151752A,2008-01-15T17:52:20.600000Z,-22.05,-179.34,603.3,6.51,T,IU_LSZ.00.LHT,-15.278,28.188,1200.0,sSS,-2.3,2.15,0.87,2488.25,2487.04,2493.3,1.74e-06,8.81e-06,134.08,218.061,143.666,-55.0,99.756
C200801151752A,2008-01-15T17:52:20.600000Z,-22.05,-179.34,603.3,6.51,T,IU_LSZ.00.LHT,-15.278,28.188,1200.0,sSSS,-0.35,1.45,0.81,2775.33,2783.04,2784.3,1.78e-06,8.3e-06,134.08,218.061,143.666,-55.0,99.756
C200801151752A,2008-01-15T17:52:20.600000Z,-22.05,-179.34,603.3,6.51,T,IU_LVC.00.LHT,-22.613,-68.911,2930.0,Sdiff,11.6,1.45,0.84,1395.56,1410.02,1399.3,8.46e-07,1.34e-06,99.027,118.94,241.479,-35.847,-124.291
C200801151752A,2008-01-15T17:52:20.600000Z,-22.05,-179.34,603.3,6.51,T,IU_LVC.00.LHT,-22.613,-68.911,2930.0,SS,9.35,0.75,0.87,1823.5,1831.02,1827.3,1.37e-06,3.77e-06,99.027,118.94,241.479,-35.847,-124.291
C200801151752A,2008-01-15T17:52:20.600000Z,-22.05,-179.34,603.3,6.51,T,IU_MAJO.00.LHT,36.546,138.204,405.0,S,0.6,1.5,0.96,1125.08,1122.02,1125.3,1.98e-06,5.48e-06,70.793,324.84,138.402,7.788,161.013
C200801151752A,2008-01-15T17:52:20.600000Z,-22.05,-179.34,603.3,6.51,T,IU_MBWA.00.LHT,-21.159,119.731,88.0,S,-3.9,0.5,0.99,951.2,948.03,952.3,3.8e-06,8.11e-06,56.343,258.583,103.036,-24.696,150.092
C200801151752A,2008-01-15T17:52:20.600000Z,-22.05,-179.34,603.3,6.51,T,IU_MBWA.00.LHT,-21.159,119.731,88.0,sScS,-7.95,0.6,0.93,1294.6,1291.03,1298.3,1.96e-06,3.55e-06,56.343,258.583,103.036,-24.696,150.092
C200801151752A,2008-01-15T17:52:20.600000Z,-22.05,-179.34,603.3,6.51,T,IU_MBWA.00.LHT,-21.159,119.731,88.0,sScSScS,21.4,2.1,0.86,2130.73,2143.03,2130.3,2.04e-06,2.03e-06,56.343,258.583,103.036,-24.696,150.092
C200801151752A,2008-01-15T17:52:20.600000Z,-22.05,-179.34,603.3,6.51,T,IU_MIDW.00.LHT,28.216,-177.37,17.0,S,-1.15,1.05,0.98,868.51,870.05,870.3,8.28e-06,1.56e-05,50.054,2.27,182.387,3.089,-178.38
C200801151752A,2008-01-15T17:52:20.600000Z,-22.05,-179.34,603.3,6.51,T,IU_MIDW.00.LHT,28.216,-177.37,17.0,ScS,4.85,0.75,1.0,1007.2,1013.05,1008.3,5.57e-06,9.24e-06,50.054,2.27,182.387,3.089,-178.38
C200801151752A,2008-01-15T17:52:20.600000Z,-22.05,-179.34,603.3,6.51,T,IU_NWAO.00.LHT,-32.928,117.239,275.0,S,-1.8,1.1,1.0,954.2,952.01,955.3,4.76e-06,8.51e-06,56.577,244.25,96.237,-31.464,150.695
C200801151752A,2008-01-15T17:52:20.600000Z,-22.05,-179.34,603.3,6.51,T,IU_NWAO.00.LHT,-32.928,117.239,275.0,ScS,0.8,1.0,1.0,1053.93,1054.01,1054.3,3.02e-06,5.16e-06,56.577,244.25,96.237,-31.464,150.695
C200801151752A,2008-01-15T17:52:20.600000Z,-22.05,-179.34,603.3,6.51,T,IU_NWAO.00.LHT,-32.928,117.239,275.0,sS,-3.95,1.45,0.94,1159.77,1157.01,1163.3,5.19e-06,8.3e-06,56.577,244.25,96.237,-31.464,150.695
C200801151752A,2008-01-15T17:52:20.600000Z,-22.05,-179.34,603.3,6.51,T,IU_OTAV.00.LHT,0.238,-78.451,3495.0,Sdiff,16.25,1.4,0.94,1405.89,1419.01,1408.3,6.84e-07,7.22e-07,100.269,94.016,247.672,-16.876,-126.274
C200801151752A,2008-01-15T17:52:20.600000Z,-22.05,-179.34,603.3,6.51,T,IU_OTAV.00.LHT,0.238,-78.451,3495.0,ScSScS,-8.75,1.1,0.86,2137.33,2136.01,2137.3,5.7e-07,8.12e-07,100.269,94.016,247.672,-16.876,-126.274
C200801151752A,2008-01-15T17:52:20.600000Z,-22.05,-179.34,603.3,6.51,T,IU_PAB.00.LHT,39.545,-4.35,950.0,SSS,0.65,2.1,0.82,2967.96,2980.05,2972.3,1.65e-06,1.31e-05,161.951,12.356,345.109,56.912,-156.666
C200801151752A,2008-01-15T17:52:20.600000Z,-22.05,-179.34,603.3,6.51,T,IU_PMSA.00.LHT,-64.774,-64.049,40.0,sScSScS,2.65,1.2,0.96,2255.04,2260.0,2257.3,1.62e-06,3.43e-06,80.286,156.94,238.2,-56.856,-151.931
C200801151752A,2008-01-15T17:52:20.600000Z,-22.05,-179.34,603.3,6.51,T,IU_QSPA.00.LHT,-89.929,144.438,2847.0,S,1.55,2.15,0.95,1092.75,1091.01,1095.3,2.97e-06,7.33e-06,67.955,180.045,36.239,-56.08,-179.385
C200801151752A,2008-01-15T17:52:20.600000Z,-22.05,-179.34,603.3,6.51,T,IU_QSPA.00.LHT,-89.929,144.438,2847.0,sS,-1.45,1.65,0.93,1308.69,1312.01,1312.3,3.23e-06,1.4e-05,67.955,180.045,36.239,-56.08,-179.385
C200801151752A,2008-01-15T17:52:20.600000Z,-22.05,-179.34,603.3,6.51,T,IU_QSPA.00.LHT,-89.929,144.438,2847.0,ScSScS,-18.65,1.65,0.86,1937.82,1935.01,1937.3,1.04e-06,6.23e-06,67.955,180.045,36.239,-56.08,-179.385
C200801151752A,2008-01-15T17:52:20.600000Z,-22.05,-179.34,603.3,6.51,T,IU_RAR.00.LHT,-21.212,-159.773,28.0,ScS,3.7,2.25,0.87,837.56,844.02,840.3,1.78e-06,3.67e-06,18.224,91.04,263.766,-21.922,-169.528
C200801151752A,2008-01-15T17:52:20.600000Z,-22.05,-179.34,603.3,6.51,T,IU_RSSD.00.LHT,44.121,-104.036,2087.0,ScSScS,6.55,0.6,0.96,2102.88,2111.02,2107.3,1.76e-06,5.47e-06,95.19,44.365,244.388,13.833,-147.271
C200801151752A,2008-01-15T17:52:20.600000Z,-22.05,-179.34,603.3,6.51,T,IU_RSSD.00.LHT,44.121,-104.036,2087.0,sScSScSScS,1.0,1.25,0.96,3183.72,3186.02,3190.3,5.05e-07,3.97e-06,95.19,44.365,244.388,13.833,-147.271
C200801151752A,2008-01-15T17:52:20.600000Z,-22.05,-179.34,603.3,6.51,T,IU_SBA.00.LHT,-77.849,166.757,48.0,ScSScS,8.65,1.05,0.97,1879.2,1891.0,1878.3,1.82e-06,4.3e-06,56.206,183.502,15.561,-50.137,178.095
C200801151752A,2008-01-15T17:52:20.600000Z,-22.05,-179.34,603.3,6.51,T,IU_SBA.00.LHT,-77.849,166.757,48.0,sScSScS,1.25,0.75,0.92,2130.12,2134.0,2130.3,1.77e-06,5.52e-06,56.206,183.502,15.561,-50.137,178.095
C200801151752A,2008-01-15T17:52:20.600000Z,-22.05,-179.34,603.3,6.51,T,IU_SFJD.00.LHT,66.996,-50.621,330.0,SS,-4.0,0.95,0.91,2160.71,2154.02,2163.3,3.51e-06,1.07e-05,124.81,21.849,298.289,36.313,-155.253
C200801151752A,2008-01-15T17:52:20.600000Z,-22.05,-179.34,603.3,6.51,T,IU_SJG.00.LHT,18.109,-66.15,420.0,SS,7.35,0.15,0.97,2071.04,2084.74,2075.3,1.98e-06,2.49e-06,117.678,80.545,254.166,-3.597,-121.655
C200801151752A,2008-01-15T17:52:20.600000Z,-22.05,-179.34,603.3,6.51,T,IU_SSPA.00.LHT,40.636,-77.888,170.0,Sdiff,8.75,0.65,0.98,1508.1,1519.03,1510.3,1.28e-06,1.63e-06,112.548,53.785,259.89,14.471,-135.548
C200801151752A,2008-01-15T17:52:20.600000Z,-22.05,-179.34,603.3,6.51,T,IU_SSPA.00.LHT,40.636,-77.888,170.0,sSdiff,3.2,1.8,0.86,1745.81,1753.03,1744.3,1.48e-06,1.69e-06,112.548,53.785,259.89,14.471,-135.548
C200801151752A,2008-01-15T17:52:20.600000Z,-22.05,-179.34,603.3,6.51,T,IU_TIXI.00.LHT,71.634,128.867,40.0,Sdiff,-0.05,1.1,0.96,1402.95,1403.05,1405.3,2.16e-06,3.98e-06,99.916,345.377,132.204,26.668,168.198
C200801151752A,2008-01-15T17:52:20.600000Z,-22.05,-179.34,603.3,6.51,T,IU_TIXI.00.LHT,71.634,128.867,40.0,sSS,-4.0,1.4,0.97,2034.83,2032.05,2039.3,1.97e-06,5.13e-06,99.916,345.377,132.204,26.668,168.198
C200801151752A,2008-01-15T17:52:20.600000Z,-22.05,-179.34,603.3,6.51,T,IU_TRIS.00.LHT,-37.068,-12.315,58.0,SS,10.55,1.9,0.9,2098.04,2113.01,2099.3,9.41e-07,5.27e-06,119.803,168.141,193.8,-76.674,-129.109
C200801151752A,2008-01-15T17:52:20.600000Z,-22.05,-179.34,603.3,6.51,T,IU_TRIS.00.LHT,-37.068,-12.315,58.0,ScSScSScS,-24.7,2.8,0.84,3069.99,3076.01,3094.3,6.51e-07,3.4e-06,119.803,168.141,193.8,-76.674,-129.109
C200801151752A,2008-01-15T17:52:20.600000Z,-22.05,-179.34,603.3,6.51,T,IU_TSUM.00.LHT,-19.202,17.584,1260.0,sSS,-3.0,1.4,0.92,2507.87,2506.01,2513.3,2.24e-06,9.86e-06,135.683,202.97,157.477,-68.796,95.519
C200801151752A,2008-01-15T17:52:20.600000Z,-22.05,-179.34,603.3,6.51,T,IU_TSUM.00.LHT,-19.202,17.584,1260.0,sScSScS,-1.0,2.45,0.89,2639.97,2662.01,2648.3,2.34e-06,5.14e-06,135.683,202.97,157.477,-68.796,95.519
C200801151752A,2008-01-15T17:52:20.600000Z,-22.05,-179.34,603.3,6.51,T,IU_TUC.00.LHT,32.31,-110.785,909.0,sScSScS,7.65,1.8,0.86,2283.11,2300.04,2287.3,1.72e-06,3.99e-06,84.984,52.314,240.162,6.218,-146.855
C200801151752A,2008-01-15T17:52:20.600000Z,-22.05,-179.34,603.3,6.51,T,IU_WAKE.00.LHT,19.283,166.652,18.0,S,-1.85,1.7,0.94,775.83,773.47,778.3,7.17e-06,1.1e-05,43.345,340.52,160.883,-1.396,173.592
C200801151752A,2008-01-15T17:52:20.600000Z,-22.05,-179.34,603.3,6.51,T,IU_WCI.00.LHT,38.229,-86.294,78.0,sSdiff,1.6,1.05,0.9,1688.56,1696.81,1689.3,2.37e-06,2.7e-06,105.67,54.718,254.236,11.686,-137.778
C200801151752A,2008-01-15T17:52:20.600000Z,-22.05,-179.34,603.3,6.51,T,IU_WCI.00.LHT,38.229,-86.294,78.0,SS,2.15,0.55,0.91,1913.79,1916.81,1916.3,1.74e-06,7.18e-06,105.67,54.718,254.236,11.686,-137.778
C200801151752A,2008-01-15T17:52:20.600000Z,-22.05,-179.34,603.3,6.51,T,IU_WVT.00.LHT,36.13,-87.83,170.0,sSdiff,3.15,0.6,0.92,1673.83,1683.01,1674.3,3.95e-06,3.58e-06,103.9,56.441,252.865,10.06,-137.609
C200801161154A,2008-01-16T11:54:51.300000Z,32.35,85.29,12.0,5.89,T,IU_BBSR.00.LHT,32.371,-64.696,-1.3,SS,-3.05,0.55,0.94,2064.67,2065.2,2074.2,6.14e-07,1.17e-06,109.549,333.455,26.551,67.864,10.322
C200801161154A,2008-01-16T11:54:51.300000Z,32.35,85.29,12.0,5.89,T,IU_CTAO.00.LHT,-20.088,146.254,320.0,SS,-14.1,1.6,0.91,1618.55,1617.05,1628.2,2.3e-07,3.99e-07,78.277,122.86,310.886,7.122,117.548
C200801161154A,2008-01-16T11:54:51.300000Z,32.35,85.29,12.0,5.89,T,IU_GRFO.00.LHT,49.691,11.22,384.0,S,-1.4,1.7,0.93,1049.78,1057.02,1056.2,5.86e-07,9.98e-07,56.202,311.391,78.161,47.347,53.952
C200801161154A,2008-01-16T11:54:51.300000Z,32.35,85.29,12.0,5.89,T,IU_GRFO.00.LHT,49.691,11.22,384.0,ScSScSScS,10.55,2.65,0.81,2894.46,2917.02,2913.2,9.82e-07,6.88e-07,56.202,311.391,78.161,47.347,53.952
C200801161154A,2008-01-16T11:54:51.300000Z,32.35,85.29,12.0,5.89,T,IU_HKT.00.LHT,29.962,-95.838,-863.0,SS,-1.0,1.25,0.9,2174.62,2178.05,2186.2,3.38e-07,9.39e-07,117.868,1.1,358.927,88.495,-133.319
C200801161154A,2008-01-16T11:54:51.300000Z,32.35,85.29,12.0,5.89,T,IU_KBS.00.LHT,78.915,11.938,87.0,S,-0.75,0.5,0.99,1036.76,1040.02,1042.2,6.66e-07,1.37e-06,55.226,346.995,99.408,58.846,73.699
C200801161154A,2008-01-16T11:54:51.300000Z,32.35,85.29,12.0,5.89,T,IU_KIEV.00.LHT,50.701,29.224,140.0,S,-4.3,1.6,0.97,888.76,886.04,895.2,8.58e-07,1.26e-06,44.625,311.407,92.049,45.03,61.597
C200801161154A,2008-01-16T11:54:51.300000Z,32.35,85.29,12.0,5.89,T,IU_KONO.00.LHT,59.649,9.598,-124.0,S,-3.05,1.75,0.97,1041.13,1043.02,1047.2,1.08e-06,1.39e-06,55.553,323.462,83.639,52.189,58.471
C200801161154A,2008-01-16T11:54:51.300000Z,32.35,85.29,12.0,5.89,T,IU_MBWA.00.LHT,-21.159,119.731,88.0,ScS,5.4,2.2,0.84,1216.45,1220.03,1229.2,6e-07,3.99e-07,62.637,143.482,327.362,5.869,103.383
C200801161154A,2008-01-16T11:54:51.300000Z,32.35,85.29,12.0,5.89,T,IU_PET.00.LHT,53.023,158.65,105.0,S,-6.8,1.2,0.97,1035.85,1039.01,1045.2,2.97e-07,1.07e-06,55.158,44.739,279.097,48.802,114.85
C200801161154A,2008-01-16T11:54:51.300000Z,32.35,85.29,12.0,5.89,T,IU_TRQA.00.LHT,-38.057,-61.979,439.0,SS,-6.6,1.2,0.93,2593.71,2602.9,2605.2,4.53e-07,9.57e-07,152.833,248.678,92.369,-10.113,18.528
C200801161154A,2008-01-16T11:54:51.300000Z,32.35,85.29,12.0,5.89,T,IU_WVT.00.LHT,36.13,-87.83,170.0,SS,-2.3,0.75,0.84,2089.78,2089.01,2098.2,2.95e-07,7.74e-07,111.423,354.057,6.216,84.65,19.178
C200801161154A,2008-01-16T11:54:51.300000Z,32.35,85.29,12.0,5.89,T,IU_YSS.00.LHT,46.959,142.76,148.0,S,-4.35,2.15,0.94,902.51,900.61,911.2,4.06e-07,1.68e-06,45.576,53.868,272.737,43.36,110.703
C200801200609A,2008-01-20T06:09:00.000000Z,-35.01,-112.18,14.0,5.59,T,IU_ANMO.00.LHT,34.946,-106.457,1671.0,SS,-6.2,1.7,0.94,1489.88,1493.35,1498.21,2.76e-07,3.86e-07,69.852,5.011,185.007,-0.032,-109.317
C200801200609A,2008-01-20T06:09:00.000000Z,-35.01,-112.18,14.0,5.59,T,IU_CASY.00.LHT,-66.279,110.535,5.0,S,0.25,1.0,0.96,1264.78,1274.02,1275.21,2.5e-07,6.04e-07,73.733,196.547,144.63,-68.432,-139.765
C200801200609A,2008-01-20T06:09:00.000000Z,-35.01,-112.18,14.0,5.59,T,IU_INCN.00.LHT,37.478,126.624,79.0,SS,9.15,2.55,0.94,2367.32,2381.02,2375.21,2.13e-07,4.95e-07,133.265,290.999,105.547,2.534,-171.172
C200801200609A,2008-01-20T06:09:00.000000Z,-35.01,-112.18,14.0,5.59,T,IU_KBS.00.LHT,78.915,11.938,87.0,SS,6.2,2.4,0.93,2333.22,2349.02,2337.21,2.15e-07,4.5e-07,130.469,12.127,296.742,29.422,-99.565
C200801200609A,2008-01-20T06:09:00.000000Z,-35.01,-112.18,14.0,5.59,T,IU_KIEV.00.LHT,50.701,29.224,140.0,SS,3.05,1.45,0.93,2540.67,2549.04,2544.21,1.7e-07,3.72e-07,148.105,48.45,284.781,21.62,-61.597
C200801200609A,2008-01-20T06:09:00.000000Z,-35.01,-112.18,14.0,5.59,T,IU_LCO.00.LHT,-29.011,-70.7,2300.0,ScSScSScS,-13.8,1.65,0.87,2839.43,2830.12,2837.21,9.19e-08,2.35e-07,35.494,92.156,249.423,-33.768,-90.733
C200801200609A,2008-01-20T06:09:00.000000Z,-35.01,-112.18,14.0,5.59,T,IU_LVC.00.LHT,-22.613,-68.911,2930.0,S,-0.95,1.35,0.95,814.06,819.02,824.21,5.63e-07,7.35e-07,39.599,83.712,241.941,-30.618,-89.195
C200801200609A,2008-01-20T06:09:00.000000Z,-35.01,-112.18,14.0,5.59,T,IU_MAJO.00.LHT,36.546,138.204,405.0,SS,9.15,2.1,0.95,2254.86,2267.02,2263.21,2.7e-07,5.17e-07,124.176,293.594,110.9,1.342,-166.204
C200801200609A,2008-01-20T06:09:00.000000Z,-35.01,-112.18,14.0,5.59,T,IU_OTAV.00.LHT,0.238,-78.451,3495.0,S,6.2,0.6,0.93,924.76,934.01,926.21,4.81e-07,5.29e-07,47.165,49.295,218.433,-18.13,-93.597
C200801200609A,2008-01-20T06:09:00.000000Z,-35.01,-112.18,14.0,5.59,T,IU_OTAV.00.LHT,0.238,-78.451,3495.0,SS,-17.4,2.95,0.82,1133.64,1141.01,1141.21,3.52e-07,1.63e-06,47.165,49.295,218.433,-18.13,-93.597
C200801200609A,2008-01-20T06:09:00.000000Z,-35.01,-112.18,14.0,5.59,T,IU_PAYG.00.LHT,-0.674,-90.286,269.3,S,5.15,1.65,0.97,817.51,825.02,819.21,4.28e-07,7.25e-07,39.83,35.652,208.552,-18.165,-100.137
C200801200609A,2008-01-20T06:09:00.000000Z,-35.01,-112.18,14.0,5.59,T,IU_POHA.00.LHT,19.757,-155.533,1989.0,S,4.85,3.4,0.87,1202.05,1212.01,1208.21,9.24e-07,3.2e-07,68.325,315.849,142.654,-8.217,-135.429
C200801200609A,2008-01-20T06:09:00.000000Z,-35.01,-112.18,14.0,5.59,T,IU_RAR.00.LHT,-21.212,-159.773,28.0,S,8.3,2.4,0.88,876.15,886.04,880.21,8.07e-07,9.91e-07,43.796,275.251,118.899,-30.283,-137.601
C200801200609A,2008-01-20T06:09:00.000000Z,-35.01,-112.18,14.0,5.59,T,IU_SBA.00.LHT,-77.849,166.757,48.0,S,8.5,2.45,0.93,1021.26,1038.01,1030.21,7.66e-07,8.36e-07,54.114,194.924,89.781,-60.571,-125.924
C200801200609A,2008-01-20T06:09:00.000000Z,-35.01,-112.18,14.0,5.59,T,IU_TRQA.00.LHT,-38.057,-61.979,439.0,S,-1.3,1.85,0.95,820.85,824.02,829.21,8.58e-07,9.82e-07,40.053,109.612,258.432,-39.298,-87.606
C200801200609A,2008-01-20T06:09:00.000000Z,-35.01,-112.18,14.0,5.59,T,IU_TUC.00.LHT,32.31,-110.785,909.0,S,4.75,1.85,0.98,1186.52,1196.04,1191.21,4.05e-07,5.39e-07,67.03,1.284,181.245,-1.354,-111.472
C200801200609A,2008-01-20T06:09:00.000000Z,-35.01,-112.18,14.0,5.59,T,IU_TUC.00.LHT,32.31,-110.785,909.0,SS,7.0,1.25,0.92,1446.35,1454.04,1453.21,2.75e-07,3.76e-07,67.03,1.284,181.245,-1.354,-111.472
C200801200609A,2008-01-20T06:09:00.000000Z,-35.01,-112.18,14.0,5.59,T,IU_ULN.00.LHT,47.865,107.053,1610.0,SSS,6.5,2.45,0.82,2877.99,2885.04,2890.21,1.28e-07,4.73e-07,148.299,306.094,80.331,18.118,-166.919
C200801201841A,2008-01-20T18:41:53.000000Z,-44.88,167.0,14.1,5.53,T,IU_ADK.00.LHT,51.882,-176.684,130.0,ScSScS,2.65,1.25,0.89,2236.1,2249.05,2243.23,1.34e-07,2.28e-07,97.448,10.122,191.634,3.557,174.593
C200801201841A,2008-01-20T18:41:53.000000Z,-44.88,167.0,14.1,5.53,T,IU_CASY.00.LHT,-66.279,110.535,5.0,S,-0.3,0.4,0.97,769.17,774.02,771.23,1.63e-07,5.59e-07,36.631,214.331,82.861,-58.62,147.174
C200801201841A,2008-01-20T18:41:53.000000Z,-44.88,167.0,14.1,5.53,T,IU_COR.00.LHT,44.586,-123.305,110.0,SS,6.75,1.45,0.96,2049.37,2061.04,2055.23,9.44e-08,3.19e-07,108.456,44.981,224.692,-0.18,-158.051
C200801201841A,2008-01-20T18:41:53.000000Z,-44.88,167.0,14.1,5.53,T,IU_GUMO.00.LHT,13.589,144.868,61.0,S,1.55,2.25,0.89,1119.34,1118.02,1121.23,3.4e-07,5.92e-07,61.603,335.353,162.274,-15.958,154.185
C200801201841A,2008-01-20T18:41:53.000000Z,-44.88,167.0,14.1,5.53,T,IU_HNR.00.LHT,-9.439,159.948,99.0,S,4.0,1.05,0.97,757.19,765.01,757.23,5.81e-07,6.7e-07,35.846,348.049,171.432,-27.224,162.898
C200801201841A,2008-01-20T18:41:53.000000Z,-44.88,167.0,14.1,5.53,T,IU_KIEV.00.LHT,50.701,29.224,140.0,SS,0.25,1.6,0.85,2577.23,2576.04,2578.23,4.37e-08,1.87e-07,151.388,296.98,94.681,8.053,106.403
C200801201841A,2008-01-20T18:41:53.000000Z,-44.88,167.0,14.1,5.53,T,IU_KIP.00.LHT,21.42,-158.011,77.0,S,2.75,0.95,0.99,1260.38,1265.01,1261.23,2.22e-07,4.83e-07,73.347,33.946,205.186,-12.31,-173.067
C200801201841A,2008-01-20T18:41:53.000000Z,-44.88,167.0,14.1,5.53,T,IU_LSZ.00.LHT,-15.278,28.188,1200.0,SS,0.65,0.45,0.82,2061.12,2069.04,2065.23,9.75e-08,3.93e-07,109.327,222.159,150.414,-56.878,75.479
C200801201841A,2008-01-20T18:41:53.000000Z,-44.88,167.0,14.1,5.53,T,IU_PET.00.LHT,53.023,158.65,105.0,SSS,1.45,1.5,0.91,2129.25,2136.01,2134.23,9.89e-08,3.37e-07,97.829,354.916,174.011,4.106,163.166
C200801202026A,2008-01-20T20:26:10.900000Z,2.68,126.86,39.8,6.08,T,IU_ADK.00.LHT,51.882,-176.684,130.0,S,-2.2,1.35,0.98,1189.13,1191.05,1191.26,1.68e-06,2.72e-06,67.768,33.877,244.179,30.203,147.889
C200801202026A,2008-01-20T20:26:10.900000Z,2.68,126.86,39.8,6.08,T,IU_ADK.00.LHT,51.882,-176.684,130.0,SS,-8.35,2.05,0.88,1451.94,1444.05,1455.26,1.17e-06,2.08e-06,67.768,33.877,244.179,30.203,147.889
C200801202026A,2008-01-20T20:26:10.900000Z,2.68,126.86,39.8,6.08,T,IU_HKT.00.LHT,29.962,-95.838,-863.0,SS,-0.05,2.45,0.88,2295.33,2305.05,2297.26,1.28e-06,1.27e-06,127.903,47.933,301.214,38.572,-174.788
C200801202026A,2008-01-20T20:26:10.900000Z,2.68,126.86,39.8,6.08,T,IU_INCN.00.LHT,37.478,126.624,79.0,S,4.1,1.55,0.92,733.07,739.5,737.26,2.26e-06,4.24e-06,34.654,359.67,179.585,20.096,126.755
C200801202026A,2008-01-20T20:26:10.900000Z,2.68,126.86,39.8,6.08,T,IU_JOHN.00.LHT,16.733,-169.529,2.5,S,-5.05,1.25,0.87,1143.74,1147.02,1163.26,1.64e-06,3e-06,64.042,72.744,264.781,11.393,157.921
C200801202026A,2008-01-20T20:26:10.900000Z,2.68,126.86,39.8,6.08,T,IU_KNTN.00.LHT,-2.774,-171.719,18.0,S,-4.65,1.55,0.96,1114.48,1118.02,1130.26,2.16e-06,4.03e-06,61.705,94.573,274.518,-0.055,157.569
C200801202026A,2008-01-20T20:26:10.900000Z,2.68,126.86,39.8,6.08,T,IU_SDV.00.LHT,8.884,-70.634,1588.0,SSS,-1.0,1.95,0.87,3022.68,3041.04,3047.26,2.3e-07,1.89e-06,159.202,55.684,303.385,34.314,-153.962
C200801202026A,2008-01-20T20:26:10.900000Z,2.68,126.86,39.8,6.08,T,IU_SJG.00.LHT,18.109,-66.15,420.0,SS,-1.4,2.2,0.85,2617.33,2624.01,2616.26,1.28e-06,1.97e-06,155.643,30.733,327.526,58.225,-162.074
C200801202026A,2008-01-20T20:26:10.900000Z,2.68,126.86,39.8,6.08,T,IU_TIXI.00.LHT,71.634,128.867,40.0,S,-2.55,1.4,0.95,1202.07,1201.52,1207.26,1.07e-06,3.54e-06,68.855,0.681,182.152,37.249,127.342
C200801202026A,2008-01-20T20:26:10.900000Z,2.68,126.86,39.8,6.08,T,IU_TIXI.00.LHT,71.634,128.867,40.0,SS,1.9,1.65,0.93,1468.7,1476.52,1473.26,1.06e-06,2.77e-06,68.855,0.681,182.152,37.249,127.342
C200801202026A,2008-01-20T20:26:10.900000Z,2.68,126.86,39.8,6.08,T,IU_YAK.00.LHT,62.031,129.68,96.0,S,-1.5,1.65,0.9,1083.06,1084.02,1088.26,1.4e-06,4.16e-06,59.25,1.544,183.282,32.426,127.762
C200801202026A,2008-01-20T20:26:10.900000Z,2.68,126.86,39.8,6.08,T,IU_YSS.00.LHT,46.959,142.76,148.0,S,-0.4,1.6,0.92,905.54,906.04,910.26,1.86e-06,5.31e-06,46.24,15.052,202.296,25.056,133.311
C200801211224A,2008-01-21T12:24:30.900000Z,-35.01,-112.11,16.2,5.76,T,IU_CCM.00.LHT,38.056,-91.245,171.5,S,-2.6,1.8,0.82,1281.52,1289.03,1288.22,5.86e-08,8.99e-07,75.285,16.915,197.613,1.554,-101.885
C200801211224A,2008-01-21T12:24:30.900000Z,-35.01,-112.11,16.2,5.76,T,IU_CCM.00.LHT,38.056,-91.245,171.5,SS,-3.25,1.45,0.93,1572.26,1581.03,1583.22,2.17e-07,5.22e-07,75.285,16.915,197.613,1.554,-101.885
C200801211224A,2008-01-21T12:24:30.900000Z,-35.01,-112.11,16.2,5.76,T,IU_KBS.00.LHT,78.915,11.938,87.0,SSS,-23.5,1.45,0.86,2621.74,2627.02,2639.22,1.02e-07,5.57e-07,130.457,12.135,296.668,29.415,-99.488
C200801211224A,2008-01-21T12:24:30.900000Z,-35.01,-112.11,16.2,5.76,T,IU_KIEV.00.LHT,50.701,29.224,140.0,SS,0.3,2.15,0.89,2539.57,2536.04,2542.22,2.72e-07,1.39e-06,148.062,48.472,284.709,21.591,-61.526
C200801211224A,2008-01-21T12:24:30.900000Z,-35.01,-112.11,16.2,5.76,T,IU_KIEV.00.LHT,50.701,29.224,140.0,SSS,1.8,2.2,0.86,2874.08,2877.04,2880.22,2.15e-07,1.09e-06,148.062,48.472,284.709,21.591,-61.526
C200801211224A,2008-01-21T12:24:30.900000Z,-35.01,-112.11,16.2,5.76,T,IU_LSZ.00.LHT,-15.278,28.188,1200.0,SS,-6.35,1.65,0.83,2166.47,2167.04,2183.22,1.95e-07,9.28e-07,117.33,136.288,215.961,-53.593,-29.243
C200801211224A,2008-01-21T12:24:30.900000Z,-35.01,-112.11,16.2,5.76,T,IU_OTAV.00.LHT,0.238,-78.451,3495.0,SS,7.75,2.25,0.82,1132.36,1140.01,1140.22,1.34e-06,6.24e-06,47.122,49.22,218.381,-18.127,-93.566
C200801211224A,2008-01-21T12:24:30.900000Z,-35.01,-112.11,16.2,5.76,T,IU_PAYG.00.LHT,-0.674,-90.286,269.3,S,6.5,1.35,0.94,816.43,830.79,818.22,9.11e-07,1.42e-06,39.796,35.556,208.479,-18.163,-100.106
C200801211224A,2008-01-21T12:24:30.900000Z,-35.01,-112.11,16.2,5.76,T,IU_RAR.00.LHT,-21.212,-159.773,28.0,S,-0.6,1.45,0.96,876.4,886.02,887.22,1.1e-06,2.21e-06,43.853,275.205,118.892,-30.29,-137.569
C200801211224A,2008-01-21T12:24:30.900000Z,-35.01,-112.11,16.2,5.76,T,IU_SBA.00.LHT,-77.849,166.757,48.0,S,13.4,1.2,0.94,1020.87,1040.01,1023.22,3.57e-07,8.65e-07,54.129,194.924,89.849,-60.578,-125.86
C200801211224A,2008-01-21T12:24:30.900000Z,-35.01,-112.11,16.2,5.76,T,IU_SDV.00.LHT,8.884,-70.634,1588.0,S,-1.0,1.65,0.97,1081.57,1080.04,1084.22,9.28e-07,2.13e-06,58.707,50.066,219.517,-13.95,-89.354
C200801211224A,2008-01-21T12:24:30.900000Z,-35.01,-112.11,16.2,5.76,T,IU_SDV.00.LHT,8.884,-70.634,1588.0,SS,0.65,0.75,0.92,1316.01,1317.04,1319.22,7.23e-07,1.37e-06,58.707,50.066,219.517,-13.95,-89.354
C200801211224A,2008-01-21T12:24:30.900000Z,-35.01,-112.11,16.2,5.76,T,IU_SJG.00.LHT,18.109,-66.15,420.0,S,-0.85,0.9,0.99,1204.36,1205.01,1206.22,1.09e-06,1.43e-06,68.571,47.331,219.354,-9.185,-87.334
C200801211224A,2008-01-21T12:24:30.900000Z,-35.01,-112.11,16.2,5.76,T,IU_ULN.00.LHT,47.865,107.053,1610.0,SS,7.8,1.65,0.94,2542.75,2553.04,2547.22,1.84e-07,9.73e-07,148.345,306.109,80.266,18.145,-166.855
C200801211224A,2008-01-21T12:24:30.900000Z,-35.01,-112.11,16.2,5.76,T,IU_YAK.00.LHT,62.031,129.68,96.0,SS,0.05,2.3,0.94,2367.98,2369.55,2371.22,2.53e-07,6.63e-07,133.37,325.223,84.044,23.256,-146.782
C200801220755A,2008-01-22T07:55:53.900000Z,-15.25,-175.17,14.6,6.02,T,IU_BBSR.00.LHT,32.371,-64.696,-1.3,SS,-0.65,2.05,0.83,2139.54,2160.02,2157.27,6.72e-07,8.58e-07,115.237,61.076,267.548,14.806,-125.388
C200801220755A,2008-01-22T07:55:53.900000Z,-15.25,-175.17,14.6,6.02,T,IU_BBSR.00.LHT,32.371,-64.696,-1.3,sScSScSScS,9.35,1.6,0.86,3171.11,3188.02,3189.27,5.8e-07,1.29e-06,115.237,61.076,267.548,14.806,-125.388
C200801220755A,2008-01-22T07:55:53.900000Z,-15.25,-175.17,14.6,6.02,T,IU_CASY.00.LHT,-66.279,110.535,5.0,S,-8.5,2.65,0.92,1219.29,1220.02,1228.27,7.01e-07,2.25e-06,69.797,204.45,81.926,-45.995,164.96
C200801220755A,2008-01-22T07:55:53.900000Z,-15.25,-175.17,14.6,6.02,T,IU_CHTO.00.LHT,18.814,98.944,420.0,SSS,-4.4,1.95,0.93,2024.74,2030.02,2032.27,8.76e-07,1.93e-06,91.135,289.085,105.611,2.441,142.393
C200801220755A,2008-01-22T07:55:53.900000Z,-15.25,-175.17,14.6,6.02,T,IU_GRFO.00.LHT,49.691,11.22,384.0,SS,-1.2,2.2,0.91,2507.11,2510.02,2516.27,6.31e-07,1.55e-06,145.158,352.802,10.752,56.809,172.267
C200801220755A,2008-01-22T07:55:53.900000Z,-15.25,-175.17,14.6,6.02,T,IU_GRFO.00.LHT,49.691,11.22,384.0,SSS,6.95,2.9,0.91,2833.62,2852.02,2844.27,4.31e-07,1.82e-06,145.158,352.802,10.752,56.809,172.267
C200801220755A,2008-01-22T07:55:53.900000Z,-15.25,-175.17,14.6,6.02,T,IU_KBL.00.LHT,34.541,69.043,1913.0,SS,0.45,2.7,0.88,2197.54,2203.0,2208.27,7.15e-07,1.48e-06,119.695,301.331,88.407,17.709,134.09
C200801220755A,2008-01-22T07:55:53.900000Z,-15.25,-175.17,14.6,6.02,T,IU_KONO.00.LHT,59.649,9.598,-124.0,SS,0.15,2.2,0.96,2393.36,2398.04,2402.27,7.22e-07,1.77e-06,135.44,356.575,6.535,52.57,179.631
C200801220755A,2008-01-22T07:55:53.900000Z,-15.25,-175.17,14.6,6.02,T,IU_LVC.00.LHT,-22.613,-68.911,2930.0,SS,8.15,3.4,0.85,1914.36,1929.4,1928.27,1.46e-06,2.14e-06,98.661,116.372,249.409,-29.827,-123.72
C200801220755A,2008-01-22T07:55:53.900000Z,-15.25,-175.17,14.6,6.02,T,IU_MBWA.00.LHT,-21.159,119.731,88.0,S,-6.25,2.95,0.88,1121.77,1116.04,1126.27,8.38e-07,1.74e-06,61.806,253.874,96.473,-21.334,152.898
C200801220755A,2008-01-22T07:55:53.900000Z,-15.25,-175.17,14.6,6.02,T,IU_MIDW.00.LHT,28.216,-177.37,17.0,S,2.2,2.65,0.86,868.76,879.05,875.27,3.47e-06,4.14e-06,43.301,357.167,176.899,6.493,-176.22
C200801220755A,2008-01-22T07:55:53.900000Z,-15.25,-175.17,14.6,6.02,T,IU_OTAV.00.LHT,0.238,-78.451,3495.0,SSS,-20.9,1.25,0.84,2110.69,2128.01,2126.27,5.21e-07,1.43e-06,96.643,91.622,254.716,-11.25,-125.661
C200801220755A,2008-01-22T07:55:53.900000Z,-15.25,-175.17,14.6,6.02,T,IU_PET.00.LHT,53.023,158.65,105.0,S,0.35,2.65,0.91,1241.16,1243.01,1244.27,1.19e-06,1.58e-06,71.676,343.703,153.305,19.387,174.817
C200801220755A,2008-01-22T07:55:53.900000Z,-15.25,-175.17,14.6,6.02,T,IU_PET.00.LHT,53.023,158.65,105.0,ScSScSScS,19.3,1.8,0.85,2948.96,2968.01,2960.27,8.79e-07,2.36e-06,71.676,343.703,153.305,19.387,174.817
C200801220755A,2008-01-22T07:55:53.900000Z,-15.25,-175.17,14.6,6.02,T,IU_QSPA.00.LHT,-89.929,144.438,2847.0,SS,6.35,1.35,0.95,1564.22,1580.01,1573.27,2.07e-06,2.49e-06,74.727,180.048,40.405,-52.7,-175.218
C200801220755A,2008-01-22T07:55:53.900000Z,-15.25,-175.17,14.6,6.02,T,IU_SBA.00.LHT,-77.849,166.757,48.0,S,2.7,2.45,0.89,1139.64,1150.0,1148.27,2.53e-06,2.75e-06,63.226,184.21,19.603,-46.837,-178.385
C200801220755A,2008-01-22T07:55:53.900000Z,-15.25,-175.17,14.6,6.02,T,IU_SDV.00.LHT,8.884,-70.634,1588.0,SS,2.85,0.35,0.95,2020.56,2031.04,2033.27,7.46e-07,2.38e-06,106.341,85.091,256.673,-5.214,-122.025
C200801220755A,2008-01-22T07:55:53.900000Z,-15.25,-175.17,14.6,6.02,T,IU_SJG.00.LHT,18.109,-66.15,420.0,SS,0.95,0.8,0.91,2102.65,2120.01,2116.27,1.56e-06,1.6e-06,112.443,76.439,260.637,2.474,-121.259
C200801220755A,2008-01-22T07:55:53.900000Z,-15.25,-175.17,14.6,6.02,T,IU_TEIG.00.LHT,20.226,-88.276,-71.0,SS,-10.9,1.8,0.82,1825.87,1841.05,1839.27,6.72e-07,1.54e-06,92.426,69.81,254.763,3.436,-132.474
C200801221049A,2008-01-22T10:49:26.800000Z,-15.23,-175.31,13.6,6.12,T,IU_CASY.00.LHT,-66.279,110.535,5.0,S,-7.65,1.2,0.95,1219.12,1219.02,1225.21,9.87e-07,3.48e-06,69.759,204.438,81.786,-45.964,164.85
C200801221049A,2008-01-22T10:49:26.800000Z,-15.23,-175.31,13.6,6.12,T,IU_CHTO.00.LHT,18.814,98.944,420.0,SSS,-2.0,2.15,0.94,2022.9,2023.02,2027.21,1.23e-06,2.87e-06,91.001,289.121,105.637,2.452,142.324
C200801221049A,2008-01-22T10:49:26.800000Z,-15.23,-175.31,13.6,6.12,T,IU_COR.00.LHT,44.586,-123.305,110.0,SS,4.8,1.45,0.86,1584.43,1586.04,1590.21,1.8e-06,2.83e-06,76.043,35.456,231.7,16.255,-153.495
C200801221049A,2008-01-22T10:49:26.800000Z,-15.23,-175.31,13.6,6.12,T,IU_DAV.00.LHT,7.07,125.579,149.0,S,-0.25,1.75,0.86,1133.11,1142.02,1137.21,2.35e-06,4.13e-06,62.683,286.393,111.106,-4.694,154.68
C200801221049A,2008-01-22T10:49:26.800000Z,-15.23,-175.31,13.6,6.12,T,IU_GUMO.00.LHT,13.589,144.868,61.0,S,0.6,2.55,0.92,947.38,954.02,954.21,5.84e-06,5.87e-06,48.754,304.007,124.621,-0.874,164.703
C200801221049A,2008-01-22T10:49:26.800000Z,-15.23,-175.31,13.6,6.12,T,IU_KBL.00.LHT,34.541,69.043,1913.0,SS,0.75,2.2,0.91,2196.19,2201.0,2204.21,1.27e-06,2.91e-06,119.57,301.337,88.468,17.695,134.005
C200801221049A,2008-01-22T10:49:26.800000Z,-15.23,-175.31,13.6,6.12,T,IU_KBL.00.LHT,34.541,69.043,1913.0,SSS,-22.8,2.0,0.91,2461.29,2450.0,2470.21,6.83e-07,3.22e-06,119.57,301.337,88.468,17.695,134.005
C200801221049A,2008-01-22T10:49:26.800000Z,-15.23,-175.31,13.6,6.12,T,IU_KBS.00.LHT,78.915,11.938,87.0,SS,0.5,2.65,0.87,2151.61,2153.02,2160.21,7.21e-07,2.3e-06,116.137,358.448,7.789,43.064,-177.107
C200801221049A,2008-01-22T10:49:26.800000Z,-15.23,-175.31,13.6,6.12,T,IU_KIP.00.LHT,21.42,-158.011,77.0,S,3.6,1.6,0.97,823.52,830.59,828.21,4.33e-06,5.52e-06,40.224,25.432,206.424,3.134,-166.816
C200801221049A,2008-01-22T10:49:26.800000Z,-15.23,-175.31,13.6,6.12,T,IU_KONO.00.LHT,59.649,9.598,-124.0,SSS,7.8,2.95,0.9,2694.53,2715.04,2706.21,9.27e-07,2.33e-06,135.412,356.476,6.725,52.567,179.342
C200801221049A,2008-01-22T10:49:26.800000Z,-15.23,-175.31,13.6,6.12,T,IU_LSZ.00.LHT,-15.278,28.188,1200.0,SS,-3.7,1.65,0.85,2468.51,2467.04,2480.21,7.33e-07,2.77e-06,141.783,218.062,141.928,-53.58,106.471
C200801221049A,2008-01-22T10:49:26.800000Z,-15.23,-175.31,13.6,6.12,T,IU_LSZ.00.LHT,-15.278,28.188,1200.0,SSS,-11.05,2.15,0.92,2786.0,2786.04,2801.21,5.41e-07,3.31e-06,141.783,218.062,141.928,-53.58,106.471
C200801221049A,2008-01-22T10:49:26.800000Z,-15.23,-175.31,13.6,6.12,T,IU_LVC.00.LHT,-22.613,-68.911,2930.0,SS,8.15,2.65,0.88,1916.45,1932.02,1930.21,2.06e-06,3.81e-06,98.791,116.416,249.366,-29.854,-123.798
C200801221049A,2008-01-22T10:49:26.800000Z,-15.23,-175.31,13.6,6.12,T,IU_MAJO.00.LHT,36.546,138.204,405.0,S,1.55,1.75,0.96,1194.58,1203.02,1199.21,1.37e-06,2.29e-06,67.691,320.849,130.75,11.594,163.683
C200801221049A,2008-01-22T10:49:26.800000Z,-15.23,-175.31,13.6,6.12,T,IU_NWAO.00.LHT,-32.928,117.239,275.0,SS,-11.3,1.9,0.96,1385.71,1384.01,1398.21,8.14e-07,1.31e-06,63.119,240.497,91.337,-28.254,153.611
C200801221049A,2008-01-22T10:49:26.800000Z,-15.23,-175.31,13.6,6.12,T,IU_OTAV.00.LHT,0.238,-78.451,3495.0,SSS,6.3,1.35,0.88,2113.06,2130.04,2128.21,4.94e-07,1.69e-06,96.779,91.657,254.732,-11.25,-125.731
C200801221049A,2008-01-22T10:49:26.800000Z,-15.23,-175.31,13.6,6.12,T,IU_PAYG.00.LHT,-0.674,-90.286,269.3,SS,8.7,1.45,0.96,1719.73,1742.02,1733.21,1.33e-06,2.6e-06,85.107,89.417,254.822,-10.754,-131.866
C200801221049A,2008-01-22T10:49:26.800000Z,-15.23,-175.31,13.6,6.12,T,IU_QSPA.00.LHT,-89.929,144.438,2847.0,SS,7.9,0.85,0.97,1564.78,1583.01,1570.21,4.57e-06,2.47e-06,74.747,180.048,40.265,-52.69,-175.358
C200801221049A,2008-01-22T10:49:26.800000Z,-15.23,-175.31,13.6,6.12,T,IU_SFJD.00.LHT,66.996,-50.621,330.0,SSS,-19.75,1.65,0.86,2424.12,2421.01,2436.21,8.06e-07,2.72e-06,117.093,21.203,297.044,39.309,-151.883
C200801221049A,2008-01-22T10:49:26.800000Z,-15.23,-175.31,13.6,6.12,T,IU_TSUM.00.LHT,-19.202,17.584,1260.0,SS,-0.9,1.25,1.0,2487.26,2496.02,2499.21,1.11e-06,3e-06,143.404,200.469,159.069,-70.229,106.588
C200801221049A,2008-01-22T10:49:26.800000Z,-15.23,-175.31,13.6,6.12,T,IU_WCI.00.LHT,38.229,-86.294,78.0,SS,2.4,2.05,0.95,1913.33,1918.04,1920.21,7.53e-07,1.68e-06,98.568,52.725,257.521,15.91,-136.534
C200801221049A,2008-01-22T10:49:26.800000Z,-15.23,-175.31,13.6,6.12,T,IU_WVT.00.LHT,36.13,-87.83,170.0,SS,4.85,2.0,0.93,1889.84,1895.01,1897.21,7.67e-07,1.41e-06,96.899,54.508,256.35,14.327,-136.405
C200801221714A,2008-01-22T17:15:01.800000Z,0.87,97.18,23.0,6.2,T,IU_BBSR.00.LHT,32.371,-64.696,-1.3,SS,-7.4,1.4,0.97,2476.46,2477.7,2487.27,3.78e-06,1.24e-05,142.686,334.537,30.563,59.464,44.143
C200801221714A,2008-01-22T17:15:01.800000Z,0.87,97.18,23.0,6.2,T,IU_BBSR.00.LHT,32.371,-64.696,-1.3,SSS,-4.35,1.65,0.88,2796.43,2808.7,2806.27,2.6e-06,1.36e-05,142.686,334.537,30.563,59.464,44.143
C200801221714A,2008-01-22T17:15:01.800000Z,0.87,97.18,23.0,6.2,T,IU_BILL.00.LHT,68.065,166.453,320.0,SS,-3.35,1.85,0.86,1664.42,1670.05,1674.27,1.3e-06,3.92e-06,81.532,20.757,251.068,38.619,114.363
C200801221714A,2008-01-22T17:15:01.800000Z,0.87,97.18,23.0,6.2,T,IU_GNI.00.LHT,40.148,44.741,1509.0,ScS,-0.7,1.0,0.95,1205.16,1211.27,1210.27,5.39e-06,7.83e-06,61.551,316.31,115.535,22.627,74.705
C200801221714A,2008-01-22T17:15:01.800000Z,0.87,97.18,23.0,6.2,T,IU_HKT.00.LHT,29.962,-95.838,-863.0,ScSScS,-6.15,2.15,0.83,2601.38,2608.05,2617.27,3.14e-06,2.93e-06,146.83,20.671,335.98,64.399,148.455
C200801221714A,2008-01-22T17:15:01.800000Z,0.87,97.18,23.0,6.2,T,IU_HKT.00.LHT,29.962,-95.838,-863.0,SSS,2.0,2.95,0.82,2855.04,2872.05,2867.27,2.78e-06,5.25e-06,146.83,20.671,335.98,64.399,148.455
C200801221714A,2008-01-22T17:15:01.800000Z,0.87,97.18,23.0,6.2,T,IU_KIEV.00.LHT,50.701,29.224,140.0,S,-6.05,0.85,0.96,1282.35,1286.04,1288.27,7.18e-06,1.54e-05,75.523,322.561,106.708,30.012,71.773
C200801221714A,2008-01-22T17:15:01.800000Z,0.87,97.18,23.0,6.2,T,IU_KIP.00.LHT,21.42,-158.011,77.0,SS,-6.65,1.9,0.92,1980.03,1994.01,1993.27,1.6e-06,4.03e-06,103.54,67.752,276.451,17.945,146.938
C200801221714A,2008-01-22T17:15:01.800000Z,0.87,97.18,23.0,6.2,T,IU_MAJO.00.LHT,36.546,138.204,405.0,S,-2.25,2.5,0.93,989.84,998.02,1004.27,1.41e-06,1.57e-06,51.98,42.135,236.51,19.887,115.369
C200801221714A,2008-01-22T17:15:01.800000Z,0.87,97.18,23.0,6.2,T,IU_RAO.00.LHT,-29.245,-177.929,59.5,SS,-12.35,2.75,0.89,1730.79,1725.02,1741.27,4.03e-06,1.07e-05,86.023,119.304,273.129,-18.925,136.082
C200801221714A,2008-01-22T17:15:01.800000Z,0.87,97.18,23.0,6.2,T,IU_RAR.00.LHT,-21.212,-159.773,28.0,Sdiff,6.0,1.55,0.96,1537.34,1557.02,1547.27,3.63e-06,5.41e-06,102.567,111.502,265.926,-16.129,146.191
C200801221714A,2008-01-22T17:15:01.800000Z,0.87,97.18,23.0,6.2,T,IU_RSSD.00.LHT,44.121,-104.036,2087.0,SS,-4.25,0.65,0.93,2340.7,2349.61,2350.27,3.49e-06,5.23e-06,131.274,20.131,331.407,59.622,135.332
C200801221714A,2008-01-22T17:15:01.800000Z,0.87,97.18,23.0,6.2,T,IU_SJG.00.LHT,18.109,-66.15,420.0,SS,-5.9,1.65,0.87,2614.37,2624.01,2621.27,6.93e-06,1.28e-05,155.004,320.43,42.062,49.212,25.431
C200801221714A,2008-01-22T17:15:01.800000Z,0.87,97.18,23.0,6.2,T,IU_SJG.00.LHT,18.109,-66.15,420.0,ScSScS,-5.95,2.0,0.83,2667.12,2669.01,2665.27,3.27e-06,7.1e-06,155.004,320.43,42.062,49.212,25.431
C200801221714A,2008-01-22T17:15:01.800000Z,0.87,97.18,23.0,6.2,T,IU_SSPA.00.LHT,40.636,-77.888,170.0,SS,0.05,1.3,0.87,2425.44,2443.04,2436.27,4.01e-06,8.78e-06,138.323,354.409,7.364,69.425,82.226
C200801221714A,2008-01-22T17:15:01.800000Z,0.87,97.18,23.0,6.2,T,IU_SSPA.00.LHT,40.636,-77.888,170.0,SSS,-2.15,1.55,0.86,2734.07,2742.04,2744.27,2.4e-06,8.62e-06,138.323,354.409,7.364,69.425,82.226
C200801221714A,2008-01-22T17:15:01.800000Z,0.87,97.18,23.0,6.2,T,IU_SSPA.00.LHT,40.636,-77.888,170.0,ScSScSScS,-3.75,2.3,0.93,3301.91,3302.04,3305.27,1.44e-06,4.5e-06,138.323,354.409,7.364,69.425,82.226
C200801221714A,2008-01-22T17:15:01.800000Z,0.87,97.18,23.0,6.2,T,IU_TIXI.00.LHT,71.634,128.867,40.0,SS,-6.7,0.45,0.97,1543.22,1549.01,1551.27,2.55e-06,5.6e-06,73.485,9.98,213.25,37.115,104.631
C200801221714A,2008-01-22T17:15:01.800000Z,0.87,97.18,23.0,6.2,T,IU_TSUM.00.LHT,-19.202,17.584,1260.0,SSS,1.25,2.5,0.84,1856.12,1868.03,1865.27,1.37e-06,2.52e-06,80.539,250.44,85.812,-11.882,58.738
C200801221714A,2008-01-22T17:15:01.800000Z,0.87,97.18,23.0,6.2,T,IU_ULN.00.LHT,47.865,107.053,1610.0,S,-3.4,0.15,0.94,928.75,938.04,937.27,8.43e-06,1.14e-05,47.609,8.989,193.441,24.479,101.146
C200801221714A,2008-01-22T17:15:01.800000Z,0.87,97.18,23.0,6.2,T,IU_ULN.00.LHT,47.865,107.053,1610.0,SS,0.05,1.3,0.93,1138.61,1162.04,1156.27,1.06e-05,2.99e-05,47.609,8.989,193.441,24.479,101.146
C200801221714A,2008-01-22T17:15:01.800000Z,0.87,97.18,23.0,6.2,T,IU_WAKE.00.LHT,19.283,166.652,18.0,S,-6.5,1.45,0.92,1224.41,1230.27,1233.27,4.1e-06,6.5e-06,70.425,69.89,263.916,12.218,130.778
C200801221714A,2008-01-22T17:15:01.800000Z,0.87,97.18,23.0,6.2,T,IU_WCI.00.LHT,38.229,-86.294,78.0,SS,-10.15,1.6,0.95,2454.97,2461.04,2466.27,1.86e-06,7.76e-06,140.837,4.287,354.547,70.945,109.589
C200801221714A,2008-01-22T17:15:01.800000Z,0.87,97.18,23.0,6.2,T,IU_WVT.00.LHT,36.13,-87.83,170.0,SSS,-5.7,1.55,0.88,2797.64,2800.01,2808.27,1.06e-06,7.32e-06,142.771,6.634,351.787,71.218,116.979
C200801221714A,2008-01-22T17:15:01.800000Z,0.87,97.18,23.0,6.2,T,IU_YAK.00.LHT,62.031,129.68,96.0,SS,-5.3,1.3,0.87,1424.16,1426.03,1430.27,2.05e-06,2.75e-06,65.743,16.106,216.15,32.429,107.433
C200801230549A,2008-01-23T05:49:36.900000Z,14.54,-93.99,12.0,5.5,T,IU_CTAO.00.LHT,-20.088,146.254,320.0,SSS,-19.0,1.55,0.83,2506.85,2512.05,2512.24,1.34e-07,2.72e-07,122.594,255.279,85.313,-5.55,-152.379
C200801230549A,2008-01-23T05:49:36.900000Z,14.54,-93.99,12.0,5.5,T,IU_KIP.00.LHT,21.42,-158.011,77.0,S,4.8,1.95,0.87,1111.97,1124.01,1114.24,5.08e-07,5.5e-07,60.978,286.672,84.776,20.962,-125.306
C200801230549A,2008-01-23T05:49:36.900000Z,14.54,-93.99,12.0,5.5,T,IU_LVC.00.LHT,-22.613,-68.911,2930.0,S,-0.45,0.75,0.95,885.4,893.02,888.24,6.5e-07,8.15e-07,44.394,145.921,324.028,-4.14,-81.751
C200801230549A,2008-01-23T05:49:36.900000Z,14.54,-93.99,12.0,5.5,T,IU_OTAV.00.LHT,0.238,-78.451,3495.0,ScSScS,-0.35,1.45,0.91,1886.89,1897.01,1898.24,3.42e-07,5.1e-07,20.954,131.414,313.44,7.458,-86.094
C200801230549A,2008-01-23T05:49:36.900000Z,14.54,-93.99,12.0,5.5,T,IU_PET.00.LHT,53.023,158.65,105.0,SS,4.85,2.15,0.92,1770.82,1784.01,1777.24,1.98e-07,4.74e-07,88.569,324.902,67.444,47.204,-130.095
C200801230549A,2008-01-23T05:49:36.900000Z,14.54,-93.99,12.0,5.5,T,IU_TSUM.00.LHT,-19.202,17.584,1260.0,SS,-3.8,1.5,0.8,2134.88,2138.71,2141.24,1.68e-07,4.48e-07,114.828,104.655,277.475,-4.163,-39.241
C200801230549A,2008-01-23T05:49:36.900000Z,14.54,-93.99,12.0,5.5,T,IU_YSS.00.LHT,46.959,142.76,148.0,SS,7.15,0.5,0.97,1939.85,1952.04,1946.24,1.24e-07,4.3e-07,100.433,324.53,55.252,50.127,-137.905
C200801240412A,2008-01-24T04:12:19.100000Z,6.93,-82.35,18.2,5.86,T,IU_ANMO.00.LHT,34.946,-106.457,1671.0,S,0.1,1.7,0.98,753.15,772.02,775.24,4.55e-06,7.93e-07,35.654,324.853,135.858,21.378,-93.242
C200801240412A,2008-01-24T04:12:19.100000Z,6.93,-82.35,18.2,5.86,T,IU_KBS.00.LHT,78.915,11.938,87.0,SS,3.4,1.8,0.92,1702.48,1704.02,1703.24,3.92e-07,1.09e-06,84.02,11.15,275.593,47.989,-71.235
C200801240412A,2008-01-24T04:12:19.100000Z,6.93,-82.35,18.2,5.86,T,IU_KEV.00.LHT,69.756,27.004,85.0,ScSScS,-2.0,2.0,0.89,2186.53,2193.05,2202.24,5.94e-07,2.59e-06,90.067,19.101,290.597,48.629,-61.91
C200801240412A,2008-01-24T04:12:19.100000Z,6.93,-82.35,18.2,5.86,T,IU_KIEV.00.LHT,50.701,29.224,140.0,SS,-6.6,1.2,0.96,1904.16,1902.04,1908.24,4.78e-07,7.83e-07,98.003,36.535,291.375,43.056,-44.522
C200801240412A,2008-01-24T04:12:19.100000Z,6.93,-82.35,18.2,5.86,T,IU_LSZ.00.LHT,-15.278,28.188,1200.0,SS,-12.05,2.3,0.82,2091.5,2088.04,2106.24,3.41e-07,1.12e-06,111.679,103.679,271.421,-7.334,-28.261
C200801240412A,2008-01-24T04:12:19.100000Z,6.93,-82.35,18.2,5.86,T,IU_MBWA.00.LHT,-21.159,119.731,88.0,SS,16.8,2.1,0.81,2609.67,2622.04,2618.24,1.24e-07,1.04e-06,154.455,233.701,120.957,-33.263,-152.127
C200801240412A,2008-01-24T04:12:19.100000Z,6.93,-82.35,18.2,5.86,T,IU_NWAO.00.LHT,-32.928,117.239,275.0,SS,0.55,2.4,0.8,2542.08,2545.01,2555.24,2.95e-07,1.1e-06,148.335,212.114,141.087,-51.063,-136.569
C200801240412A,2008-01-24T04:12:19.100000Z,6.93,-82.35,18.2,5.86,T,IU_SFJD.00.LHT,66.996,-50.621,330.0,S,-5.0,1.9,0.94,1145.18,1140.05,1143.24,3.62e-07,1.34e-06,63.75,13.297,215.636,37.901,-73.518
C200801240412A,2008-01-24T04:12:19.100000Z,6.93,-82.35,18.2,5.86,T,IU_TSUM.00.LHT,-19.202,17.584,1260.0,SS,-11.15,2.4,0.9,1955.77,1957.03,1971.24,1.92e-07,9.71e-07,101.698,108.181,273.26,-9.52,-34.078
C200801242229A,2008-01-24T22:29:59.500000Z,-6.23,146.84,47.8,5.86,T,IU_COR.00.LHT,44.586,-123.305,110.0,sSS,3.3,1.45,0.82,1867.24,1875.04,1876.21,2.03e-07,5.77e-07,94.26,45.683,265.618,25.948,-177.561
C200801242229A,2008-01-24T22:29:59.500000Z,-6.23,146.84,47.8,5.86,T,IU_KIP.00.LHT,21.42,-158.011,77.0,SSS,0.3,1.65,0.95,1507.32,1515.01,1513.21,3.33e-06,6.1e-06,60.706,61.302,249.439,8.565,173.438
C200801242229A,2008-01-24T22:29:59.500000Z,-6.23,146.84,47.8,5.86,T,IU_PET.00.LHT,53.023,158.65,105.0,S,-3.6,1.75,0.88,1089.87,1102.59,1098.21,3.07e-07,1.15e-06,59.896,8.211,193.623,23.553,151.292
C200801242229A,2008-01-24T22:29:59.500000Z,-6.23,146.84,47.8,5.86,T,IU_RAR.00.LHT,-21.212,-159.773,28.0,ScSScS,8.0,1.95,0.82,1980.99,2001.02,1986.21,5.25e-07,7.57e-07,53.747,111.711,277.986,-15.296,172.614
C200801242229A,2008-01-24T22:29:59.500000Z,-6.23,146.84,47.8,5.86,T,IU_TIXI.00.LHT,71.634,128.867,40.0,SS,-13.0,1.4,0.93,1615.6,1606.04,1621.21,3.12e-07,1.17e-06,78.603,354.284,161.743,33.042,142.535
C200801242229A,2008-01-24T22:29:59.500000Z,-6.23,146.84,47.8,5.86,T,IU_YAK.00.LHT,62.031,129.68,96.0,S,-3.85,1.85,0.92,1206.41,1199.02,1208.21,3.67e-07,1.19e-06,69.355,351.463,161.708,28.21,141.351
C200801291457A,2008-01-29T14:57:30.800000Z,-59.0,-24.65,36.7,5.63,T,IU_CASY.00.LHT,-66.279,110.535,5.0,S,7.65,1.85,0.95,967.1,973.02,968.21,2.47e-07,5.62e-07,50.562,158.397,208.112,-78.378,26.363
C200801291457A,2008-01-29T14:57:30.800000Z,-59.0,-24.65,36.7,5.63,T,IU_LSZ.00.LHT,-15.278,28.188,1200.0,S,-6.65,2.1,0.83,1070.84,1085.04,1089.21,1.66e-07,3.78e-07,58.264,64.787,208.955,-39.955,10.328
C200801300732A,2008-01-30T07:32:48.500000Z,-7.17,127.71,19.1,6.11,T,IU_COR.00.LHT,44.586,-123.305,110.0,SS,5.1,2.0,0.9,2049.12,2053.04,2049.2,1.15e-06,2.66e-06,108.538,45.318,278.524,29.732,169.267
C200801300732A,2008-01-30T07:32:48.500000Z,-7.17,127.71,19.1,6.11,T,IU_CTAO.00.LHT,-20.088,146.254,320.0,ScSScS,13.4,1.3,0.82,1886.97,1907.05,1901.2,1.2e-06,2.64e-06,22.115,127.384,302.949,-13.805,136.727
C200801300732A,2008-01-30T07:32:48.500000Z,-7.17,127.71,19.1,6.11,T,IU_DWPF.00.LHT,28.11,-81.433,-132.0,SSS,2.8,2.95,0.88,2837.22,2854.03,2843.2,1.35e-06,2.88e-06,145.499,48.951,302.035,35.975,-169.653
C200801300732A,2008-01-30T07:32:48.500000Z,-7.17,127.71,19.1,6.11,T,IU_GNI.00.LHT,40.148,44.741,1509.0,SS,4.65,1.55,0.88,1779.25,1784.05,1785.2,9.55e-07,3.57e-06,89.279,310.528,99.839,21.499,92.743
C200801300732A,2008-01-30T07:32:48.500000Z,-7.17,127.71,19.1,6.11,T,IU_GNI.00.LHT,40.148,44.741,1509.0,SSS,7.75,1.65,0.9,1994.5,2008.05,1994.2,1.42e-06,2.08e-06,89.279,310.528,99.839,21.499,92.743
C200801300732A,2008-01-30T07:32:48.500000Z,-7.17,127.71,19.1,6.11,T,IU_GRFO.00.LHT,49.691,11.22,384.0,SS,3.15,0.45,0.93,2101.47,2115.02,2111.2,8.89e-07,3.8e-06,112.447,321.172,73.7,35.144,88.227
C200801300732A,2008-01-30T07:32:48.500000Z,-7.17,127.71,19.1,6.11,T,IU_KONO.00.LHT,59.649,9.598,-124.0,SS,2.25,1.2,0.96,2070.29,2077.04,2072.2,7.41e-07,3.3e-06,110.111,331.619,68.602,40.288,97.087
C200801300732A,2008-01-30T07:32:48.500000Z,-7.17,127.71,19.1,6.11,T,IU_MIDW.00.LHT,28.216,-177.37,17.0,SSS,-0.75,0.95,0.91,1570.41,1585.72,1590.2,1.17e-05,7.11e-06,63.636,53.727,245.114,11.838,153.415
C200801300732A,2008-01-30T07:32:48.500000Z,-7.17,127.71,19.1,6.11,T,IU_PAB.00.LHT,39.545,-4.35,950.0,SS,1.1,1.75,0.95,2281.0,2289.05,2288.2,3.19e-07,5.21e-06,126.367,314.756,65.85,34.719,77.417
C200801300732A,2008-01-30T07:32:48.500000Z,-7.17,127.71,19.1,6.11,T,IU_QSPA.00.LHT,-89.929,144.438,2847.0,SS,-9.9,2.6,0.83,1683.46,1676.01,1696.2,2.22e-06,1.37e-06,82.751,179.979,343.269,-48.676,127.731
C200801300732A,2008-01-30T07:32:48.500000Z,-7.17,127.71,19.1,6.11,T,IU_RCBR.00.LHT,-5.827,-35.901,400.0,SS,0.45,2.25,0.92,2660.51,2673.01,2674.2,7.81e-07,2.65e-06,159.224,231.297,128.892,-39.341,45.365
C200801300732A,2008-01-30T07:32:48.500000Z,-7.17,127.71,19.1,6.11,T,IU_RSSD.00.LHT,44.121,-104.036,2087.0,SS,1.0,1.55,0.88,2224.75,2229.91,2226.2,6.39e-07,2.47e-06,121.914,41.589,293.655,36.202,173.556
C200801300732A,2008-01-30T07:32:48.500000Z,-7.17,127.71,19.1,6.11,T,IU_TUC.00.LHT,32.31,-110.785,909.0,SS,3.9,1.85,0.91,2205.42,2212.02,2208.2,7.63e-07,2.92e-06,120.404,56.618,281.655,24.451,-179.657
C200801300732A,2008-01-30T07:32:48.500000Z,-7.17,127.71,19.1,6.11,T,IU_ULN.00.LHT,47.865,107.053,1610.0,S,1.7,1.0,0.91,1068.75,1079.04,1070.2,1.22e-06,3.36e-06,57.786,343.701,155.523,20.685,119.39
C200801310104A,2008-01-31T01:04:33.000000Z,-6.07,129.74,19.6,5.82,T,IU_BBSR.00.LHT,32.371,-64.696,-1.3,SS,-13.8,2.9,0.84,2565.86,2573.02,2577.24,3.46e-07,1.55e-06,150.501,25.034,330.149,57.766,179.605
C200801310104A,2008-01-31T01:04:33.000000Z,-6.07,129.74,19.6,5.82,T,IU_COLA.00.LHT,64.874,-147.862,200.0,SS,-14.5,1.7,0.88,1821.51,1815.01,1834.24,2.44e-07,1.34e-06,92.216,24.993,260.676,35.368,151.607
C200801310104A,2008-01-31T01:04:33.000000Z,-6.07,129.74,19.6,5.82,T,IU_COLA.00.LHT,64.874,-147.862,200.0,SSS,-14.55,1.15,0.91,2040.34,2030.01,2049.24,2.24e-07,7.89e-07,92.216,24.993,260.676,35.368,151.607
C200801310104A,2008-01-31T01:04:33.000000Z,-6.07,129.74,19.6,5.82,T,IU_JOHN.00.LHT,16.733,-169.529,2.5,S,-6.7,0.5,0.95,1150.74,1159.02,1165.24,1.15e-06,1.3e-06,64.229,68.223,254.586,6.181,159.477
C200801310104A,2008-01-31T01:04:33.000000Z,-6.07,129.74,19.6,5.82,T,IU_KEV.00.LHT,69.756,27.004,85.0,SS,1.85,1.9,0.87,1932.24,1943.05,1934.24,4.9e-07,1.34e-06,100.034,339.898,80.006,40.553,109.52
C200801310104A,2008-01-31T01:04:33.000000Z,-6.07,129.74,19.6,5.82,T,IU_KONO.00.LHT,59.649,9.598,-124.0,SS,5.1,0.65,0.95,2069.95,2078.04,2071.24,2.56e-07,1.47e-06,110.096,332.23,66.159,41.534,99.161
C200801310104A,2008-01-31T01:04:33.000000Z,-6.07,129.74,19.6,5.82,T,IU_LVC.00.LHT,-22.613,-68.911,2930.0,SS,-3.05,0.45,0.89,2516.44,2532.02,2532.24,2.82e-07,1.47e-06,146.1,148.393,214.353,-57.339,-162.398
C200801310104A,2008-01-31T01:04:33.000000Z,-6.07,129.74,19.6,5.82,T,IU_RSSD.00.LHT,44.121,-104.036,2087.0,SSS,-7.9,1.4,0.89,2462.47,2466.02,2480.24,3.13e-07,9.88e-07,119.754,41.822,292.747,36.177,175.209
C200801310104A,2008-01-31T01:04:33.000000Z,-6.07,129.74,19.6,5.82,T,IU_SJG.00.LHT,18.109,-66.15,420.0,SSS,1.1,1.8,0.96,3044.51,3060.01,3058.24,6.3e-07,1.62e-06,160.471,50.176,306.555,37.703,-157.553
C200801310104A,2008-01-31T01:04:33.000000Z,-6.07,129.74,19.6,5.82,T,IU_TATO.00.LHT,24.974,121.497,159.7,ScS,5.35,2.75,0.82,1014.75,997.62,999.24,2.57e-06,6.28e-05,31.913,345.74,164.333,9.483,125.808
C200801310104A,2008-01-31T01:04:33.000000Z,-6.07,129.74,19.6,5.82,T,IU_WCI.00.LHT,38.229,-86.294,78.0,SS,-13.4,0.65,0.97,2377.93,2378.03,2391.24,2.9e-07,1.37e-06,134.272,40.041,305.573,41.498,-178.127
C200801310104A,2008-01-31T01:04:33.000000Z,-6.07,129.74,19.6,5.82,T,IU_YAK.00.LHT,62.031,129.68,96.0,SSS,-5.5,1.9,0.87,1653.93,1650.02,1661.24,6.8e-07,5.23e-06,67.913,359.97,179.936,28.055,129.721
C200801310104A,2008-01-31T01:04:33.000000Z,-6.07,129.74,19.6,5.82,T,IU_YSS.00.LHT,46.959,142.76,148.0,ScSScS,12.65,0.6,0.96,1989.32,1993.04,1978.24,1.2e-06,2.15e-06,54.075,10.982,196.085,20.6,135.039
