2863662 |2008/12/30 19:49:56.600 | -4.63  | 100.89  |  23.4|GCMT|GCMT|,C200812301949A|MW,5.9|SOUTHWEST OF SUMATRA, INDONESIA
2863525 |2008/12/29 03:37:43.100 | 36.48  |  70.91  | 154.7|GCMT|GCMT|,C200812290337A|MW,5.8|HINDU KUSH REGION, AFGHANISTAN
2863245 |2008/12/25 22:40:26.500 | 23.22  |  64.36  |  12  |GCMT|GCMT|,C200812252240A|MW,5.8|OFF COAST OF PAKISTAN
2863186 |2008/12/25 08:11:59.800 | 48.78  |-129.06  |  12  |GCMT|GCMT|,C200812250811A|MW,5.8|VANCOUVER ISLAND, CANADA REGION
2863172 |2008/12/25 03:20:30.200 |  5.74  | 125.66  | 198.3|GCMT|GCMT|,C200812250320A|MW,6.3|MINDANAO, PHILIPPINES
2863163 |2008/12/25 00:10:51.000 |-18.31  | 176.73  |  12  |GCMT|GCMT|,C200812250010A|MW,5.5|FIJI ISLANDS REGION
2863103 |2008/12/24 09:11:38.900 |-17.31  |-171.59  |  12  |GCMT|GCMT|,C200812240911A|MW,6.0|TONGA ISLANDS REGION
2862995 |2008/12/23 11:15:25.300 | -6.67  | 154.8   |  45.4|GCMT|GCMT|,C200812231115A|MW,5.9|SOLOMON ISLANDS
2862831 |2008/12/21 09:16:49.000 | 36.63  | 142.41  |  12  |GCMT|GCMT|,C200812210916A|MW,5.9|OFF EAST COAST OF HONSHU, JAPAN
2862779 |2008/12/20 21:05:22.400 |-31.23  | -13.27  |  12  |GCMT|GCMT|,C200812202105A|MW,5.8|SOUTHERN MID-ATLANTIC RIDGE
2862764 |2008/12/20 17:44:47.800 | -2.65  | 139.01  |  31.2|GCMT|GCMT|,C200812201744A|MW,5.5|NEAR NORTH COAST OF IRIAN JAYA
2862752 |2008/12/20 15:43:06.700 |  8.89  | 126.84  |  20.6|GCMT|GCMT|,C200812201543A|MW,5.6|MINDANAO, PHILIPPINES
2862724 |2008/12/20 10:29:29.200 | 36.56  | 142.54  |  12  |GCMT|GCMT|,C200812201029A|MW,6.3|OFF EAST COAST OF HONSHU, JAPAN
2862643 |2008/12/19 09:36:08.800 |-32.56  | -72.1   |  23.1|GCMT|GCMT|,C200812190936A|MW,5.7|OFF COAST OF CENTRAL CHILE
2862639 |2008/12/19 08:31:55.500 | 46.92  | -27.13  |  12  |GCMT|GCMT|,C200812190831A|MW,5.9|NORTHERN MID-ATLANTIC RIDGE
2862585 |2008/12/18 21:50:34.000 |-32.62  | -72.11  |  20.7|GCMT|GCMT|,C200812182150A|MW,5.9|OFF COAST OF CENTRAL CHILE
2862577 |2008/12/18 21:19:33.600 |-32.63  | -72.13  |  22.5|GCMT|GCMT|,C200812182119A|MW,6.1|OFF COAST OF CENTRAL CHILE
2862575 |2008/12/18 20:57:40.700 |-23.84  |-179.65  | 562.4|GCMT|GCMT|,B200812182057A|MW,5.6|SOUTH OF FIJI ISLANDS
2862473 |2008/12/17 10:56:02.600 |-17.77  |-178.3   | 547.8|GCMT|GCMT|,C200812171055A|MW,5.8|FIJI ISLANDS REGION
2862293 |2008/12/14 20:36:32.100 |-60.37  | -18.44  |  12  |GCMT|GCMT|,C200812142036A|MW,5.5|EAST OF SOUTH SANDWICH ISLANDS
2862221 |2008/12/13 22:37:25.100 |-14.26  | 166.59  |  22.2|GCMT|GCMT|,C200812132237A|MW,5.6|VANUATU ISLANDS
2862180 |2008/12/13 08:45:37.100 |-49.12  | 123.86  |  12  |GCMT|GCMT|,C200812130845A|MW,5.9|WESTERN INDIAN-ANTARCTIC RIDGE
2862089 |2008/12/11 21:40:54.000 |  0.0   | 123.64  | 134.9|GCMT|GCMT|,C200812112140A|MW,5.9|MINAHASSA PENINSULA, SULAWESI
2862070 |2008/12/11 17:06:11.000 | -3.94  | 100.42  |  16  |GCMT|GCMT|,C200812111706A|MW,5.7|SOUTHERN SUMATRA, INDONESIA
2862003 |2008/12/10 13:15:39.200 |-12.33  | 166.32  |  67.2|GCMT|GCMT|,C200812101315A|MW,6.0|SANTA CRUZ ISLANDS
2861962 |2008/12/09 22:52:39.300 | 30.33  |  67.51  |  15.9|GCMT|GCMT|,C200812092252A|MW,5.7|PAKISTAN
2861950 |2008/12/09 18:51:15.900 |-20.89  |-178.62  | 607.4|GCMT|GCMT|,B200812091851A|MW,5.7|FIJI ISLANDS REGION
2861937 |2008/12/09 17:29:01.900 |-15.98  | 168.04  | 236.7|GCMT|GCMT|,C200812091728A|MW,6.0|VANUATU ISLANDS
2861928 |2008/12/09 15:31:53.200 | -2.82  | 139.39  |  23  |GCMT|GCMT|,C200812091531A|MW,5.7|NEAR NORTH COAST OF IRIAN JAYA
2861889 |2008/12/09 06:24:07.000 |-31.03  |-176.54  |  18.8|GCMT|GCMT|,C200812090624A|MW,6.7|KERMADEC ISLANDS REGION
2861858 |2008/12/08 18:39:15.800 |-53.09  | 106.76  |  20.8|GCMT|GCMT|,C200812081839A|MW,6.3|SOUTHEAST INDIAN RIDGE
2861806 |2008/12/08 01:51:05.000 | 13.51  | -44.82  |  12  |GCMT|GCMT|,C200812080151A|MW,5.5|NORTHERN MID-ATLANTIC RIDGE
2861738 |2008/12/07 06:23:12.800 | 13.44  | -44.83  |  12  |GCMT|GCMT|,C200812070623A|MW,5.6|NORTHERN MID-ATLANTIC RIDGE
2861677 |2008/12/06 10:55:31.500 | -7.44  | 124.84  | 407  |GCMT|GCMT|,C200812061055A|MW,6.4|BANDA SEA
2861663 |2008/12/06 06:21:51.200 |-27.4   |-176.25  |  21.5|GCMT|GCMT|,C200812060621A|MW,5.6|KERMADEC ISLANDS REGION
2861620 |2008/12/05 20:03:13.700 | 38.53  | 143.27  |  21.3|GCMT|GCMT|,C200812052003A|MW,5.5|OFF EAST COAST OF HONSHU, JAPAN
2861546 |2008/12/04 16:47:15.800 |-21.62  | -68.64  | 128.7|GCMT|GCMT|,C200812041647A|MW,5.5|CHILE-BOLIVIA BORDER REGION
2861500 |2008/12/03 23:16:58.700 | 38.56  | 143.18  |  23.6|GCMT|GCMT|,C200812032316A|MW,5.8|OFF EAST COAST OF HONSHU, JAPAN
2861410 |2008/12/02 12:31:44.900 | 19.17  | 145.99  | 118.7|GCMT|GCMT|,C200812021231A|MW,5.9|MARIANA ISLANDS
2861280 |2008/11/30 00:38:59.000 | 18.12  | 147.21  |  17  |GCMT|GCMT|,C200811300038A|MW,5.6|MARIANA ISLANDS REGION
2861237 |2008/11/29 05:59:19.600 |-18.72  |-177.52  | 396.6|GCMT|GCMT|,C200811290559A|MW,6.0|FIJI ISLANDS REGION
2861200 |2008/11/28 13:42:23.500 | 40.35  |-127.04  |  22.8|GCMT|GCMT|,C200811281342A|MW,5.9|OFF COAST OF NORTHERN CALIFORNIA
2861190 |2008/11/28 08:50:51.600 | -5.09  | 101.55  |  23  |GCMT|GCMT|,C200811280850A|MW,5.9|SOUTHWEST OF SUMATRA, INDONESIA
2861142 |2008/11/27 17:31:32.000 |-17.99  | 167.48  |  13  |GCMT|GCMT|,C200811271731A|MW,5.5|VANUATU ISLANDS
2861003 |2008/11/25 15:04:45.100 |-22.94  |-174.54  |  17.9|GCMT|GCMT|,C200811251504A|MW,5.6|TONGA ISLANDS REGION
2860999 |2008/11/25 12:40:08.900 | 18.12  | 147.23  |  14.5|GCMT|GCMT|,C200811251240A|MW,5.6|MARIANA ISLANDS REGION
2860969 |2008/11/25 01:36:33.300 |-30.07  |-177.38  |  41.9|GCMT|GCMT|,C200811250136A|MW,5.6|KERMADEC ISLANDS, NEW ZEALAND
2860926 |2008/11/24 09:03:09.500 | 54.27  | 154.71  | 502.3|GCMT|GCMT|,C200811240902A|MW,7.3|SEA OF OKHOTSK
2860829 |2008/11/23 08:58:21.800 |-22.51  | 171.24  |  46.8|GCMT|GCMT|,C200811230858A|MW,5.6|SOUTHEAST OF LOYALTY ISLANDS
2860827 |2008/11/23 07:53:48.900 |-20.23  |-175.12  | 184.5|GCMT|GCMT|,C200811230753A|MW,5.5|TONGA ISLANDS
2860804 |2008/11/22 23:06:49.800 |-37.15  | -95.29  |  12  |GCMT|GCMT|,C200811222306A|MW,5.7|SOUTHEAST OF EASTER ISLAND
2860792 |2008/11/22 18:49:50.300 | -0.77  | -13.8   |  17.8|GCMT|GCMT|,C200811221849A|MW,6.3|NORTH OF ASCENSION ISLAND
2860785 |2008/11/22 17:22:37.500 |-22.53  | 171.28  |  42  |GCMT|GCMT|,C200811221722A|MW,5.7|SOUTHEAST OF LOYALTY ISLANDS
2860775 |2008/11/22 16:01:43.100 |-22.52  | 171.11  |  47.1|GCMT|GCMT|,C200811221601A|MW,6.4|SOUTHEAST OF LOYALTY ISLANDS
2860774 |2008/11/22 16:01:06.700 | -4.73  | 101.07  |  20  |GCMT|GCMT|,C200811221600A|MW,6.3|SOUTHERN SUMATRA, INDONESIA
2860740 |2008/11/21 22:35:06.100 |-55.22  |-129.49  |  24.5|GCMT|GCMT|,C200811212235A|MW,5.6|PACIFIC-ANTARCTIC RIDGE
2860707 |2008/11/21 07:05:36.600 | -8.97  | 159.73  | 125.5|GCMT|GCMT|,C200811210705A|MW,6.0|SOLOMON ISLANDS
2860612 |2008/11/19 20:39:01.900 |-22.2   |-179.3   | 604.1|GCMT|GCMT|,C200811192038A|MW,5.8|SOUTH OF FIJI ISLANDS
2860583 |2008/11/19 06:11:25.600 |  8.23  | -82.77  |  42.1|GCMT|GCMT|,C200811190611A|MW,6.3|PANAMA-COSTA RICA BORDER REGION
2860532 |2008/11/18 14:03:16.700 |-18.9   | 169.66  |  12  |GCMT|GCMT|,C200811181403A|MW,5.5|VANUATU ISLANDS
2860438 |2008/11/17 12:55:24.400 | 79.59  |-116.59  |  12  |GCMT|GCMT|,C200811171255A|MW,5.7|ARCTIC OCEAN
2860406 |2008/11/17 06:01:00.700 | -5.65  | 128.8   | 315  |GCMT|GCMT|,B200811170600A|MW,5.6|BANDA SEA
2860364 |2008/11/16 17:02:43.800 |  1.5   | 122.05  |  29.2|GCMT|GCMT|,C200811161702A|MW,7.3|MINAHASSA PENINSULA, SULAWESI
2860348 |2008/11/16 12:20:38.800 | 10.88  |  91.82  |  12  |GCMT|GCMT|,C200811161220A|MW,5.5|ANDAMAN ISLANDS, INDIA REGION
2860302 |2008/11/15 23:03:20.700 | 12.97  | -89.08  |  64.4|GCMT|GCMT|,C200811152303A|MW,5.8|OFF COAST OF CENTRAL AMERICA
2860151 |2008/11/14 02:05:13.100 |-53.78  |   9.09  |  14.1|GCMT|GCMT|,C200811140205A|MW,5.9|SOUTHWEST OF AFRICA
2860103 |2008/11/13 15:10:18.200 |-56.05  | -26.93  |  73.9|GCMT|GCMT|,C200811131510A|MW,5.6|SOUTH SANDWICH ISLANDS REGION
2859832 |2008/11/10 01:22:10.200 | 37.51  |  95.75  |  27.2|GCMT|GCMT|,C200811100122A|MW,6.3|QINGHAI, CHINA
2859702 |2008/11/08 09:15:54.500 |-15.04  |-173.93  | 138  |GCMT|GCMT|,C200811080916A|MW,5.5|TONGA ISLANDS
2859698 |2008/11/08 07:50:04.500 |-15.07  |-173.94  | 131.9|GCMT|GCMT|,C200811080750A|MW,6.0|TONGA ISLANDS
3228326 |2008/11/07 16:04:28.600 | -6.62  | 129.24  |  20.5|GCMT|GCMT|,C200811071604A|MW,6.2|BANDA SEA
2859626 |2008/11/07 09:40:03.200 |-15.02  | 168.2   |  17.6|GCMT|GCMT|,C200811070940A|MW,5.5|VANUATU ISLANDS
2859611 |2008/11/07 07:35:47.600 |-14.81  | 168.21  |  12  |GCMT|GCMT|,C200811070735A|MW,5.7|VANUATU ISLANDS
2859608 |2008/11/07 07:19:41.000 |-14.92  | 168.15  |  12  |GCMT|GCMT|,C200811070719A|MW,6.4|VANUATU ISLANDS
2859536 |2008/11/06 09:11:09.700 |-29.66  |-176.95  |  22  |GCMT|GCMT|,C200811060911A|MW,5.9|KERMADEC ISLANDS REGION
2859433 |2008/11/05 03:41:46.000 |-17.22  |-174.06  | 185.6|GCMT|GCMT|,C200811050341A|MW,5.7|TONGA ISLANDS
2859405 |2008/11/04 18:35:53.200 |-17.03  | 168.31  | 231.6|GCMT|GCMT|,C200811041835A|MW,6.3|VANUATU ISLANDS
2859312 |2008/11/03 19:36:26.600 |-15.98  |-176.25  | 390  |GCMT|GCMT|,B200811031936A|MW,5.6|FIJI ISLANDS REGION
2859309 |2008/11/03 19:22:03.300 |  0.91  |  96.97  |  23.6|GCMT|GCMT|,C200811031922A|MW,5.7|OFF W COAST OF NORTHERN SUMATRA
2859122 |2008/11/02 15:01:00.300 |-29.87  |-176.37  |  12  |GCMT|GCMT|,C200811021500A|MW,5.7|KERMADEC ISLANDS REGION
2859115 |2008/11/02 13:48:44.200 | 51.38  |-174.49  |  20.2|GCMT|GCMT|,C200811021348A|MW,6.1|ANDREANOF ISLANDS, ALEUTIAN IS.
2858999 |2008/11/01 04:09:05.200 | -3.35  | 149.07  |  12  |GCMT|GCMT|,C200811010407B|MW,5.7|BISMARCK SEA
2858982 |2008/11/01 01:34:31.100 | -6.55  | 129.2   |  20.7|GCMT|GCMT|,C200811010134A|MW,5.8|BANDA SEA
2858979 |2008/11/01 01:13:14.900 | -3.31  | 148.89  |  12.4|GCMT|GCMT|,C200811010113A|MW,6.0|BISMARCK SEA
2858846 |2008/10/30 15:15:46.400 | -9.08  |-108.3   |  18.1|GCMT|GCMT|,C200810301515A|MW,6.1|CENTRAL EAST PACIFIC RISE
2858794 |2008/10/30 01:55:16.100 | 46.39  | 153.53  |  17.1|GCMT|GCMT|,C200810300155A|MW,5.5|KURIL ISLANDS
2858699 |2008/10/29 11:32:48.600 | 30.29  |  67.57  |  12  |GCMT|GCMT|,C200810291132A|MW,6.4|PAKISTAN
2858661 |2008/10/29 01:36:02.900 | -8.96  |-108.33  |  19.7|GCMT|GCMT|,C200810290136A|MW,5.7|CENTRAL EAST PACIFIC RISE
2858648 |2008/10/28 23:10:02.000 | 30.4   |  67.48  |  17.2|GCMT|GCMT|,C200810282309A|MW,6.4|PAKISTAN
2858624 |2008/10/28 16:00:07.500 | -3.36  | 145.82  |  12  |GCMT|GCMT|,C200810281600A|MW,6.0|NEAR N COAST OF NEW GUINEA, PNG.
2858508 |2008/10/27 05:43:52.900 |-14.66  | 167.13  | 140.1|GCMT|GCMT|,C200810270543A|MW,5.6|VANUATU ISLANDS
2858447 |2008/10/26 09:08:37.400 | -0.18  | 123.16  |  74.1|GCMT|GCMT|,C200810260908A|MW,5.6|MINAHASSA PENINSULA, SULAWESI
2858419 |2008/10/26 01:28:58.200 | 36.44  |  70.46  | 199.7|GCMT|GCMT|,C200810260128A|MW,5.7|HINDU KUSH REGION, AFGHANISTAN
2858398 |2008/10/25 19:24:54.400 |-17.25  | 167.09  |  21.6|GCMT|GCMT|,C200810251924A|MW,5.7|VANUATU ISLANDS
2858202 |2008/10/23 10:04:41.300 | -2.46  | 145.78  |  12  |GCMT|GCMT|,C200810231004A|MW,6.3|ADMIRALTY ISLANDS REGION, P.N.G.
2858200 |2008/10/23 09:21:17.000 |  5.94  | 125.98  | 126.7|GCMT|GCMT|,C200810230921A|MW,5.7|MINDANAO, PHILIPPINES
2858147 |2008/10/22 12:56:03.200 |-18.4   |-174.98  | 244  |GCMT|GCMT|,C200810221255A|MW,6.4|TONGA ISLANDS
2858081 |2008/10/21 13:00:51.300 | -7.67  | 127.72  | 151.5|GCMT|GCMT|,C200810211300A|MW,5.6|BANDA SEA
2857969 |2008/10/20 04:54:21.400 |  0.21  | 120.67  | 108.4|GCMT|GCMT|,C200810200454A|MW,5.9|MINAHASSA PENINSULA, SULAWESI
2857907 |2008/10/19 12:55:06.400 |-22.01  |-173.4   |  27.6|GCMT|GCMT|,C200810191255A|MW,5.6|TONGA ISLANDS REGION
2857887 |2008/10/19 05:10:40.500 |-21.82  |-173.56  |  43.3|GCMT|GCMT|,C200810190510A|MW,6.9|TONGA ISLANDS
2857804 |2008/10/18 00:54:43.700 | -7.07  | 147.26  |  77.5|GCMT|GCMT|,C200810180054A|MW,5.7|EASTERN NEW GUINEA REG., P.N.G.
2857722 |2008/10/16 19:41:31.300 | 14.28  | -92.9   |  29.9|GCMT|GCMT|,C200810161941A|MW,6.6|NEAR COAST OF CHIAPAS, MEXICO
2857409 |2008/10/12 20:55:44.600 |-20.3   | -65.23  | 361.5|GCMT|GCMT|,C200810122055A|MW,6.2|SOUTHERN BOLIVIA
2857230 |2008/10/11 10:40:17.700 | 19.3   | -64.83  |  29.5|GCMT|GCMT|,C200810111040A|MW,6.1|VIRGIN ISLANDS
2857221 |2008/10/11 09:06:15.900 | 43.4   |  46.19  |  13  |GCMT|GCMT|,C200810110906A|MW,5.8|EASTERN CAUCASUS
2857071 |2008/10/09 23:08:55.400 |-15.15  |-173.38  |  12  |GCMT|GCMT|,C200810092308A|MW,5.6|TONGA ISLANDS
2857052 |2008/10/09 17:50:04.300 |-21.22  |-173.81  |  18.2|GCMT|GCMT|,C200810091750A|MW,5.9|TONGA ISLANDS
2856962 |2008/10/08 14:07:22.400 | 29.76  |  90.57  |  14.7|GCMT|GCMT|,C200810081407A|MW,5.5|XIZANG
2856873 |2008/10/07 10:00:49.900 | 79.77  |-116.02  |  12  |GCMT|GCMT|,C200810071000A|MW,5.7|ARCTIC OCEAN
2856748 |2008/10/06 08:30:52.400 | 29.66  |  90.5   |  12  |GCMT|GCMT|,C200810060830A|MW,6.3|XIZANG
2856695 |2008/10/05 22:56:31.300 | 33.91  |  69.48  |  16.6|GCMT|GCMT|,C200810052256A|MW,5.9|SOUTHEASTERN AFGHANISTAN
2856628 |2008/10/05 15:53:01.100 | 39.5   |  73.64  |  12  |GCMT|GCMT|,C200810051552A|MW,6.7|TAJIKISTAN-XINJIANG BORDER REG.
2856605 |2008/10/05 09:12:46.300 |-30.0   |-176.7   |  14  |GCMT|GCMT|,C200810050912A|MW,6.1|KERMADEC ISLANDS REGION
2856528 |2008/10/04 11:47:06.000 |-38.99  | -91.69  |  12  |GCMT|GCMT|,C200810041147A|MW,5.5|WEST CHILE RISE
2856517 |2008/10/04 07:56:59.200 |-59.74  | -25.42  |  41.9|GCMT|GCMT|,C200810040756A|MW,5.7|SOUTH SANDWICH ISLANDS REGION
2856430 |2008/10/03 05:30:27.900 |  7.75  | -37.24  |  24.4|GCMT|GCMT|,C200810030530A|MW,5.6|CENTRAL MID-ATLANTIC RIDGE
2856428 |2008/10/03 05:26:26.400 |  7.76  | -37.0   |  16.7|GCMT|GCMT|,C200810030526A|MW,5.7|CENTRAL MID-ATLANTIC RIDGE
2856423 |2008/10/03 03:40:31.400 |-22.52  | 171.22  |  12  |GCMT|GCMT|,C200810030340A|MW,5.5|SOUTHEAST OF LOYALTY ISLANDS
2856410 |2008/10/02 23:28:16.000 |-22.98  | 169.78  |  12  |GCMT|GCMT|,C200810022328A|MW,5.8|SOUTHEAST OF LOYALTY ISLANDS
2856302 |2008/10/01 18:04:27.600 | 13.49  | 120.33  |  14.1|GCMT|GCMT|,C200810011804A|MW,5.5|MINDORO, PHILIPPINES
2856279 |2008/10/01 09:38:13.800 | 30.21  | 138.88  | 393.8|GCMT|GCMT|,C200810010938A|MW,5.7|SOUTHEAST OF HONSHU, JAPAN
2856145 |2008/09/29 15:19:42.900 |-29.85  |-177.46  |  51.1|GCMT|GCMT|,C200809291519A|MW,7.0|KERMADEC ISLANDS, NEW ZEALAND
2856092 |2008/09/28 22:20:21.100 | 71.39  |  -4.11  |  12  |GCMT|GCMT|,C200809282220A|MW,5.5|JAN MAYEN ISLAND REGION
3200078 |2008/09/27 03:09:09.600 | 13.56  | 120.46  |  12  |GCMT|GCMT|,C200809270309A|MW,5.9|MINDORO, PHILIPPINES
2855970 |2008/09/27 03:04:56.700 | 13.5   | 120.4   |  16.6|GCMT|GCMT|,C200809270305A|MW,5.7|MINDORO, PHILIPPINES
2855945 |2008/09/26 18:46:21.300 |  2.99  |  65.41  |  12  |GCMT|GCMT|,C200809261846A|MW,5.7|CARLSBERG RIDGE
2855827 |2008/09/25 01:47:17.900 | 30.66  |  83.69  |  21.2|GCMT|GCMT|,C200809250147A|MW,6.0|XIZANG
2855768 |2008/09/24 02:33:10.400 | 17.69  |-105.6   |  16.9|GCMT|GCMT|,C200809240233A|MW,6.4|OFF COAST OF JALISCO, MEXICO
2855670 |2008/09/22 07:32:01.700 | 41.46  | 140.5   | 152.5|GCMT|GCMT|,C200809220731A|MW,5.6|HOKKAIDO, JAPAN REGION
2855523 |2008/09/19 22:49:04.600 |-11.23  | 164.48  |  12  |GCMT|GCMT|,C200809192249A|MW,5.5|SANTA CRUZ ISLANDS REGION
2855420 |2008/09/18 11:58:53.000 | 51.78  | 158.86  |  58.5|GCMT|GCMT|,C200809181158A|MW,5.8|NEAR EAST COAST OF KAMCHATKA
2855398 |2008/09/18 01:41:06.900 | -4.53  |-105.98  |  16  |GCMT|GCMT|,C200809180141A|MW,6.0|CENTRAL EAST PACIFIC RISE
2855281 |2008/09/16 11:15:42.200 | -9.07  | 127.05  |  17.6|GCMT|GCMT|,C200809161115A|MW,5.7|TIMOR SEA
2855269 |2008/09/16 07:28:30.900 |  0.95  | -28.8   |  20.8|GCMT|GCMT|,C200809160728A|MW,5.8|CENTRAL MID-ATLANTIC RIDGE
2855177 |2008/09/14 20:18:53.500 |-23.73  |-176.87  | 189.9|GCMT|GCMT|,C200809142018A|MW,5.5|SOUTH OF FIJI ISLANDS
2855121 |2008/09/14 00:00:12.400 | -9.24  | 127.18  |  23.1|GCMT|GCMT|,C200809140000A|MW,5.6|TIMOR SEA
2855088 |2008/09/13 09:32:06.100 |  4.94  | -75.48  | 139.8|GCMT|GCMT|,C200809130932A|MW,5.7|COLOMBIA
2855057 |2008/09/13 00:04:07.000 | -3.67  | 128.95  | 108.8|GCMT|GCMT|,C200809130004A|MW,5.6|SERAM, INDONESIA
2855055 |2008/09/12 23:07:56.100 | 56.27  | 164.31  |  15  |GCMT|GCMT|,C200809122307A|MW,5.9|KOMANDORSKIYE OSTROVA REGION
2855041 |2008/09/12 16:44:34.900 |-21.73  | 170.24  | 114.8|GCMT|GCMT|,C200809121644A|MW,5.8|SOUTHEAST OF LOYALTY ISLANDS
2854917 |2008/09/11 00:20:56.100 | 41.79  | 144.11  |  20  |GCMT|GCMT|,C200809110020A|MW,6.8|HOKKAIDO, JAPAN REGION
2854916 |2008/09/11 00:00:06.800 |  1.91  | 127.34  | 119.6|GCMT|GCMT|,C200809110000A|MW,6.6|HALMAHERA, INDONESIA
2854891 |2008/09/10 16:12:11.600 |-20.41  | -69.56  |  36.1|GCMT|GCMT|,C200809101612A|MW,5.7|NORTHERN CHILE
2854871 |2008/09/10 13:08:21.600 |  8.18  | -38.54  |  15.3|GCMT|GCMT|,C200809101308A|MW,6.6|CENTRAL MID-ATLANTIC RIDGE
2854859 |2008/09/10 11:00:38.400 | 26.65  |  55.72  |  12  |GCMT|GCMT|,C200809101100A|MW,6.1|SOUTHERN IRAN
2854834 |2008/09/10 03:00:30.400 |  2.13  |  96.03  |  29.8|GCMT|GCMT|,C200809100300A|MW,5.5|NORTHERN SUMATRA, INDONESIA
2854819 |2008/09/09 23:18:29.500 |-11.78  | 166.35  | 107.5|GCMT|GCMT|,C200809092318A|MW,5.6|SANTA CRUZ ISLANDS
2854793 |2008/09/09 12:22:53.000 | -9.42  | 158.36  |  18.5|GCMT|GCMT|,C200809091222A|MW,5.9|SOLOMON ISLANDS
2854784 |2008/09/09 07:43:16.000 | 24.6   | 122.51  | 108.7|GCMT|GCMT|,C200809090743A|MW,5.5|TAIWAN REGION
2854748 |2008/09/08 18:52:14.400 |-13.37  | 166.75  | 125  |GCMT|GCMT|,C200809081852A|MW,6.9|VANUATU ISLANDS
2854700 |2008/09/08 03:03:20.900 |-19.97  | 168.81  |  47.5|GCMT|GCMT|,C200809080303A|MW,6.2|VANUATU ISLANDS
2854576 |2008/09/06 05:47:41.100 | 36.49  |  70.78  | 183  |GCMT|GCMT|,C200809060547A|MW,5.8|HINDU KUSH REGION, AFGHANISTAN
2854547 |2008/09/05 19:07:42.400 | -0.88  | -13.79  |  12  |GCMT|GCMT|,C200809051907A|MW,5.8|NORTH OF ASCENSION ISLAND
2854527 |2008/09/05 12:35:46.200 |-13.24  | 166.83  | 155.3|GCMT|GCMT|,C200809051235A|MW,5.6|VANUATU ISLANDS
2854468 |2008/09/04 16:09:54.600 |-31.71  |-177.19  |  12  |GCMT|GCMT|,C200809041609A|MW,5.8|KERMADEC ISLANDS REGION
2854444 |2008/09/04 09:37:05.500 |-12.17  | 167.04  | 261.4|GCMT|GCMT|,C200809040937A|MW,5.6|SANTA CRUZ ISLANDS
2854370 |2008/09/03 11:25:17.600 |-26.85  | -63.3   | 571.3|GCMT|GCMT|,C200809031125A|MW,6.3|SANTIAGO DEL ESTERO PROV., ARG.
2854213 |2008/09/01 17:19:12.300 |  4.59  | 126.17  | 113.9|GCMT|GCMT|,C200809011719A|MW,5.6|TALAUD ISLANDS, INDONESIA
2854182 |2008/09/01 07:06:21.400 |-15.19  |-176.12  |  12  |GCMT|GCMT|,C200809010706A|MW,5.7|FIJI ISLANDS REGION
2854168 |2008/09/01 04:00:40.800 |-25.51  |-177.25  | 172.3|GCMT|GCMT|,C200809010400A|MW,6.0|SOUTH OF FIJI ISLANDS
2854103 |2008/08/31 08:31:14.200 | 26.16  | 102.01  |  24.6|GCMT|GCMT|,C200808310831A|MW,5.6|SICHUAN, CHINA
2854071 |2008/08/31 01:15:26.600 |-61.18  | -68.37  |  12.5|GCMT|GCMT|,C200808310115A|MW,5.5|DRAKE PASSAGE
2854019 |2008/08/30 08:30:57.500 | 26.19  | 102.04  |  24.1|GCMT|GCMT|,C200808300830A|MW,6.0|SICHUAN, CHINA
2854010 |2008/08/30 06:54:14.200 | -6.33  | 147.49  |  88.2|GCMT|GCMT|,C200808300654A|MW,6.4|EASTERN NEW GUINEA REG., P.N.G.
2853852 |2008/08/28 15:22:30.500 |  0.18  | -17.37  |  21.3|GCMT|GCMT|,C200808281522A|MW,6.3|NORTH OF ASCENSION ISLAND
2853838 |2008/08/28 12:37:35.400 | 49.77  |-130.14  |  12  |GCMT|GCMT|,C200808281237A|MW,5.9|VANCOUVER ISLAND, CANADA REGION
2853737 |2008/08/27 21:52:43.400 | 32.23  |  47.36  |  12.5|GCMT|GCMT|,C200808272152A|MW,5.8|IRAN-IRAQ BORDER REGION
2853664 |2008/08/27 06:46:23.300 |-10.57  |  41.42  |  29.1|GCMT|GCMT|,C200808270646A|MW,5.7|NORTHWEST OF MADAGASCAR
2853640 |2008/08/27 01:35:38.600 | 51.76  | 104.02  |  23.5|GCMT|GCMT|,C200808270135A|MW,6.3|LAKE BAYKAL REGION, RUSSIA
2853615 |2008/08/26 21:00:40.200 | -7.76  | -74.49  | 158.2|GCMT|GCMT|,C200808262100A|MW,6.4|PERU-BRAZIL BORDER REGION
2853554 |2008/08/26 03:07:34.700 | -6.57  | 104.49  |  37.9|GCMT|GCMT|,C200808260307A|MW,5.7|SUNDA STRAIT, INDONESIA
2853471 |2008/08/25 13:22:08.500 | 30.61  |  83.51  |  17.3|GCMT|GCMT|,C200808251322A|MW,6.7|XIZANG
2853436 |2008/08/25 02:43:08.300 | 10.3   | 125.27  |  12  |GCMT|GCMT|,C200808250243A|MW,5.8|LEYTE, PHILIPPINES
2853193 |2008/08/22 07:47:44.200 |-17.71  |  65.42  |  16.1|GCMT|GCMT|,C200808220747A|MW,6.0|MAURITIUS - REUNION REGION
2853122 |2008/08/21 12:24:35.700 | 24.92  |  97.99  |  18.2|GCMT|GCMT|,C200808211224A|MW,6.0|MYANMAR-CHINA BORDER REGION
2852969 |2008/08/19 16:30:20.600 |-14.85  |-173.23  |  12  |GCMT|GCMT|,C200808191630A|MW,6.0|SAMOA ISLANDS REGION
2852960 |2008/08/19 13:37:34.500 |-14.83  |-173.17  |  13.4|GCMT|GCMT|,C200808191337A|MW,5.6|SAMOA ISLANDS REGION
2852950 |2008/08/19 10:58:06.500 |-28.65  |-112.79  |  12.8|GCMT|GCMT|,C200808191058A|MW,5.7|EASTER ISLAND REGION
2852816 |2008/08/17 15:39:12.700 |-52.92  |  -4.1   |  14.9|GCMT|GCMT|,C200808171539A|MW,5.6|SOUTHERN MID-ATLANTIC RIDGE
2852692 |2008/08/16 04:01:11.700 | 52.16  |  98.31  |  28.2|GCMT|GCMT|,C200808160401A|MW,5.7|RUSSIA-MONGOLIA BORDER REGION
2852636 |2008/08/15 10:25:19.000 | 13.07  | 124.37  |  14.9|GCMT|GCMT|,C200808151025A|MW,6.0|LUZON, PHILIPPINES
2852597 |2008/08/14 22:55:52.900 |  7.26  | -82.79  |  21.6|GCMT|GCMT|,C200808142255A|MW,5.5|SOUTH OF PANAMA
2852493 |2008/08/13 18:30:59.300 | 83.48  | 114.73  |  12  |GCMT|GCMT|,C200808131830A|MW,5.7|NORTH OF SEVERNAYA ZEMLYA
2852431 |2008/08/13 01:32:51.000 |-13.52  |-111.31  |  16.4|GCMT|GCMT|,C200808130132A|MW,5.7|CENTRAL EAST PACIFIC RISE
2852373 |2008/08/12 05:26:01.700 |-11.49  | 165.99  |  47.1|GCMT|GCMT|,C200808120526A|MW,5.8|SANTA CRUZ ISLANDS
2852351 |2008/08/11 23:38:44.200 | -0.75  | -21.75  |  24.3|GCMT|GCMT|,C200808112338A|MW,6.0|CENTRAL MID-ATLANTIC RIDGE
2852230 |2008/08/10 12:21:19.100 | 11.12  |  91.84  |  12  |GCMT|GCMT|,C200808101221A|MW,5.7|ANDAMAN ISLANDS, INDIA REGION
2852206 |2008/08/10 08:20:37.400 | 10.96  |  91.83  |  15.8|GCMT|GCMT|,C200808100820A|MW,6.2|ANDAMAN ISLANDS, INDIA REGION
2852164 |2008/08/09 16:36:46.800 |-60.83  | 153.59  |  12  |GCMT|GCMT|,C200808091636A|MW,6.3|WEST OF MACQUARIE ISLAND
2852132 |2008/08/09 06:02:03.800 |-60.54  | 153.38  |  16.2|GCMT|GCMT|,C200808090602A|MW,6.4|WEST OF MACQUARIE ISLAND
2852042 |2008/08/08 06:37:43.400 | -4.29  | 100.75  |  16  |GCMT|GCMT|,C200808080637A|MW,5.8|SOUTHWEST OF SUMATRA, INDONESIA
2852010 |2008/08/07 22:58:37.300 | -9.12  |-109.72  |  19.1|GCMT|GCMT|,C200808072258A|MW,5.6|CENTRAL EAST PACIFIC RISE
2851976 |2008/08/07 18:30:08.900 | 52.22  |-175.63  |  12  |GCMT|GCMT|,C200808071830A|MW,5.8|ANDREANOF ISLANDS, ALEUTIAN IS.
2851875 |2008/08/07 02:18:16.400 | 26.68  |-111.12  |  24.5|GCMT|GCMT|,C200808070218A|MW,5.5|GULF OF CALIFORNIA
2851853 |2008/08/06 22:41:06.500 | -8.14  | 117.73  |  27  |GCMT|GCMT|,C200808062241A|MW,5.9|SUMBAWA REGION, INDONESIA
2851724 |2008/08/05 09:49:20.400 | 32.69  | 105.57  |  12  |GCMT|GCMT|,C200808050949A|MW,6.0|SICHUAN, CHINA
2851679 |2008/08/04 20:45:19.700 | -5.93  | 130.47  | 173.9|GCMT|GCMT|,C200808042045A|MW,6.3|BANDA SEA
2851640 |2008/08/04 04:42:18.300 | 49.77  | 156.7   |  89.9|GCMT|GCMT|,C200808040442A|MW,5.7|KURIL ISLANDS
2851491 |2008/08/02 15:34:27.800 |-16.26  | 178.22  |  17  |GCMT|GCMT|,C200808021534A|MW,5.5|FIJI ISLANDS
2851407 |2008/08/01 10:35:24.800 | 13.56  | 120.77  | 135.5|GCMT|GCMT|,C200808011035A|MW,5.6|MINDORO, PHILIPPINES
2851403 |2008/08/01 08:32:47.800 | 32.04  | 104.72  |  21  |GCMT|GCMT|,C200808010832A|MW,5.7|SICHUAN, CHINA
2806967 |2008/07/30 20:15:16.700 |-60.04  | -27.46  | 145.1|GCMT|GCMT|,C200807302015A|MW,5.5|SOUTH SANDWICH ISLANDS REGION
2806148 |2008/07/29 20:56:28.600 |-54.76  |-118.95  |  14.9|GCMT|GCMT|,C200807292056A|MW,5.7|SOUTHERN EAST PACIFIC RISE
2806086 |2008/07/29 18:42:19.500 | 33.93  |-117.84  |  20  |GCMT|GCMT|,C200807291842A|MW,5.5|SOUTHERN CALIFORNIA
2805376 |2008/07/28 21:40:49.200 |-10.5   | 163.43  |  17.1|GCMT|GCMT|,C200807282140A|MW,6.0|SOLOMON ISLANDS
2805370 |2008/07/28 21:37:36.200 |-10.5   | 163.37  |  18.2|GCMT|GCMT|,C200807282137A|MW,5.9|SOLOMON ISLANDS
2804622 |2008/07/27 21:15:47.700 | -0.01  | -18.16  |  23.1|GCMT|GCMT|,C200807272115A|MW,5.9|CENTRAL MID-ATLANTIC RIDGE
2802416 |2008/07/25 00:29:26.600 | 51.12  | 178.95  |  22.3|GCMT|GCMT|,C200807250029A|MW,5.9|RAT ISLANDS, ALEUTIAN ISLANDS
2801770 |2008/07/24 07:09:31.800 | 32.82  | 105.55  |  13.4|GCMT|GCMT|,C200807240709A|MW,5.6|SICHUAN, CHINA
2801577 |2008/07/24 01:43:22.700 | 50.71  | 158.15  |  42  |GCMT|GCMT|,C200807240143A|MW,6.2|EAST OF KURIL ISLANDS
2801384 |2008/07/23 19:54:47.200 | 32.71  | 105.61  |  12  |GCMT|GCMT|,C200807231954A|MW,5.5|SICHUAN, CHINA
2801205 |2008/07/23 15:26:24.100 | 39.73  | 141.51  |  98.8|GCMT|GCMT|,C200807231526A|MW,6.8|EASTERN HONSHU, JAPAN
2799269 |2008/07/21 11:30:34.100 | 37.16  | 142.3   |  29.6|GCMT|GCMT|,C200807211130A|MW,5.9|OFF EAST COAST OF HONSHU, JAPAN
2798769 |2008/07/20 21:30:31.800 | 27.81  | 139.6   | 485.6|GCMT|GCMT|,C200807202130A|MW,5.8|BONIN ISLANDS, JAPAN REGION
2798758 |2008/07/20 21:13:39.800 | -3.8   | 150.98  |  12  |GCMT|GCMT|,C200807202113A|MW,5.5|NEW IRELAND REGION, P.N.G.
2797346 |2008/07/19 22:39:56.800 |-17.22  |-177.05  | 395.3|GCMT|GCMT|,C200807192239A|MW,6.4|FIJI ISLANDS REGION
2796350 |2008/07/19 11:01:23.700 |-11.18  | 164.45  |  12  |GCMT|GCMT|,C200807191101A|MW,6.2|SANTA CRUZ ISLANDS REGION
2796210 |2008/07/19 09:27:07.600 |-11.12  | 164.47  |  13.5|GCMT|GCMT|,C200807190927A|MW,6.6|SANTA CRUZ ISLANDS REGION
2795742 |2008/07/19 02:39:34.800 | 37.47  | 142.42  |  21.8|GCMT|GCMT|,C200807190239A|MW,6.9|OFF EAST COAST OF HONSHU, JAPAN
2793866 |2008/07/17 22:51:57.000 | 44.09  |-129.56  |  14.1|GCMT|GCMT|,C200807172251A|MW,5.7|OFF COAST OF OREGON
2791107 |2008/07/16 17:09:23.100 |-30.93  |-178.24  | 107.5|GCMT|GCMT|,C200807161709A|MW,5.5|KERMADEC ISLANDS, NEW ZEALAND
2790120 |2008/07/16 08:11:10.600 |-16.67  |-172.72  |  21.8|GCMT|GCMT|,C200807160811A|MW,5.7|SAMOA ISLANDS REGION
2787086 |2008/07/15 05:07:18.700 |-47.56  | -11.93  |  18  |GCMT|GCMT|,C200807150507A|MW,5.7|SOUTHERN MID-ATLANTIC RIDGE
2786778 |2008/07/15 03:26:39.800 | 35.67  |  27.69  |  42.2|GCMT|GCMT|,C200807150326A|MW,6.4|DODECANESE ISLANDS, GREECE
2783697 |2008/07/14 04:44:54.100 |  1.83  |  96.28  |  28.9|GCMT|GCMT|,C200807140444A|MW,5.6|OFF W COAST OF NORTHERN SUMATRA
2781658 |2008/07/13 14:58:36.900 | 21.04  | 121.05  |  14.9|GCMT|GCMT|,C200807131458A|MW,6.2|TAIWAN REGION
2772571 |2008/07/11 21:35:10.200 | 21.06  | 121.04  |  18  |GCMT|GCMT|,C200807112135A|MW,5.5|TAIWAN REGION
2769549 |2008/07/11 09:58:49.500 | -2.95  | 148.08  |  13.8|GCMT|GCMT|,C200807110958A|MW,5.6|ADMIRALTY ISLANDS REGION, P.N.G.
2752325 |2008/07/08 09:13:10.000 |-16.26  | -72.0   | 125.7|GCMT|GCMT|,C200807080913A|MW,6.2|NEAR COAST OF PERU
2752091 |2008/07/08 07:42:13.500 | 27.31  | 128.65  |  51  |GCMT|GCMT|,C200807080742A|MW,6.0|RYUKYU ISLANDS, JAPAN
2746424 |2008/07/07 04:44:59.700 |-16.44  |-173.71  | 127.6|GCMT|GCMT|,C200807070445A|MW,5.5|TONGA ISLANDS
2742267 |2008/07/06 09:08:26.900 | 45.28  | 151.26  |  24.2|GCMT|GCMT|,C200807060908A|MW,5.7|KURIL ISLANDS
2740430 |2008/07/06 01:00:13.900 | 45.29  | 151.39  |  22.4|GCMT|GCMT|,C200807060100A|MW,5.7|KURIL ISLANDS
2725569 |2008/07/03 06:34:56.600 | 10.26  | -60.28  |  13.3|GCMT|GCMT|,C200807030634A|MW,5.7|TRINIDAD
2724685 |2008/07/03 03:02:41.300 |-23.41  |-179.69  | 589.9|GCMT|GCMT|,C200807030302A|MW,6.2|SOUTH OF FIJI ISLANDS
2713146 |2008/07/01 01:54:45.600 |-58.35  | -21.57  |  12  |GCMT|GCMT|,C200807010154A|MW,5.6|EAST OF SOUTH SANDWICH ISLANDS
2797378 |2008/06/30 06:17:51.600 |-58.33  | -21.77  |  26  |GCMT|GCMT|,C200806300617A|MW,7.0|EAST OF SOUTH SANDWICH ISLANDS
2796867 |2008/06/29 20:53:07.200 | 45.12  | 137.37  | 328.3|GCMT|GCMT|,C200806292053A|MW,6.0|PRIMOR'YE, RUSSIA
2796353 |2008/06/29 12:47:31.300 | 35.76  |  88.44  |  18.1|GCMT|GCMT|,C200806291247A|MW,5.5|XIZANG
2796130 |2008/06/29 09:42:24.500 | 14.16  | -93.31  |  12  |GCMT|GCMT|,C200806290942A|MW,5.5|NEAR COAST OF CHIAPAS, MEXICO
2794777 |2008/06/28 12:54:50.300 | 10.9   |  91.8   |  12  |GCMT|GCMT|,C200806281254A|MW,6.1|ANDAMAN ISLANDS, INDIA REGION
2792144 |2008/06/27 13:07:14.700 | 11.09  |  91.95  |  12.1|GCMT|GCMT|,C200806271307A|MW,5.9|ANDAMAN ISLANDS, INDIA REGION
2791899 |2008/06/27 11:40:19.200 | 10.92  |  91.82  |  17.1|GCMT|GCMT|,C200806271140A|MW,6.6|ANDAMAN ISLANDS, INDIA REGION
2790527 |2008/06/26 21:19:18.500 |-21.03  |-172.94  |  57.4|GCMT|GCMT|,C200806262119A|MW,6.1|TONGA ISLANDS REGION
2786905 |2008/06/25 15:41:32.700 | -5.52  | 151.84  |  46.6|GCMT|GCMT|,C200806251541A|MW,5.7|NEW BRITAIN REGION, P.N.G.
2784978 |2008/06/25 02:53:29.800 |  1.12  |  97.0   |  14  |GCMT|GCMT|,C200806250253A|MW,5.7|NORTHERN SUMATRA, INDONESIA
2784829 |2008/06/25 01:52:39.900 |  1.0   |  96.97  |  20  |GCMT|GCMT|,C200806250152A|MW,5.5|OFF W COAST OF NORTHERN SUMATRA
2778136 |2008/06/23 12:32:17.700 | 46.41  | 153.51  |  14  |GCMT|GCMT|,C200806231232A|MW,5.6|KURIL ISLANDS
2775949 |2008/06/22 23:56:39.000 | 67.71  | 141.43  |  21.5|GCMT|GCMT|,C200806222356A|MW,6.1|EASTERN SIBERIA, RUSSIA
2772368 |2008/06/22 07:22:10.800 | -9.03  | 157.86  |  14.4|GCMT|GCMT|,C200806220722A|MW,5.8|SOLOMON ISLANDS
2768268 |2008/06/21 11:36:28.100 | 36.09  |  21.86  |  12  |GCMT|GCMT|,C200806211136A|MW,5.6|SOUTHERN GREECE
2760452 |2008/06/20 03:16:04.000 | -4.81  | 148.99  | 606.7|GCMT|GCMT|,B200806200316A|MW,5.5|BISMARCK SEA
2744979 |2008/06/17 17:42:14.500 |  4.94  | -82.62  |  25.2|GCMT|GCMT|,C200806171742A|MW,5.9|SOUTH OF PANAMA
2728464 |2008/06/15 08:37:23.600 |-36.62  |-107.67  |  22.4|GCMT|GCMT|,C200806150837A|MW,6.0|SOUTHERN EAST PACIFIC RISE
2725850 |2008/06/15 01:13:15.000 |-17.77  |-179.66  | 623.6|GCMT|GCMT|,C200806150113A|MW,5.9|FIJI ISLANDS REGION
2711409 |2008/06/13 23:43:53.200 | 39.03  | 140.85  |  12  |GCMT|GCMT|,C200806132343A|MW,6.9|EASTERN HONSHU, JAPAN
2701770 |2008/06/12 05:30:48.000 |-50.03  |-114.5   |  15  |GCMT|GCMT|,C200806120530A|MW,5.9|SOUTHERN EAST PACIFIC RISE
2696565 |2008/06/11 02:30:07.200 |-33.22  | 179.95  |  12  |GCMT|GCMT|,C200806110230A|MW,5.5|SOUTH OF KERMADEC ISLANDS
2691160 |2008/06/10 05:49:42.900 |-18.23  | 167.71  |  20.5|GCMT|GCMT|,C200806100549A|MW,5.6|VANUATU ISLANDS
2690794 |2008/06/10 04:13:39.700 |-18.19  | 167.79  |  20.9|GCMT|GCMT|,C200806100413A|MW,5.9|VANUATU ISLANDS
2680478 |2008/06/08 12:25:36.900 | 37.93  |  21.63  |  24.7|GCMT|GCMT|,C200806081225A|MW,6.4|SOUTHERN GREECE
2673002 |2008/06/06 20:03:01.000 | 35.93  |  -0.48  |  12  |GCMT|GCMT|,C200806062002A|MW,5.5|NORTHERN ALGERIA
2671964 |2008/06/06 13:42:52.600 | -7.63  | 127.87  | 138.2|GCMT|GCMT|,C200806061342A|MW,6.0|BANDA SEA
2664976 |2008/06/05 05:22:28.100 |-39.02  | -91.72  |  12  |GCMT|GCMT|,C200806050522A|MW,5.8|WEST CHILE RISE
2664392 |2008/06/05 02:16:50.100 |-39.01  | -91.85  |  12  |GCMT|GCMT|,C200806050216A|MW,6.0|WEST CHILE RISE
2662592 |2008/06/04 17:03:08.000 | 41.59  | 139.15  | 204.3|GCMT|GCMT|,C200806041703A|MW,5.7|HOKKAIDO, JAPAN REGION
2658774 |2008/06/03 22:04:33.400 | -8.07  | 120.25  |  18.8|GCMT|GCMT|,C200806032204A|MW,6.0|FLORES REGION, INDONESIA
2658619 |2008/06/03 21:03:53.100 | -8.09  | 120.3   |  18  |GCMT|GCMT|,C200806032103A|MW,5.8|FLORES REGION, INDONESIA
2657935 |2008/06/03 17:31:38.600 | -8.09  | 120.32  |  20.6|GCMT|GCMT|,C200806031731A|MW,5.9|FLORES REGION, INDONESIA
2657736 |2008/06/03 16:20:53.200 |-10.46  | 161.42  |  91  |GCMT|GCMT|,C200806031620A|MW,6.2|SOLOMON ISLANDS
2650663 |2008/06/02 04:19:57.400 |-15.16  |-173.34  |  58  |GCMT|GCMT|,C200806020420A|MW,5.6|TONGA ISLANDS
2648162 |2008/06/01 14:31:10.600 |-59.82  | 149.97  |  12  |GCMT|GCMT|,C200806011431A|MW,6.5|WEST OF MACQUARIE ISLAND
2645942 |2008/06/01 01:57:27.200 | 20.17  | 121.19  |  31  |GCMT|GCMT|,C200806010157A|MW,6.3|PHILIPPINE ISLANDS REGION
2645719 |2008/06/01 00:31:18.600 |-54.91  |   1.59  |  24  |GCMT|GCMT|,C200806010031A|MW,5.5|BOUVET ISLAND REGION
2794106 |2008/05/31 23:16:09.600 |-28.9   |-112.4   |  12  |GCMT|GCMT|,C200805312316A|MW,5.8|EASTER ISLAND REGION
2792377 |2008/05/31 04:38:01.400 |-41.35  |  80.41  |  12  |GCMT|GCMT|,C200805310437A|MW,6.4|MID-INDIAN RIDGE
2790582 |2008/05/30 10:44:16.700 |-54.92  |   1.51  |  17  |GCMT|GCMT|,C200805301044A|MW,5.7|BOUVET ISLAND REGION
2790174 |2008/05/30 07:25:42.800 | 30.6   | 141.82  |  19  |GCMT|GCMT|,C200805300725A|MW,5.8|SOUTHEAST OF HONSHU, JAPAN
2788755 |2008/05/29 15:46:06.200 | 63.92  | -21.17  |  12  |GCMT|GCMT|,C200805291546A|MW,6.3|ICELAND REGION
2781349 |2008/05/27 11:27:59.100 | 13.45  | -91.39  |  29  |GCMT|GCMT|,C200805271128A|MW,5.7|NEAR COAST OF GUATEMALA
2780650 |2008/05/27 08:37:54.300 | 32.74  | 105.66  |  24.1|GCMT|GCMT|,C200805270837A|MW,5.5|SICHUAN, CHINA
2780096 |2008/05/27 05:51:15.700 |-56.68  | 147.37  |  12  |GCMT|GCMT|,C200805270551A|MW,5.8|WEST OF MACQUARIE ISLAND
2777086 |2008/05/26 15:01:38.600 |  8.38  | -82.88  |  12  |GCMT|GCMT|,C200805261501A|MW,5.6|PANAMA-COSTA RICA BORDER REGION
2773209 |2008/05/25 19:18:28.900 | 55.59  |-153.27  |  14.8|GCMT|GCMT|,C200805251918A|MW,5.9|SOUTH OF ALASKA
2770919 |2008/05/25 08:21:52.400 | 32.57  | 105.45  |  27  |GCMT|GCMT|,C200805250821A|MW,6.1|SICHUAN, CHINA
2767974 |2008/05/24 19:20:48.700 |  4.32  | -73.79  |  14.7|GCMT|GCMT|,C200805241920A|MW,5.9|COLOMBIA
2766757 |2008/05/24 13:24:10.600 | -7.39  | 156.02  |  40.8|GCMT|GCMT|,C200805241324A|MW,5.9|SOLOMON ISLANDS
2764915 |2008/05/24 04:58:23.000 | 42.44  | -30.47  |  18.3|GCMT|GCMT|,C200805240458A|MW,5.5|AZORES ISLANDS REGION
2763794 |2008/05/23 22:50:39.400 | -7.18  | 129.64  | 133.2|GCMT|GCMT|,C200805232250A|MW,5.7|BANDA SEA
2763033 |2008/05/23 19:35:40.900 |  7.51  | -35.01  |  12.6|GCMT|GCMT|,C200805231935A|MW,6.5|CENTRAL MID-ATLANTIC RIDGE
2753178 |2008/05/21 22:22:58.800 | -4.71  | 100.91  |  25  |GCMT|GCMT|,C200805212222A|MW,5.5|SOUTHWEST OF SUMATRA, INDONESIA
2746810 |2008/05/20 17:08:04.100 | -3.48  | 101.17  |  50.6|GCMT|GCMT|,C200805201708A|MW,5.6|SOUTHERN SUMATRA, INDONESIA
2746490 |2008/05/20 15:16:07.100 |-44.57  | -78.9   |  12.2|GCMT|GCMT|,C200805201516A|MW,5.6|OFF COAST OF SOUTHERN CHILE
2746122 |2008/05/20 13:53:40.800 | 51.11  | 178.53  |  17.6|GCMT|GCMT|,C200805201353A|MW,6.3|RAT ISLANDS, ALEUTIAN ISLANDS
2741180 |2008/05/19 14:26:48.900 |  1.64  |  99.14  |  16.1|GCMT|GCMT|,C200805191426A|MW,6.0|NORTHERN SUMATRA, INDONESIA
2740220 |2008/05/19 10:08:39.400 | 42.51  | 131.96  | 530.3|GCMT|GCMT|,C200805191008A|MW,5.6|E. RUSSIA-N.E. CHINA BORDER REG.
2738819 |2008/05/19 03:16:17.100 |-47.72  |  32.16  |  15.6|GCMT|GCMT|,C200805190316A|MW,5.9|PRINCE EDWARD ISLANDS REGION
2736049 |2008/05/18 12:17:28.500 | -3.52  | 101.11  |  50.1|GCMT|GCMT|,C200805181217A|MW,5.7|SOUTHERN SUMATRA, INDONESIA
2732259 |2008/05/17 17:08:29.600 | 32.21  | 105.08  |  16.1|GCMT|GCMT|,C200805171708A|MW,5.8|SICHUAN, CHINA
2723303 |2008/05/16 05:25:50.600 | 31.25  | 103.33  |  24  |GCMT|GCMT|,C200805160525A|MW,5.6|SICHUAN, CHINA
2719331 |2008/05/15 14:23:33.300 |-58.14  | -25.19  |  36.8|GCMT|GCMT|,C200805151423A|MW,5.9|SOUTH SANDWICH ISLANDS REGION
2714897 |2008/05/14 21:47:43.900 |-56.7   |-142.29  |  19.2|GCMT|GCMT|,C200805142147A|MW,5.7|PACIFIC-ANTARCTIC RIDGE
2704884 |2008/05/13 07:07:13.200 | 30.9   | 103.42  |  14.3|GCMT|GCMT|,C200805130707A|MW,5.8|SICHUAN, CHINA
2702135 |2008/05/12 20:08:53.200 | 31.37  | 104.11  |  28.4|GCMT|GCMT|,C200805122008A|MW,5.6|SICHUAN, CHINA
2698261 |2008/05/12 11:11:05.200 | 31.31  | 103.62  |  14.9|GCMT|GCMT|,C200805121111A|MW,6.1|SICHUAN, CHINA
2690289 |2008/05/10 19:42:04.600 | 23.89  | 122.52  |  24  |GCMT|GCMT|,C200805101942A|MW,5.6|TAIWAN REGION
2686107 |2008/05/09 21:51:35.900 | 12.36  | 143.28  |  83.3|GCMT|GCMT|,C200805092151A|MW,6.7|SOUTH OF MARIANA ISLANDS
2681574 |2008/05/08 23:21:11.000 | 36.12  | 142.08  |  23.1|GCMT|GCMT|,C200805082321A|MW,5.5|OFF EAST COAST OF HONSHU, JAPAN
2674364 |2008/05/07 16:45:27.100 | 36.18  | 141.61  |  26.3|GCMT|GCMT|,C200805071645A|MW,6.8|NEAR EAST COAST OF HONSHU, JAPAN
2674157 |2008/05/07 16:16:40.300 | 36.11  | 141.98  |  23.2|GCMT|GCMT|,C200805071616A|MW,6.1|NEAR EAST COAST OF HONSHU, JAPAN
2674021 |2008/05/07 16:02:07.300 | 36.12  | 141.89  |  23.9|GCMT|GCMT|,C200805071602A|MW,6.2|NEAR EAST COAST OF HONSHU, JAPAN
2656799 |2008/05/03 19:01:50.500 | -6.96  | 155.08  |  38  |GCMT|GCMT|,C200805031901A|MW,5.7|SOLOMON ISLANDS
2649397 |2008/05/02 01:33:39.600 | 51.96  |-177.54  |  12  |GCMT|GCMT|,C200805020133A|MW,6.6|ANDREANOF ISLANDS, ALEUTIAN IS.
2646356 |2008/05/01 04:57:56.400 |-19.52  | 168.58  |  48.6|GCMT|GCMT|,C200805010457A|MW,5.7|VANUATU ISLANDS
2784464 |2008/04/29 19:10:05.300 | -6.08  | 127.61  | 412.2|GCMT|GCMT|,C200804291910A|MW,5.9|BANDA SEA
2782134 |2008/04/29 05:26:07.800 | 41.47  | 142.25  |  63.9|GCMT|GCMT|,C200804290526A|MW,5.8|HOKKAIDO, JAPAN REGION
2780598 |2008/04/28 20:26:57.200 |-20.23  | 168.81  |  17.1|GCMT|GCMT|,C200804282026A|MW,6.0|LOYALTY ISLANDS
2780237 |2008/04/28 18:33:42.000 |-19.95  | 168.78  |  47.8|GCMT|GCMT|,C200804281833A|MW,6.4|VANUATU ISLANDS
2779564 |2008/04/28 15:58:00.000 |-59.04  | -24.15  |  17.1|GCMT|GCMT|,C200804281557A|MW,6.1|SOUTH SANDWICH ISLANDS REGION
2776433 |2008/04/28 00:06:29.900 | 17.89  |-100.1   |  55.5|GCMT|GCMT|,C200804280006A|MW,5.8|GUERRERO, MEXICO
2774618 |2008/04/27 14:35:34.500 |-35.44  | -16.28  |  16.4|GCMT|GCMT|,C200804271435A|MW,5.6|SOUTHERN MID-ATLANTIC RIDGE
2771493 |2008/04/26 23:34:55.300 |-49.12  | 164.03  |  12  |GCMT|GCMT|,C200804262334A|MW,5.9|AUCKLAND ISLANDS, N.Z. REGION
2757837 |2008/04/24 12:15:05.000 | -1.14  | -23.87  |  15.4|GCMT|GCMT|,C200804241214A|MW,6.5|CENTRAL MID-ATLANTIC RIDGE
2755183 |2008/04/24 01:19:15.900 |-20.22  | 168.58  |  19.2|GCMT|GCMT|,C200804240119A|MW,5.6|LOYALTY ISLANDS
2752521 |2008/04/23 18:28:45.100 | 22.85  | 121.64  |  12  |GCMT|GCMT|,C200804231828A|MW,6.0|TAIWAN REGION
2751315 |2008/04/23 14:05:46.700 | -3.82  | 131.59  |  14.3|GCMT|GCMT|,C200804231405A|MW,5.5|IRIAN JAYA REGION, INDONESIA
2736679 |2008/04/20 13:01:25.900 | -7.69  | 125.85  |  12  |GCMT|GCMT|,C200804201301A|MW,5.6|BANDA SEA
2731038 |2008/04/19 10:21:18.100 | -7.76  | 125.73  |  14.2|GCMT|GCMT|,C200804191021A|MW,5.9|BANDA SEA
2729963 |2008/04/19 05:58:48.400 |-20.36  | 168.72  |  12  |GCMT|GCMT|,C200804190558A|MW,6.2|LOYALTY ISLANDS
2729576 |2008/04/19 03:12:31.700 | -7.82  | 125.72  |  14.5|GCMT|GCMT|,C200804190312A|MW,6.1|BANDA SEA
2728587 |2008/04/18 21:11:00.000 |-27.55  |-175.95  |  12.5|GCMT|GCMT|,C200804182110A|MW,5.8|KERMADEC ISLANDS REGION
2728435 |2008/04/18 20:39:12.500 |-17.26  |-178.98  | 577.8|GCMT|GCMT|,C200804182039A|MW,6.3|FIJI ISLANDS REGION
2722495 |2008/04/17 17:02:56.000 | 15.78  | 144.72  |  12  |GCMT|GCMT|,C200804171702A|MW,5.5|MARIANA ISLANDS REGION
2717820 |2008/04/16 19:19:38.500 | 39.08  | 140.18  | 169.9|GCMT|GCMT|,C200804161919A|MW,5.8|EASTERN HONSHU, JAPAN
2714458 |2008/04/16 08:11:39.600 |  1.0   | 126.15  |  31.9|GCMT|GCMT|,C200804160811A|MW,5.7|NORTHERN MOLUCCA SEA
2713975 |2008/04/16 05:54:24.700 | 51.81  |-179.17  |  12  |GCMT|GCMT|,C200804160554A|MW,6.6|ANDREANOF ISLANDS, ALEUTIAN IS.
2712996 |2008/04/16 00:35:56.100 |-18.45  |-175.58  |  12  |GCMT|GCMT|,C200804160035A|MW,6.3|TONGA ISLANDS
2712678 |2008/04/15 22:59:56.200 | 51.78  |-179.29  |  12  |GCMT|GCMT|,C200804152259A|MW,6.4|ANDREANOF ISLANDS, ALEUTIAN IS.
2711536 |2008/04/15 17:25:01.500 |-18.59  |-175.6   |  12.8|GCMT|GCMT|,C200804151724A|MW,5.7|TONGA ISLANDS
2708715 |2008/04/15 03:03:09.000 | 13.42  | -91.0   |  32.8|GCMT|GCMT|,C200804150303A|MW,6.1|NEAR COAST OF GUATEMALA
2705170 |2008/04/14 09:45:20.700 |-56.04  | -27.75  | 115.2|GCMT|GCMT|,C200804140945A|MW,6.0|SOUTH SANDWICH ISLANDS REGION
2696929 |2008/04/12 12:05:15.000 | 43.42  |-127.92  |  12.3|GCMT|GCMT|,C200804121205A|MW,5.5|OFF COAST OF OREGON
2696343 |2008/04/12 08:50:09.200 |-15.42  |  67.19  |  12  |GCMT|GCMT|,C200804120850A|MW,5.5|MID-INDIAN RIDGE
2694742 |2008/04/12 00:30:21.200 |-55.56  | 158.49  |  22  |GCMT|GCMT|,C200804120030A|MW,7.1|MACQUARIE ISLAND REGION
2693572 |2008/04/11 17:45:10.300 |-20.47  | 168.68  |  21.6|GCMT|GCMT|,C200804111745A|MW,6.0|LOYALTY ISLANDS
2693321 |2008/04/11 16:36:01.200 |-20.28  | 168.81  |  15.1|GCMT|GCMT|,C200804111636A|MW,5.9|LOYALTY ISLANDS
2690692 |2008/04/11 05:02:57.300 | 16.12  | 144.84  |  12  |GCMT|GCMT|,C200804110502A|MW,5.5|MARIANA ISLANDS REGION
2690287 |2008/04/11 03:16:46.200 | 16.11  | 144.83  |  12  |GCMT|GCMT|,C200804110316A|MW,5.5|MARIANA ISLANDS REGION
2687408 |2008/04/10 13:07:25.000 |-25.98  | 178.19  | 622.6|GCMT|GCMT|,B200804101307A|MW,5.5|SOUTH OF FIJI ISLANDS
2685659 |2008/04/10 04:29:38.400 |-20.47  | 168.68  |  26.5|GCMT|GCMT|,C200804100429A|MW,5.5|LOYALTY ISLANDS
3319245 |2008/04/10 01:17:38.800 |-20.07  | 168.45  |  32.3|GCMT|GCMT|,C200804100117A|MW,5.5|LOYALTY ISLANDS
2685000 |2008/04/10 01:10:07.000 |-20.44  | 168.71  |  27.2|GCMT|GCMT|,C200804100110A|MW,5.8|LOYALTY ISLANDS
2682680 |2008/04/09 14:47:52.500 |-20.19  | 168.52  |  33.9|GCMT|GCMT|,C200804091447A|MW,6.3|LOYALTY ISLANDS
2682145 |2008/04/09 12:46:23.800 |-20.12  | 168.8   |  35.2|GCMT|GCMT|,C200804091246A|MW,7.3|LOYALTY ISLANDS
2681710 |2008/04/09 11:23:45.900 |-20.26  | 168.63  |  31.7|GCMT|GCMT|,C200804091123A|MW,6.3|LOYALTY ISLANDS
2681651 |2008/04/09 11:13:26.200 |-20.33  | 168.62  |  21  |GCMT|GCMT|,C200804091113A|MW,6.3|LOYALTY ISLANDS
2675886 |2008/04/08 02:09:20.500 | 12.51  | 143.83  |  12  |GCMT|GCMT|,C200804080209A|MW,5.5|SOUTH OF MARIANA ISLANDS
2675434 |2008/04/07 22:54:46.200 |-20.06  | 168.46  |  20.8|GCMT|GCMT|,C200804072254A|MW,5.8|LOYALTY ISLANDS
2659295 |2008/04/04 04:03:06.800 |-15.27  |-172.56  |  51.6|GCMT|GCMT|,C200804040403A|MW,5.5|SAMOA ISLANDS REGION
2653145 |2008/04/02 19:10:21.300 | -7.19  | 129.21  | 190  |GCMT|GCMT|,C200804021910A|MW,5.7|BANDA SEA
2652284 |2008/04/02 14:36:14.600 | -4.98  |  69.23  |  12  |GCMT|GCMT|,C200804021436A|MW,5.7|CHAGOS ARCHIPELAGO REGION
2651006 |2008/04/02 08:48:52.500 | -4.64  | 102.49  |  65.2|GCMT|GCMT|,C200804020848A|MW,5.7|SOUTHERN SUMATRA, INDONESIA
2778361 |2008/03/30 17:10:12.000 |-26.05  |-177.51  | 177.4|GCMT|GCMT|,C200803301710A|MW,5.5|SOUTH OF FIJI ISLANDS
2774095 |2008/03/29 17:30:57.800 |  2.66  |  95.17  |  20  |GCMT|GCMT|,C200803291730A|MW,6.3|OFF W COAST OF NORTHERN SUMATRA
2773713 |2008/03/29 15:12:04.600 |-41.73  |  42.67  |  21.3|GCMT|GCMT|,C200803291512A|MW,5.5|PRINCE EDWARD ISLANDS REGION
2772254 |2008/03/29 08:09:46.900 | 20.11  | 121.87  |  12  |GCMT|GCMT|,C200803290809A|MW,5.5|PHILIPPINE ISLANDS REGION
2771260 |2008/03/29 03:01:33.700 | 13.4   | 125.74  |  16.5|GCMT|GCMT|,C200803290301A|MW,5.7|PHILIPPINE ISLANDS REGION
2770451 |2008/03/28 22:41:35.800 | 20.1   | 121.85  |  12.7|GCMT|GCMT|,C200803282241A|MW,5.8|PHILIPPINE ISLANDS REGION
2766994 |2008/03/28 06:39:48.500 |-32.6   | 179.57  | 360.3|GCMT|GCMT|,C200803280639B|MW,5.7|SOUTH OF KERMADEC ISLANDS
2765942 |2008/03/28 00:16:24.900 | 34.38  |  25.32  |  59.1|GCMT|GCMT|,C200803280016A|MW,5.5|CRETE, GREECE
2762938 |2008/03/27 09:43:01.000 | 17.35  | -84.8   |  12  |GCMT|GCMT|,C200803270942A|MW,5.6|NORTH OF HONDURAS
2760260 |2008/03/26 20:06:08.500 | 13.45  | 144.99  |  63.3|GCMT|GCMT|,C200803262006A|MW,5.6|MARIANA ISLANDS
2759997 |2008/03/26 18:33:38.900 | 46.36  | 153.27  |  19.6|GCMT|GCMT|,C200803261833A|MW,5.5|KURIL ISLANDS
2757432 |2008/03/26 06:29:56.000 |-56.85  |-141.75  |  23.6|GCMT|GCMT|,C200803260629A|MW,5.5|PACIFIC-ANTARCTIC RIDGE
2750986 |2008/03/24 20:39:10.900 |-20.31  | -69.42  | 129.2|GCMT|GCMT|,C200803242039A|MW,6.2|NORTHERN CHILE
2748231 |2008/03/24 07:02:35.300 |-16.72  | 167.11  |  12  |GCMT|GCMT|,C200803240702A|MW,5.5|VANUATU ISLANDS
2741924 |2008/03/22 21:24:14.100 | 51.98  |-178.5   | 133.5|GCMT|GCMT|,C200803222124A|MW,6.2|ANDREANOF ISLANDS, ALEUTIAN IS.
2732151 |2008/03/20 22:33:12.100 | 35.43  |  81.37  |  12  |GCMT|GCMT|,C200803202233A|MW,7.1|SOUTHERN XINJIANG, CHINA
2730687 |2008/03/20 14:10:46.300 |  6.07  | 127.12  |  64  |GCMT|GCMT|,C200803201410A|MW,6.0|PHILIPPINE ISLANDS REGION
2720732 |2008/03/18 08:22:53.400 |-29.09  |-176.89  |  35.1|GCMT|GCMT|,C200803180822A|MW,6.2|KERMADEC ISLANDS REGION
2718579 |2008/03/17 19:06:21.000 |-54.62  |-135.59  |  18.3|GCMT|GCMT|,C200803171906A|MW,5.6|PACIFIC-ANTARCTIC RIDGE
2708906 |2008/03/15 14:44:38.000 | 42.35  |-127.07  |  12.9|GCMT|GCMT|,C200803151444A|MW,5.7|OFF COAST OF OREGON
2708895 |2008/03/15 14:43:29.900 |  2.47  |  94.51  |  12  |GCMT|GCMT|,C200803151443A|MW,6.0|OFF W COAST OF NORTHERN SUMATRA
2706486 |2008/03/14 22:32:12.500 | 26.88  | 143.0   |  13.1|GCMT|GCMT|,C200803142232A|MW,6.0|BONIN ISLANDS, JAPAN REGION
2701378 |2008/03/13 13:28:50.200 |-45.32  |  35.08  |  22  |GCMT|GCMT|,C200803131328A|MW,6.0|PRINCE EDWARD ISLANDS REGION
2696939 |2008/03/12 11:37:02.800 |-16.59  | 167.17  |  12.2|GCMT|GCMT|,C200803121136A|MW,6.3|VANUATU ISLANDS
2696892 |2008/03/12 11:23:40.900 |-16.59  | 167.22  |  12  |GCMT|GCMT|,C200803121123A|MW,6.4|VANUATU ISLANDS
2693694 |2008/03/11 14:37:13.400 | 51.96  |-169.37  |  17.6|GCMT|GCMT|,C200803111437A|MW,5.6|FOX ISLANDS, ALEUTIAN ISLANDS
2689297 |2008/03/10 09:43:07.900 |-28.42  | -69.74  | 129.2|GCMT|GCMT|,C200803100943A|MW,5.6|CHILE-ARGENTINA BORDER REGION
2673213 |2008/03/06 09:38:45.500 | 51.38  | 157.01  | 123.3|GCMT|GCMT|,C200803060938A|MW,5.5|NEAR EAST COAST OF KAMCHATKA
2671922 |2008/03/06 01:22:02.300 |  2.64  | 128.28  | 131.4|GCMT|GCMT|,C200803060121A|MW,5.9|HALMAHERA, INDONESIA
2665469 |2008/03/04 19:24:32.400 | 52.36  |-173.75  |  13.5|GCMT|GCMT|,C200803041924A|MW,5.5|ANDREANOF ISLANDS, ALEUTIAN IS.
2658326 |2008/03/03 14:11:21.600 | 13.52  | 125.59  |  17.9|GCMT|GCMT|,C200803031411A|MW,6.9|PHILIPPINE ISLANDS REGION
2658263 |2008/03/03 13:49:45.000 | 19.97  | 121.21  |  24.1|GCMT|GCMT|,C200803031349A|MW,6.0|PHILIPPINE ISLANDS REGION
2657242 |2008/03/03 09:31:10.600 | 46.26  | 153.38  |  13.6|GCMT|GCMT|,C200803030931A|MW,6.5|KURIL ISLANDS
2656023 |2008/03/03 02:37:31.900 | -2.42  |  99.68  |  23  |GCMT|GCMT|,C200803030237A|MW,6.2|SOUTHERN SUMATRA, INDONESIA
2652184 |2008/03/02 05:11:45.900 | 51.76  |-179.27  |  12  |GCMT|GCMT|,C200803020511A|MW,5.8|ANDREANOF ISLANDS, ALEUTIAN IS.
2650970 |2008/03/01 23:06:47.300 |-35.19  |-179.07  |  19.2|GCMT|GCMT|,C200803012306A|MW,5.6|EAST OF NORTH ISLAND, N.Z.
2650233 |2008/03/01 19:52:05.500 |-20.51  | -70.76  |  50.8|GCMT|GCMT|,C200803011951A|MW,5.6|NEAR COAST OF NORTHERN CHILE
2769301 |2008/02/29 02:38:34.100 |-35.09  |-108.93  |  18.7|GCMT|GCMT|,C200802290238A|MW,5.7|SOUTHERN EAST PACIFIC RISE
2765159 |2008/02/28 09:12:59.800 | 12.56  | 141.68  |  12  |GCMT|GCMT|,C200802280912A|MW,5.6|SOUTH OF MARIANA ISLANDS
2759446 |2008/02/27 06:54:23.800 | 26.72  | 142.8   |  16.8|GCMT|GCMT|,C200802270654A|MW,6.2|BONIN ISLANDS, JAPAN REGION
2759053 |2008/02/27 04:54:28.700 |-34.47  |-178.56  |  16.7|GCMT|GCMT|,C200802270454A|MW,5.5|SOUTH OF KERMADEC ISLANDS
2756690 |2008/02/26 18:18:32.100 | -4.28  | 100.81  |  19  |GCMT|GCMT|,C200802261818A|MW,5.9|SOUTHWEST OF SUMATRA, INDONESIA
2751382 |2008/02/25 21:02:23.000 | -2.46  |  99.7   |  17  |GCMT|GCMT|,C200802252102A|MW,6.7|SOUTHERN SUMATRA, INDONESIA
2750720 |2008/02/25 18:06:08.500 | -2.58  |  99.73  |  15  |GCMT|GCMT|,C200802251806A|MW,6.6|SOUTHERN SUMATRA, INDONESIA
2748503 |2008/02/25 08:36:42.400 | -2.66  |  99.95  |  14.4|GCMT|GCMT|,C200802250836A|MW,7.2|SOUTHERN SUMATRA, INDONESIA
2745216 |2008/02/24 14:46:26.400 | -2.63  |  99.73  |  15  |GCMT|GCMT|,C200802241446A|MW,6.5|SOUTHERN SUMATRA, INDONESIA
2741166 |2008/02/23 15:57:28.800 |-57.12  | -23.13  |  12  |GCMT|GCMT|,C200802231557A|MW,6.7|SOUTH SANDWICH ISLANDS REGION
2739393 |2008/02/23 07:17:13.000 | -2.72  |  99.72  |  16  |GCMT|GCMT|,C200802230717A|MW,5.6|SOUTHERN SUMATRA, INDONESIA
2732474 |2008/02/21 23:55:39.700 | -2.56  |  99.66  |  22  |GCMT|GCMT|,C200802212355A|MW,5.7|SOUTHERN SUMATRA, INDONESIA
2731936 |2008/02/21 21:41:44.200 | -1.9   | 138.96  |  15.5|GCMT|GCMT|,C200802212141A|MW,5.6|NEAR NORTH COAST OF IRIAN JAYA
2729575 |2008/02/21 14:16:10.000 | 41.16  |-114.85  |  13.5|GCMT|GCMT|,C200802211416A|MW,6.0|NEVADA
2725875 |2008/02/21 02:46:21.900 | 77.02  |  19.28  |  12.8|GCMT|GCMT|,C200802210246A|MW,6.1|SVALBARD REGION
2723134 |2008/02/20 18:27:12.800 | 36.24  |  21.73  |  17.6|GCMT|GCMT|,C200802201827A|MW,6.2|SOUTHERN GREECE
2720471 |2008/02/20 08:08:45.400 |  2.69  |  95.98  |  14.9|GCMT|GCMT|,C200802200808A|MW,7.3|OFF W COAST OF NORTHERN SUMATRA
2704986 |2008/02/16 14:45:15.300 |-21.58  | -68.77  | 135.3|GCMT|GCMT|,C200802161445A|MW,6.1|CHILE-BOLIVIA BORDER REGION
2702433 |2008/02/15 22:01:00.100 |-61.4   | 154.14  |  17.5|GCMT|GCMT|,C200802152200A|MW,5.7|BALLENY ISLANDS REGION
2696994 |2008/02/14 12:09:02.700 | 36.29  |  21.67  |  15  |GCMT|GCMT|,C200802141208A|MW,6.5|SOUTHERN GREECE
2696431 |2008/02/14 10:09:29.000 | 36.24  |  21.79  |  20  |GCMT|GCMT|,C200802141009A|MW,6.8|SOUTHERN GREECE
2694494 |2008/02/13 19:58:50.200 | -8.42  | 128.83  |  21.5|GCMT|GCMT|,C200802131958A|MW,6.2|TIMOR SEA
2689854 |2008/02/12 12:50:20.700 | 16.35  | -94.51  |  87.1|GCMT|GCMT|,C200802121250A|MW,6.5|OAXACA, MEXICO
2688005 |2008/02/12 01:29:43.700 | -3.21  | 100.93  |  51.3|GCMT|GCMT|,C200802120129A|MW,5.5|SOUTHERN SUMATRA, INDONESIA
2682564 |2008/02/10 12:22:08.400 |-61.05  | -25.01  |  12  |GCMT|GCMT|,C200802101222A|MW,6.5|SOUTH SANDWICH ISLANDS REGION
2679831 |2008/02/09 18:34:04.300 | -0.33  | 125.37  |  32.4|GCMT|GCMT|,C200802091833A|MW,6.0|SOUTHERN MOLUCCA SEA
2674351 |2008/02/08 09:38:22.800 | 10.85  | -41.71  |  16.8|GCMT|GCMT|,C200802080938A|MW,6.9|NORTHERN MID-ATLANTIC RIDGE
2672688 |2008/02/07 20:58:19.800 | -7.58  | 117.04  | 320.7|GCMT|GCMT|,C200802072058A|MW,5.7|BALI SEA
2670642 |2008/02/07 09:25:34.300 |-22.65  |-178.96  | 494  |GCMT|GCMT|,B200802070925A|MW,5.6|SOUTH OF FIJI ISLANDS
2670359 |2008/02/07 07:50:57.700 |  1.55  | 122.57  |  30.6|GCMT|GCMT|,C200802070750A|MW,5.8|MINAHASSA PENINSULA, SULAWESI
2662050 |2008/02/05 05:56:52.700 | -3.44  | 118.12  |  18.8|GCMT|GCMT|,C200802050556A|MW,5.8|SULAWESI, INDONESIA
2659942 |2008/02/04 17:01:36.300 |-20.27  | -70.76  |  46.1|GCMT|GCMT|,C200802041701A|MW,6.3|NEAR COAST OF NORTHERN CHILE
2658374 |2008/02/04 07:43:58.900 | 19.0   | -66.87  |  16  |GCMT|GCMT|,C200802040743A|MW,5.5|PUERTO RICO REGION
2655899 |2008/02/03 14:24:41.400 |-56.38  | -26.54  |  98.9|GCMT|GCMT|,C200802031424A|MW,5.6|SOUTH SANDWICH ISLANDS REGION
2654833 |2008/02/03 07:34:15.000 | -2.38  |  28.82  |  12  |GCMT|GCMT|,C200802030734A|MW,5.9|LAKE TANGANYIKA REGION
2647592 |2008/02/01 12:10:10.800 |-21.53  |-179.27  | 629.5|GCMT|GCMT|,C200802011210A|MW,6.0|FIJI ISLANDS REGION
2776176 |2008/01/31 01:04:33.000 | -6.07  | 129.74  |  19.6|GCMT|GCMT|,C200801310104A|MW,5.8|BANDA SEA
2773914 |2008/01/30 12:48:32.700 | -0.27  | 125.35  |  42  |GCMT|GCMT|,C200801301248A|MW,5.5|SOUTHERN MOLUCCA SEA
2772569 |2008/01/30 07:32:48.500 | -7.17  | 127.71  |  19.1|GCMT|GCMT|,C200801300732A|MW,6.1|BANDA SEA
2769850 |2008/01/29 14:57:30.800 |-59.0   | -24.65  |  36.7|GCMT|GCMT|,C200801291457A|MW,5.6|SOUTH SANDWICH ISLANDS REGION
2746801 |2008/01/24 22:29:59.500 | -6.23  | 146.84  |  47.8|GCMT|GCMT|,C200801242229A|MW,5.9|EASTERN NEW GUINEA REG., P.N.G.
2742896 |2008/01/24 04:12:19.100 |  6.93  | -82.35  |  18.2|GCMT|GCMT|,C200801240412A|MW,5.9|SOUTH OF PANAMA
2738001 |2008/01/23 05:49:36.900 | 14.54  | -93.99  |  12  |GCMT|GCMT|,C200801230549A|MW,5.5|NEAR COAST OF CHIAPAS, MEXICO
2735960 |2008/01/22 18:43:37.600 | 32.31  |  85.22  |  12.6|GCMT|GCMT|,C200801221843A|MW,5.5|XIZANG
2735557 |2008/01/22 17:15:01.800 |  0.87  |  97.18  |  23  |GCMT|GCMT|,C200801221714A|MW,6.2|NORTHERN SUMATRA, INDONESIA
2733883 |2008/01/22 10:49:26.800 |-15.23  |-175.31  |  13.6|GCMT|GCMT|,C200801221049A|MW,6.1|TONGA ISLANDS
2733322 |2008/01/22 07:55:53.900 |-15.25  |-175.17  |  14.6|GCMT|GCMT|,C200801220755A|MW,6.0|TONGA ISLANDS
2729537 |2008/01/21 12:24:30.900 |-35.01  |-112.11  |  16.2|GCMT|GCMT|,C200801211224A|MW,5.8|SOUTHERN EAST PACIFIC RISE
2726564 |2008/01/20 20:26:10.900 |  2.68  | 126.86  |  39.8|GCMT|GCMT|,C200801202026A|MW,6.1|NORTHERN MOLUCCA SEA
2726218 |2008/01/20 18:41:53.000 |-44.88  | 167.0   |  14.1|GCMT|GCMT|,C200801201841A|MW,5.5|SOUTH ISLAND, NEW ZEALAND
2724001 |2008/01/20 06:09:00.000 |-35.01  |-112.18  |  14  |GCMT|GCMT|,C200801200609A|MW,5.6|SOUTHERN EAST PACIFIC RISE
2717220 |2008/01/18 19:31:16.000 |-20.91  |-179.0   | 649.2|GCMT|GCMT|,B200801181931A|MW,5.5|FIJI ISLANDS REGION
2707505 |2008/01/16 11:54:51.300 | 32.35  |  85.29  |  12  |GCMT|GCMT|,C200801161154A|MW,5.9|XIZANG
2704829 |2008/01/15 17:52:20.600 |-22.05  |-179.34  | 603.3|GCMT|GCMT|,C200801151752A|MW,6.5|SOUTH OF FIJI ISLANDS
2700090 |2008/01/14 13:38:40.500 | 10.36  |  92.7   |  43.9|GCMT|GCMT|,C200801141338A|MW,5.8|ANDAMAN ISLANDS, INDIA REGION
2695996 |2008/01/13 12:15:39.300 | 17.26  | 120.8   |  20.3|GCMT|GCMT|,C200801131215A|MW,5.7|LUZON, PHILIPPINES
2682053 |2008/01/10 01:37:23.600 | 43.51  |-128.27  |  16.8|GCMT|GCMT|,C200801100137A|MW,6.3|OFF COAST OF OREGON
2680098 |2008/01/09 14:40:04.100 | 51.52  |-131.49  |  12.1|GCMT|GCMT|,C200801091440A|MW,6.0|QUEEN CHARLOTTE ISLANDS REGION
2678452 |2008/01/09 08:26:52.800 | 32.3   |  85.32  |  13.3|GCMT|GCMT|,C200801090826A|MW,6.4|XIZANG
2676266 |2008/01/08 19:23:38.500 | -3.67  | 131.65  |  14.2|GCMT|GCMT|,C200801081923A|MW,5.8|IRIAN JAYA REGION, INDONESIA
2670147 |2008/01/07 08:14:21.500 | 51.03  |-179.34  |  26.1|GCMT|GCMT|,C200801070814A|MW,5.6|ANDREANOF ISLANDS, ALEUTIAN IS.
2670101 |2008/01/07 07:46:29.900 | 12.47  | 125.54  |  20  |GCMT|GCMT|,C200801070746A|MW,5.6|SAMAR, PHILIPPINES
2669413 |2008/01/07 03:12:29.700 | -0.79  | 134.03  |  12  |GCMT|GCMT|,C200801070312A|MW,5.9|IRIAN JAYA REGION, INDONESIA
2665678 |2008/01/06 05:14:23.700 | 36.98  |  22.87  |  92.4|GCMT|GCMT|,C200801060514A|MW,6.2|SOUTHERN GREECE
2663889 |2008/01/05 19:55:36.800 |-62.36  |-155.58  |  13.6|GCMT|GCMT|,C200801051955A|MW,5.7|PACIFIC-ANTARCTIC RIDGE
2662433 |2008/01/05 11:44:51.200 | 50.85  |-130.92  |  12  |GCMT|GCMT|,C200801051144A|MW,6.4|VANCOUVER ISLAND, CANADA REGION
2662194 |2008/01/05 11:01:11.400 | 51.11  |-131.24  |  12  |GCMT|GCMT|,C200801051101A|MW,6.6|QUEEN CHARLOTTE ISLANDS REGION
2662087 |2008/01/05 10:39:16.400 | 50.94  |-131.04  |  12  |GCMT|GCMT|,C200801051039A|MW,5.7|VANCOUVER ISLAND, CANADA REGION
2661527 |2008/01/05 07:29:35.900 |-22.87  | -68.88  | 117.3|GCMT|GCMT|,B200801050729A|MW,5.7|NORTHERN CHILE
2660385 |2008/01/05 01:56:44.400 | 13.99  | -92.04  |  45.9|GCMT|GCMT|,C200801050156A|MW,5.6|OFF COAST OF CHIAPAS, MEXICO
2657220 |2008/01/04 07:29:22.900 | -3.09  | 100.69  |  46.1|GCMT|GCMT|,C200801040729A|MW,6.0|SOUTHERN SUMATRA, INDONESIA
2648271 |2008/01/01 19:13:11.500 | -6.03  | 146.96  |  42.7|GCMT|GCMT|,C200801011913A|MW,5.8|EASTERN NEW GUINEA REG., P.N.G.
2648220 |2008/01/01 18:55:08.900 | -5.95  | 146.94  |  51.2|GCMT|GCMT|,C200801011855A|MW,6.3|EASTERN NEW GUINEA REG., P.N.G.
2646506 |2008/01/01 06:32:32.700 | 40.34  |  72.9   |  19.5|GCMT|GCMT|,C200801010632A|MW,5.6|KYRGYZSTAN
